This is pdfTeX, Version 3.14159265-2.6-1.40.19 (TeX Live 2018) (preloaded format=pdflatex 2019.5.4)  26 FEB 2020 18:56
entering extended mode
 \write18 enabled.
 %&-line parsing enabled.
**lxcr.tex
(./lxcr.tex
LaTeX2e <2018-04-01> patch level 2
Babel <3.18> and hyphenation patterns for 84 language(s) loaded.
(/home/nlevisrael/texl/texlive-install/texmf-dist/tex/latex/base/article.cls
Document Class: article 2014/09/29 v1.4h Standard LaTeX document class
(/home/nlevisrael/texl/texlive-install/texmf-dist/tex/latex/base/size10.clo
File: size10.clo 2014/09/29 v1.4h Standard LaTeX file (size option)
)
\c@part=\count80
\c@section=\count81
\c@subsection=\count82
\c@subsubsection=\count83
\c@paragraph=\count84
\c@subparagraph=\count85
\c@figure=\count86
\c@table=\count87
\abovecaptionskip=\skip41
\belowcaptionskip=\skip42
\bibindent=\dimen102
)
(/home/nlevisrael/texl/texlive-install/texmf-dist/tex/latex/eso-pic/eso-pic.sty
Package: eso-pic 2015/07/21 v2.0g eso-pic (RN)

(/home/nlevisrael/texl/texlive-install/texmf-dist/tex/generic/oberdiek/atbegshi
.sty
Package: atbegshi 2016/06/09 v1.18 At begin shipout hook (HO)

(/home/nlevisrael/texl/texlive-install/texmf-dist/tex/generic/oberdiek/infwarer
r.sty
Package: infwarerr 2016/05/16 v1.4 Providing info/warning/error messages (HO)
)
(/home/nlevisrael/texl/texlive-install/texmf-dist/tex/generic/oberdiek/ltxcmds.
sty
Package: ltxcmds 2016/05/16 v1.23 LaTeX kernel commands for general use (HO)
)
(/home/nlevisrael/texl/texlive-install/texmf-dist/tex/generic/oberdiek/ifpdf.st
y
Package: ifpdf 2017/03/15 v3.2 Provides the ifpdf switch
))
(/home/nlevisrael/texl/texlive-install/texmf-dist/tex/latex/graphics/keyval.sty
Package: keyval 2014/10/28 v1.15 key=value parser (DPC)
\KV@toks@=\toks14
) (/home/nlevisrael/texl/texlive-install/texmf-dist/tex/latex/xcolor/xcolor.sty
Package: xcolor 2016/05/11 v2.12 LaTeX color extensions (UK)

(/home/nlevisrael/texl/texlive-install/texmf-dist/tex/latex/graphics-cfg/color.
cfg
File: color.cfg 2016/01/02 v1.6 sample color configuration
)
Package xcolor Info: Driver file: pdftex.def on input line 225.

(/home/nlevisrael/texl/texlive-install/texmf-dist/tex/latex/graphics-def/pdftex
.def
File: pdftex.def 2018/01/08 v1.0l Graphics/color driver for pdftex
)
Package xcolor Info: Model `cmy' substituted by `cmy0' on input line 1348.
Package xcolor Info: Model `hsb' substituted by `rgb' on input line 1352.
Package xcolor Info: Model `RGB' extended on input line 1364.
Package xcolor Info: Model `HTML' substituted by `rgb' on input line 1366.
Package xcolor Info: Model `Hsb' substituted by `hsb' on input line 1367.
Package xcolor Info: Model `tHsb' substituted by `hsb' on input line 1368.
Package xcolor Info: Model `HSB' substituted by `hsb' on input line 1369.
Package xcolor Info: Model `Gray' substituted by `gray' on input line 1370.
Package xcolor Info: Model `wave' substituted by `hsb' on input line 1371.
))
(/home/nlevisrael/texl/texlive-install/texmf-dist/tex/latex/geometry/geometry.s
ty
Package: geometry 2018/03/24 v5.7 Page Geometry

(/home/nlevisrael/texl/texlive-install/texmf-dist/tex/generic/oberdiek/ifvtex.s
ty
Package: ifvtex 2016/05/16 v1.6 Detect VTeX and its facilities (HO)
Package ifvtex Info: VTeX not detected.
)
(/home/nlevisrael/texl/texlive-install/texmf-dist/tex/generic/ifxetex/ifxetex.s
ty
Package: ifxetex 2010/09/12 v0.6 Provides ifxetex conditional
)
\Gm@cnth=\count88
\Gm@cntv=\count89
\c@Gm@tempcnt=\count90
\Gm@bindingoffset=\dimen103
\Gm@wd@mp=\dimen104
\Gm@odd@mp=\dimen105
\Gm@even@mp=\dimen106
\Gm@layoutwidth=\dimen107
\Gm@layoutheight=\dimen108
\Gm@layouthoffset=\dimen109
\Gm@layoutvoffset=\dimen110
\Gm@dimlist=\toks15
)
(/home/nlevisrael/texl/texlive-install/texmf-dist/tex/latex/graphics/graphicx.s
ty
Package: graphicx 2017/06/01 v1.1a Enhanced LaTeX Graphics (DPC,SPQR)

(/home/nlevisrael/texl/texlive-install/texmf-dist/tex/latex/graphics/graphics.s
ty
Package: graphics 2017/06/25 v1.2c Standard LaTeX Graphics (DPC,SPQR)

(/home/nlevisrael/texl/texlive-install/texmf-dist/tex/latex/graphics/trig.sty
Package: trig 2016/01/03 v1.10 sin cos tan (DPC)
)
(/home/nlevisrael/texl/texlive-install/texmf-dist/tex/latex/graphics-cfg/graphi
cs.cfg
File: graphics.cfg 2016/06/04 v1.11 sample graphics configuration
)
Package graphics Info: Driver file: pdftex.def on input line 99.
)
\Gin@req@height=\dimen111
\Gin@req@width=\dimen112
)
(/home/nlevisrael/texl/texlive-install/texmf-dist/tex/latex/framed/framed.sty
Package: framed 2011/10/22 v 0.96: framed or shaded text with page breaks
\OuterFrameSep=\skip43
\fb@frw=\dimen113
\fb@frh=\dimen114
\FrameRule=\dimen115
\FrameSep=\dimen116
)
(/home/nlevisrael/texl/texlive-install/texmf-dist/tex/latex/float/float.sty
Package: float 2001/11/08 v1.3d Float enhancements (AL)
\c@float@type=\count91
\float@exts=\toks16
\float@box=\box26
\@float@everytoks=\toks17
\@floatcapt=\box27
)
(/home/nlevisrael/texl/texlive-install/texmf-dist/tex/latex/mdframed/mdframed.s
ty
Package: mdframed 2013/07/01 1.9b: mdframed

(/home/nlevisrael/texl/texlive-install/texmf-dist/tex/latex/oberdiek/kvoptions.
sty
Package: kvoptions 2016/05/16 v3.12 Key value format for package options (HO)

(/home/nlevisrael/texl/texlive-install/texmf-dist/tex/generic/oberdiek/kvsetkey
s.sty
Package: kvsetkeys 2016/05/16 v1.17 Key value parser (HO)

(/home/nlevisrael/texl/texlive-install/texmf-dist/tex/generic/oberdiek/etexcmds
.sty
Package: etexcmds 2016/05/16 v1.6 Avoid name clashes with e-TeX commands (HO)

(/home/nlevisrael/texl/texlive-install/texmf-dist/tex/generic/oberdiek/ifluatex
.sty
Package: ifluatex 2016/05/16 v1.4 Provides the ifluatex switch (HO)
Package ifluatex Info: LuaTeX not detected.
)
Package etexcmds Info: Could not find \expanded.
(etexcmds)             That can mean that you are not using pdfTeX 1.50 or
(etexcmds)             that some package has redefined \expanded.
(etexcmds)             In the latter case, load this package earlier.
)))
(/home/nlevisrael/texl/texlive-install/texmf-dist/tex/latex/l3packages/xparse/x
parse.sty
(/home/nlevisrael/texl/texlive-install/texmf-dist/tex/latex/l3kernel/expl3.sty
Package: expl3 2018/03/05 L3 programming layer (loader) 

(/home/nlevisrael/texl/texlive-install/texmf-dist/tex/latex/l3kernel/expl3-code
.tex
Package: expl3 2018/03/05 L3 programming layer (code)
\c_max_int=\count92
\l_tmpa_int=\count93
\l_tmpb_int=\count94
\g_tmpa_int=\count95
\g_tmpb_int=\count96
\g__intarray_font_int=\count97
\g__prg_map_int=\count98
\c_log_iow=\count99
\l_iow_line_count_int=\count100
\l__iow_line_target_int=\count101
\l__iow_one_indent_int=\count102
\l__iow_indent_int=\count103
\c_zero_dim=\dimen117
\c_max_dim=\dimen118
\l_tmpa_dim=\dimen119
\l_tmpb_dim=\dimen120
\g_tmpa_dim=\dimen121
\g_tmpb_dim=\dimen122
\c_zero_skip=\skip44
\c_max_skip=\skip45
\l_tmpa_skip=\skip46
\l_tmpb_skip=\skip47
\g_tmpa_skip=\skip48
\g_tmpb_skip=\skip49
\c_zero_muskip=\muskip10
\c_max_muskip=\muskip11
\l_tmpa_muskip=\muskip12
\l_tmpb_muskip=\muskip13
\g_tmpa_muskip=\muskip14
\g_tmpb_muskip=\muskip15
\l_keys_choice_int=\count104
\c__fp_leading_shift_int=\count105
\c__fp_middle_shift_int=\count106
\c__fp_trailing_shift_int=\count107
\c__fp_big_leading_shift_int=\count108
\c__fp_big_middle_shift_int=\count109
\c__fp_big_trailing_shift_int=\count110
\c__fp_Bigg_leading_shift_int=\count111
\c__fp_Bigg_middle_shift_int=\count112
\c__fp_Bigg_trailing_shift_int=\count113
\c__fp_rand_size_int=\count114
\c__fp_rand_four_int=\count115
\c__fp_rand_eight_int=\count116
\l__sort_length_int=\count117
\l__sort_min_int=\count118
\l__sort_top_int=\count119
\l__sort_max_int=\count120
\l__sort_true_max_int=\count121
\l__sort_block_int=\count122
\l__sort_begin_int=\count123
\l__sort_end_int=\count124
\l__sort_A_int=\count125
\l__sort_B_int=\count126
\l__sort_C_int=\count127
\l__tl_build_start_index_int=\count128
\l__tl_build_index_int=\count129
\l__tl_analysis_normal_int=\count130
\l__tl_analysis_index_int=\count131
\l__tl_analysis_nesting_int=\count132
\l__tl_analysis_type_int=\count133
\l__regex_internal_a_int=\count134
\l__regex_internal_b_int=\count135
\l__regex_internal_c_int=\count136
\l__regex_balance_int=\count137
\l__regex_group_level_int=\count138
\l__regex_mode_int=\count139
\c__regex_cs_in_class_mode_int=\count140
\c__regex_cs_mode_int=\count141
\l__regex_catcodes_int=\count142
\l__regex_default_catcodes_int=\count143
\c__regex_catcode_D_int=\count144
\c__regex_catcode_S_int=\count145
\c__regex_catcode_L_int=\count146
\c__regex_catcode_O_int=\count147
\c__regex_catcode_A_int=\count148
\c__regex_all_catcodes_int=\count149
\l__regex_show_lines_int=\count150
\l__regex_min_state_int=\count151
\l__regex_max_state_int=\count152
\l__regex_left_state_int=\count153
\l__regex_right_state_int=\count154
\l__regex_capturing_group_int=\count155
\l__regex_min_pos_int=\count156
\l__regex_max_pos_int=\count157
\l__regex_curr_pos_int=\count158
\l__regex_start_pos_int=\count159
\l__regex_success_pos_int=\count160
\l__regex_curr_char_int=\count161
\l__regex_curr_catcode_int=\count162
\l__regex_last_char_int=\count163
\l__regex_case_changed_char_int=\count164
\l__regex_curr_state_int=\count165
\l__regex_step_int=\count166
\l__regex_min_active_int=\count167
\l__regex_max_active_int=\count168
\l__regex_replacement_csnames_int=\count169
\l__regex_match_count_int=\count170
\l__regex_min_submatch_int=\count171
\l__regex_submatch_int=\count172
\l__regex_zeroth_submatch_int=\count173
\g__regex_trace_regex_int=\count174
\c_empty_box=\box28
\l_tmpa_box=\box29
\l_tmpb_box=\box30
\g_tmpa_box=\box31
\g_tmpb_box=\box32
\l__box_top_dim=\dimen123
\l__box_bottom_dim=\dimen124
\l__box_left_dim=\dimen125
\l__box_right_dim=\dimen126
\l__box_top_new_dim=\dimen127
\l__box_bottom_new_dim=\dimen128
\l__box_left_new_dim=\dimen129
\l__box_right_new_dim=\dimen130
\l__box_internal_box=\box33
\l__coffin_internal_box=\box34
\l__coffin_internal_dim=\dimen131
\l__coffin_offset_x_dim=\dimen132
\l__coffin_offset_y_dim=\dimen133
\l__coffin_x_dim=\dimen134
\l__coffin_y_dim=\dimen135
\l__coffin_x_prime_dim=\dimen136
\l__coffin_y_prime_dim=\dimen137
\c_empty_coffin=\box35
\l__coffin_aligned_coffin=\box36
\l__coffin_aligned_internal_coffin=\box37
\l_tmpa_coffin=\box38
\l_tmpb_coffin=\box39
\l__coffin_display_coffin=\box40
\l__coffin_display_coord_coffin=\box41
\l__coffin_display_pole_coffin=\box42
\l__coffin_display_offset_dim=\dimen138
\l__coffin_display_x_dim=\dimen139
\l__coffin_display_y_dim=\dimen140
\l__coffin_bounding_shift_dim=\dimen141
\l__coffin_left_corner_dim=\dimen142
\l__coffin_right_corner_dim=\dimen143
\l__coffin_bottom_corner_dim=\dimen144
\l__coffin_top_corner_dim=\dimen145
\l__coffin_scaled_total_height_dim=\dimen146
\l__coffin_scaled_width_dim=\dimen147
)
(/home/nlevisrael/texl/texlive-install/texmf-dist/tex/latex/l3kernel/l3pdfmode.
def
File: l3pdfmode.def 2017/03/18 v L3 Experimental driver: PDF mode
\l__driver_color_stack_int=\count175
))
Package: xparse 2018/02/21 L3 Experimental document command parser
\l__xparse_current_arg_int=\count176
\g__xparse_grabber_int=\count177
\l__xparse_m_args_int=\count178
\l__xparse_mandatory_args_int=\count179
\l__xparse_v_nesting_int=\count180
)
(/home/nlevisrael/texl/texlive-install/texmf-dist/tex/latex/etoolbox/etoolbox.s
ty
Package: etoolbox 2018/02/11 v2.5e e-TeX tools for LaTeX (JAW)
\etb@tempcnta=\count181
)
(/home/nlevisrael/texl/texlive-install/texmf-dist/tex/latex/oberdiek/zref-abspa
ge.sty
Package: zref-abspage 2016/05/21 v2.26 Module abspage for zref (HO)

(/home/nlevisrael/texl/texlive-install/texmf-dist/tex/latex/oberdiek/zref-base.
sty
Package: zref-base 2016/05/21 v2.26 Module base for zref (HO)

(/home/nlevisrael/texl/texlive-install/texmf-dist/tex/generic/oberdiek/kvdefine
keys.sty
Package: kvdefinekeys 2016/05/16 v1.4 Define keys (HO)
)
(/home/nlevisrael/texl/texlive-install/texmf-dist/tex/generic/oberdiek/pdftexcm
ds.sty
Package: pdftexcmds 2018/01/30 v0.27 Utility functions of pdfTeX for LuaTeX (HO
)
Package pdftexcmds Info: LuaTeX not detected.
Package pdftexcmds Info: \pdf@primitive is available.
Package pdftexcmds Info: \pdf@ifprimitive is available.
Package pdftexcmds Info: \pdfdraftmode found.
)
(/home/nlevisrael/texl/texlive-install/texmf-dist/tex/latex/oberdiek/auxhook.st
y
Package: auxhook 2016/05/16 v1.4 Hooks for auxiliary files (HO)
)
Package zref Info: New property list: main on input line 759.
Package zref Info: New property: default on input line 760.
Package zref Info: New property: page on input line 761.
)
\c@abspage=\count182
Package zref Info: New property: abspage on input line 62.
)
(/home/nlevisrael/texl/texlive-install/texmf-dist/tex/latex/needspace/needspace
.sty
Package: needspace 2010/09/12 v1.3d reserve vertical space
)
\mdf@templength=\skip50
\c@mdf@globalstyle@cnt=\count183
\mdf@skipabove@length=\skip51
\mdf@skipbelow@length=\skip52
\mdf@leftmargin@length=\skip53
\mdf@rightmargin@length=\skip54
\mdf@innerleftmargin@length=\skip55
\mdf@innerrightmargin@length=\skip56
\mdf@innertopmargin@length=\skip57
\mdf@innerbottommargin@length=\skip58
\mdf@splittopskip@length=\skip59
\mdf@splitbottomskip@length=\skip60
\mdf@outermargin@length=\skip61
\mdf@innermargin@length=\skip62
\mdf@linewidth@length=\skip63
\mdf@innerlinewidth@length=\skip64
\mdf@middlelinewidth@length=\skip65
\mdf@outerlinewidth@length=\skip66
\mdf@roundcorner@length=\skip67
\mdf@footenotedistance@length=\skip68
\mdf@userdefinedwidth@length=\skip69
\mdf@needspace@length=\skip70
\mdf@frametitleaboveskip@length=\skip71
\mdf@frametitlebelowskip@length=\skip72
\mdf@frametitlerulewidth@length=\skip73
\mdf@frametitleleftmargin@length=\skip74
\mdf@frametitlerightmargin@length=\skip75
\mdf@shadowsize@length=\skip76
\mdf@extratopheight@length=\skip77
\mdf@subtitleabovelinewidth@length=\skip78
\mdf@subtitlebelowlinewidth@length=\skip79
\mdf@subtitleaboveskip@length=\skip80
\mdf@subtitlebelowskip@length=\skip81
\mdf@subtitleinneraboveskip@length=\skip82
\mdf@subtitleinnerbelowskip@length=\skip83
\mdf@subsubtitleabovelinewidth@length=\skip84
\mdf@subsubtitlebelowlinewidth@length=\skip85
\mdf@subsubtitleaboveskip@length=\skip86
\mdf@subsubtitlebelowskip@length=\skip87
\mdf@subsubtitleinneraboveskip@length=\skip88
\mdf@subsubtitleinnerbelowskip@length=\skip89

(/home/nlevisrael/texl/texlive-install/texmf-dist/tex/latex/mdframed/md-frame-0
.mdf
File: md-frame-0.mdf 2013/07/01\ 1.9b: md-frame-0
)
\mdf@frametitlebox=\box43
\mdf@footnotebox=\box44
\mdf@splitbox@one=\box45
\mdf@splitbox@two=\box46
\mdf@splitbox@save=\box47
\mdfsplitboxwidth=\skip90
\mdfsplitboxtotalwidth=\skip91
\mdfsplitboxheight=\skip92
\mdfsplitboxdepth=\skip93
\mdfsplitboxtotalheight=\skip94
\mdfframetitleboxwidth=\skip95
\mdfframetitleboxtotalwidth=\skip96
\mdfframetitleboxheight=\skip97
\mdfframetitleboxdepth=\skip98
\mdfframetitleboxtotalheight=\skip99
\mdffootnoteboxwidth=\skip100
\mdffootnoteboxtotalwidth=\skip101
\mdffootnoteboxheight=\skip102
\mdffootnoteboxdepth=\skip103
\mdffootnoteboxtotalheight=\skip104
\mdftotallinewidth=\skip105
\mdfboundingboxwidth=\skip106
\mdfboundingboxtotalwidth=\skip107
\mdfboundingboxheight=\skip108
\mdfboundingboxdepth=\skip109
\mdfboundingboxtotalheight=\skip110
\mdf@freevspace@length=\skip111
\mdf@horizontalwidthofbox@length=\skip112
\mdf@verticalmarginwhole@length=\skip113
\mdf@horizontalspaceofbox=\skip114
\mdfsubtitleheight=\skip115
\mdfsubsubtitleheight=\skip116
\c@mdfcountframes=\count184

****** mdframed patching \endmdf@trivlist

****** -- success******

.................................................
. LaTeX info: "xparse/define-command"
. 
. Defining command \newmdtheoremenv with sig. 'O{} m o m o ' on line 601.
.................................................
.................................................
. LaTeX info: "xparse/define-command"
. 
. Defining command \mdtheorem with sig. ' O{} m o m o ' on line 701.
.................................................
\mdf@envdepth=\count185
\c@mdf@env@i=\count186
\c@mdf@env@ii=\count187
\c@mdf@zref@counter=\count188
Package zref Info: New property: mdf@pagevalue on input line 895.
)
(/home/nlevisrael/texl/texlive-install/texmf-dist/tex/latex/setspace/setspace.s
ty
Package: setspace 2011/12/19 v6.7a set line spacing
)
(/home/nlevisrael/texl/texlive-install/texmf-dist/tex/latex/breakurl/breakurl.s
ty
Package: breakurl 2013/04/10 v1.40 Breakable hyperref URLs

(/home/nlevisrael/texl/texlive-install/texmf-dist/tex/latex/xkeyval/xkeyval.sty
Package: xkeyval 2014/12/03 v2.7a package option processing (HA)

(/home/nlevisrael/texl/texlive-install/texmf-dist/tex/generic/xkeyval/xkeyval.t
ex
(/home/nlevisrael/texl/texlive-install/texmf-dist/tex/generic/xkeyval/xkvutils.
tex
\XKV@toks=\toks18
\XKV@tempa@toks=\toks19
)
\XKV@depth=\count189
File: xkeyval.tex 2014/12/03 v2.7a key=value parser (HA)
))

Package breakurl Warning: You are using breakurl while processing via pdflatex.

(breakurl)                \burl will be just a synonym of \url.
(breakurl)                 on input line 48.

) (/home/nlevisrael/texl/texlive-install/texmf-dist/tex/latex/url/url.sty
\Urlmuskip=\muskip16
Package: url 2013/09/16  ver 3.4  Verb mode for urls, etc.
)
(/home/nlevisrael/texl/texlive-install/texmf-dist/tex/latex/hyperref/hyperref.s
ty
Package: hyperref 2018/02/06 v6.86b Hypertext links for LaTeX

(/home/nlevisrael/texl/texlive-install/texmf-dist/tex/generic/oberdiek/hobsub-h
yperref.sty
Package: hobsub-hyperref 2016/05/16 v1.14 Bundle oberdiek, subset hyperref (HO)


(/home/nlevisrael/texl/texlive-install/texmf-dist/tex/generic/oberdiek/hobsub-g
eneric.sty
Package: hobsub-generic 2016/05/16 v1.14 Bundle oberdiek, subset generic (HO)
Package: hobsub 2016/05/16 v1.14 Construct package bundles (HO)
Package hobsub Info: Skipping package `infwarerr' (already loaded).
Package hobsub Info: Skipping package `ltxcmds' (already loaded).
Package hobsub Info: Skipping package `ifluatex' (already loaded).
Package hobsub Info: Skipping package `ifvtex' (already loaded).
Package: intcalc 2016/05/16 v1.2 Expandable calculations with integers (HO)
Package hobsub Info: Skipping package `ifpdf' (already loaded).
Package hobsub Info: Skipping package `etexcmds' (already loaded).
Package hobsub Info: Skipping package `kvsetkeys' (already loaded).
Package hobsub Info: Skipping package `kvdefinekeys' (already loaded).
Package hobsub Info: Skipping package `pdftexcmds' (already loaded).
Package: pdfescape 2016/05/16 v1.14 Implements pdfTeX's escape features (HO)
Package: bigintcalc 2016/05/16 v1.4 Expandable calculations on big integers (HO
)
Package: bitset 2016/05/16 v1.2 Handle bit-vector datatype (HO)
Package: uniquecounter 2016/05/16 v1.3 Provide unlimited unique counter (HO)
)
Package hobsub Info: Skipping package `hobsub' (already loaded).
Package: letltxmacro 2016/05/16 v1.5 Let assignment for LaTeX macros (HO)
Package: hopatch 2016/05/16 v1.3 Wrapper for package hooks (HO)
Package: xcolor-patch 2016/05/16 xcolor patch
Package: atveryend 2016/05/16 v1.9 Hooks at the very end of document (HO)
Package hobsub Info: Skipping package `atbegshi' (already loaded).
Package: refcount 2016/05/16 v3.5 Data extraction from label references (HO)
Package: hycolor 2016/05/16 v1.8 Color options for hyperref/bookmark (HO)
)
\@linkdim=\dimen148
\Hy@linkcounter=\count190
\Hy@pagecounter=\count191

(/home/nlevisrael/texl/texlive-install/texmf-dist/tex/latex/hyperref/pd1enc.def
File: pd1enc.def 2018/02/06 v6.86b Hyperref: PDFDocEncoding definition (HO)
Now handling font encoding PD1 ...
... no UTF-8 mapping file for font encoding PD1
)
\Hy@SavedSpaceFactor=\count192

(/home/nlevisrael/texl/texlive-install/texmf-dist/tex/latex/latexconfig/hyperre
f.cfg
File: hyperref.cfg 2002/06/06 v1.2 hyperref configuration of TeXLive
)
Package hyperref Info: Hyper figures OFF on input line 4509.
Package hyperref Info: Link nesting OFF on input line 4514.
Package hyperref Info: Hyper index ON on input line 4517.
Package hyperref Info: Plain pages OFF on input line 4524.
Package hyperref Info: Backreferencing OFF on input line 4529.
Package hyperref Info: Implicit mode ON; LaTeX internals redefined.
Package hyperref Info: Bookmarks ON on input line 4762.
\c@Hy@tempcnt=\count193
LaTeX Info: Redefining \url on input line 5115.
\XeTeXLinkMargin=\dimen149
\Fld@menulength=\count194
\Field@Width=\dimen150
\Fld@charsize=\dimen151
Package hyperref Info: Hyper figures OFF on input line 6369.
Package hyperref Info: Link nesting OFF on input line 6374.
Package hyperref Info: Hyper index ON on input line 6377.
Package hyperref Info: backreferencing OFF on input line 6384.
Package hyperref Info: Link coloring OFF on input line 6389.
Package hyperref Info: Link coloring with OCG OFF on input line 6394.
Package hyperref Info: PDF/A mode OFF on input line 6399.
LaTeX Info: Redefining \ref on input line 6439.
LaTeX Info: Redefining \pageref on input line 6443.
\Hy@abspage=\count195
\c@Item=\count196
\c@Hfootnote=\count197
)
Package hyperref Info: Driver (autodetected): hpdftex.

(/home/nlevisrael/texl/texlive-install/texmf-dist/tex/latex/hyperref/hpdftex.de
f
File: hpdftex.def 2018/02/06 v6.86b Hyperref driver for pdfTeX
\HyAnn@Count=\count198
\Fld@listcount=\count199
\c@bookmark@seq@number=\count266

(/home/nlevisrael/texl/texlive-install/texmf-dist/tex/latex/oberdiek/rerunfilec
heck.sty
Package: rerunfilecheck 2016/05/16 v1.8 Rerun checks for auxiliary files (HO)
Package uniquecounter Info: New unique counter `rerunfilecheck' on input line 2
82.
)
\Hy@SectionHShift=\skip117
)
Package hyperref Info: Option `colorlinks' set `true' on input line 91.

(/home/nlevisrael/texl/texlive-install/texmf-dist/tex/latex/tcolorbox/tcolorbox
.sty
Package: tcolorbox 2018/03/22 version 4.13 text color boxes

(/home/nlevisrael/texl/texlive-install/texmf-dist/tex/latex/pgf/basiclayer/pgf.
sty
(/home/nlevisrael/texl/texlive-install/texmf-dist/tex/latex/pgf/utilities/pgfrc
s.sty
(/home/nlevisrael/texl/texlive-install/texmf-dist/tex/generic/pgf/utilities/pgf
util-common.tex
\pgfutil@everybye=\toks20
\pgfutil@tempdima=\dimen152
\pgfutil@tempdimb=\dimen153

(/home/nlevisrael/texl/texlive-install/texmf-dist/tex/generic/pgf/utilities/pgf
util-common-lists.tex))
(/home/nlevisrael/texl/texlive-install/texmf-dist/tex/generic/pgf/utilities/pgf
util-latex.def
\pgfutil@abb=\box48

(/home/nlevisrael/texl/texlive-install/texmf-dist/tex/latex/ms/everyshi.sty
Package: everyshi 2001/05/15 v3.00 EveryShipout Package (MS)
))
(/home/nlevisrael/texl/texlive-install/texmf-dist/tex/generic/pgf/utilities/pgf
rcs.code.tex
Package: pgfrcs 2015/08/07 v3.0.1a (rcs-revision 1.31)
))
Package: pgf 2015/08/07 v3.0.1a (rcs-revision 1.15)

(/home/nlevisrael/texl/texlive-install/texmf-dist/tex/latex/pgf/basiclayer/pgfc
ore.sty
(/home/nlevisrael/texl/texlive-install/texmf-dist/tex/latex/pgf/systemlayer/pgf
sys.sty
(/home/nlevisrael/texl/texlive-install/texmf-dist/tex/generic/pgf/systemlayer/p
gfsys.code.tex
Package: pgfsys 2014/07/09 v3.0.1a (rcs-revision 1.48)

(/home/nlevisrael/texl/texlive-install/texmf-dist/tex/generic/pgf/utilities/pgf
keys.code.tex
\pgfkeys@pathtoks=\toks21
\pgfkeys@temptoks=\toks22

(/home/nlevisrael/texl/texlive-install/texmf-dist/tex/generic/pgf/utilities/pgf
keysfiltered.code.tex
\pgfkeys@tmptoks=\toks23
))
\pgf@x=\dimen154
\pgf@y=\dimen155
\pgf@xa=\dimen156
\pgf@ya=\dimen157
\pgf@xb=\dimen158
\pgf@yb=\dimen159
\pgf@xc=\dimen160
\pgf@yc=\dimen161
\w@pgf@writea=\write3
\r@pgf@reada=\read1
\c@pgf@counta=\count267
\c@pgf@countb=\count268
\c@pgf@countc=\count269
\c@pgf@countd=\count270
\t@pgf@toka=\toks24
\t@pgf@tokb=\toks25
\t@pgf@tokc=\toks26

(/home/nlevisrael/texl/texlive-install/texmf-dist/tex/generic/pgf/systemlayer/p
gf.cfg
File: pgf.cfg 2008/05/14  (rcs-revision 1.7)
)
Driver file for pgf: pgfsys-pdftex.def

(/home/nlevisrael/texl/texlive-install/texmf-dist/tex/generic/pgf/systemlayer/p
gfsys-pdftex.def
File: pgfsys-pdftex.def 2014/10/11  (rcs-revision 1.35)

(/home/nlevisrael/texl/texlive-install/texmf-dist/tex/generic/pgf/systemlayer/p
gfsys-common-pdf.def
File: pgfsys-common-pdf.def 2013/10/10  (rcs-revision 1.13)
)))
(/home/nlevisrael/texl/texlive-install/texmf-dist/tex/generic/pgf/systemlayer/p
gfsyssoftpath.code.tex
File: pgfsyssoftpath.code.tex 2013/09/09  (rcs-revision 1.9)
\pgfsyssoftpath@smallbuffer@items=\count271
\pgfsyssoftpath@bigbuffer@items=\count272
)
(/home/nlevisrael/texl/texlive-install/texmf-dist/tex/generic/pgf/systemlayer/p
gfsysprotocol.code.tex
File: pgfsysprotocol.code.tex 2006/10/16  (rcs-revision 1.4)
))
(/home/nlevisrael/texl/texlive-install/texmf-dist/tex/generic/pgf/basiclayer/pg
fcore.code.tex
Package: pgfcore 2010/04/11 v3.0.1a (rcs-revision 1.7)

(/home/nlevisrael/texl/texlive-install/texmf-dist/tex/generic/pgf/math/pgfmath.
code.tex
(/home/nlevisrael/texl/texlive-install/texmf-dist/tex/generic/pgf/math/pgfmathc
alc.code.tex
(/home/nlevisrael/texl/texlive-install/texmf-dist/tex/generic/pgf/math/pgfmathu
til.code.tex)
(/home/nlevisrael/texl/texlive-install/texmf-dist/tex/generic/pgf/math/pgfmathp
arser.code.tex
\pgfmath@dimen=\dimen162
\pgfmath@count=\count273
\pgfmath@box=\box49
\pgfmath@toks=\toks27
\pgfmath@stack@operand=\toks28
\pgfmath@stack@operation=\toks29
)
(/home/nlevisrael/texl/texlive-install/texmf-dist/tex/generic/pgf/math/pgfmathf
unctions.code.tex
(/home/nlevisrael/texl/texlive-install/texmf-dist/tex/generic/pgf/math/pgfmathf
unctions.basic.code.tex)
(/home/nlevisrael/texl/texlive-install/texmf-dist/tex/generic/pgf/math/pgfmathf
unctions.trigonometric.code.tex)
(/home/nlevisrael/texl/texlive-install/texmf-dist/tex/generic/pgf/math/pgfmathf
unctions.random.code.tex)
(/home/nlevisrael/texl/texlive-install/texmf-dist/tex/generic/pgf/math/pgfmathf
unctions.comparison.code.tex)
(/home/nlevisrael/texl/texlive-install/texmf-dist/tex/generic/pgf/math/pgfmathf
unctions.base.code.tex)
(/home/nlevisrael/texl/texlive-install/texmf-dist/tex/generic/pgf/math/pgfmathf
unctions.round.code.tex)
(/home/nlevisrael/texl/texlive-install/texmf-dist/tex/generic/pgf/math/pgfmathf
unctions.misc.code.tex)
(/home/nlevisrael/texl/texlive-install/texmf-dist/tex/generic/pgf/math/pgfmathf
unctions.integerarithmetics.code.tex)))
(/home/nlevisrael/texl/texlive-install/texmf-dist/tex/generic/pgf/math/pgfmathf
loat.code.tex
\c@pgfmathroundto@lastzeros=\count274
))
(/home/nlevisrael/texl/texlive-install/texmf-dist/tex/generic/pgf/basiclayer/pg
fcorepoints.code.tex
File: pgfcorepoints.code.tex 2013/10/07  (rcs-revision 1.27)
\pgf@picminx=\dimen163
\pgf@picmaxx=\dimen164
\pgf@picminy=\dimen165
\pgf@picmaxy=\dimen166
\pgf@pathminx=\dimen167
\pgf@pathmaxx=\dimen168
\pgf@pathminy=\dimen169
\pgf@pathmaxy=\dimen170
\pgf@xx=\dimen171
\pgf@xy=\dimen172
\pgf@yx=\dimen173
\pgf@yy=\dimen174
\pgf@zx=\dimen175
\pgf@zy=\dimen176
)
(/home/nlevisrael/texl/texlive-install/texmf-dist/tex/generic/pgf/basiclayer/pg
fcorepathconstruct.code.tex
File: pgfcorepathconstruct.code.tex 2013/10/07  (rcs-revision 1.29)
\pgf@path@lastx=\dimen177
\pgf@path@lasty=\dimen178
)
(/home/nlevisrael/texl/texlive-install/texmf-dist/tex/generic/pgf/basiclayer/pg
fcorepathusage.code.tex
File: pgfcorepathusage.code.tex 2014/11/02  (rcs-revision 1.24)
\pgf@shorten@end@additional=\dimen179
\pgf@shorten@start@additional=\dimen180
)
(/home/nlevisrael/texl/texlive-install/texmf-dist/tex/generic/pgf/basiclayer/pg
fcorescopes.code.tex
File: pgfcorescopes.code.tex 2015/05/08  (rcs-revision 1.46)
\pgfpic=\box50
\pgf@hbox=\box51
\pgf@layerbox@main=\box52
\pgf@picture@serial@count=\count275
)
(/home/nlevisrael/texl/texlive-install/texmf-dist/tex/generic/pgf/basiclayer/pg
fcoregraphicstate.code.tex
File: pgfcoregraphicstate.code.tex 2014/11/02  (rcs-revision 1.12)
\pgflinewidth=\dimen181
)
(/home/nlevisrael/texl/texlive-install/texmf-dist/tex/generic/pgf/basiclayer/pg
fcoretransformations.code.tex
File: pgfcoretransformations.code.tex 2015/08/07  (rcs-revision 1.20)
\pgf@pt@x=\dimen182
\pgf@pt@y=\dimen183
\pgf@pt@temp=\dimen184
)
(/home/nlevisrael/texl/texlive-install/texmf-dist/tex/generic/pgf/basiclayer/pg
fcorequick.code.tex
File: pgfcorequick.code.tex 2008/10/09  (rcs-revision 1.3)
)
(/home/nlevisrael/texl/texlive-install/texmf-dist/tex/generic/pgf/basiclayer/pg
fcoreobjects.code.tex
File: pgfcoreobjects.code.tex 2006/10/11  (rcs-revision 1.2)
)
(/home/nlevisrael/texl/texlive-install/texmf-dist/tex/generic/pgf/basiclayer/pg
fcorepathprocessing.code.tex
File: pgfcorepathprocessing.code.tex 2013/09/09  (rcs-revision 1.9)
)
(/home/nlevisrael/texl/texlive-install/texmf-dist/tex/generic/pgf/basiclayer/pg
fcorearrows.code.tex
File: pgfcorearrows.code.tex 2015/05/14  (rcs-revision 1.43)
\pgfarrowsep=\dimen185
)
(/home/nlevisrael/texl/texlive-install/texmf-dist/tex/generic/pgf/basiclayer/pg
fcoreshade.code.tex
File: pgfcoreshade.code.tex 2013/07/15  (rcs-revision 1.15)
\pgf@max=\dimen186
\pgf@sys@shading@range@num=\count276
)
(/home/nlevisrael/texl/texlive-install/texmf-dist/tex/generic/pgf/basiclayer/pg
fcoreimage.code.tex
File: pgfcoreimage.code.tex 2013/07/15  (rcs-revision 1.18)

(/home/nlevisrael/texl/texlive-install/texmf-dist/tex/generic/pgf/basiclayer/pg
fcoreexternal.code.tex
File: pgfcoreexternal.code.tex 2014/07/09  (rcs-revision 1.21)
\pgfexternal@startupbox=\box53
))
(/home/nlevisrael/texl/texlive-install/texmf-dist/tex/generic/pgf/basiclayer/pg
fcorelayers.code.tex
File: pgfcorelayers.code.tex 2013/07/18  (rcs-revision 1.7)
)
(/home/nlevisrael/texl/texlive-install/texmf-dist/tex/generic/pgf/basiclayer/pg
fcoretransparency.code.tex
File: pgfcoretransparency.code.tex 2013/09/30  (rcs-revision 1.5)
)
(/home/nlevisrael/texl/texlive-install/texmf-dist/tex/generic/pgf/basiclayer/pg
fcorepatterns.code.tex
File: pgfcorepatterns.code.tex 2013/11/07  (rcs-revision 1.5)
)))
(/home/nlevisrael/texl/texlive-install/texmf-dist/tex/generic/pgf/modules/pgfmo
duleshapes.code.tex
File: pgfmoduleshapes.code.tex 2014/03/21  (rcs-revision 1.35)
\pgfnodeparttextbox=\box54
)
(/home/nlevisrael/texl/texlive-install/texmf-dist/tex/generic/pgf/modules/pgfmo
duleplot.code.tex
File: pgfmoduleplot.code.tex 2015/08/03  (rcs-revision 1.13)
)
(/home/nlevisrael/texl/texlive-install/texmf-dist/tex/latex/pgf/compatibility/p
gfcomp-version-0-65.sty
Package: pgfcomp-version-0-65 2007/07/03 v3.0.1a (rcs-revision 1.7)
\pgf@nodesepstart=\dimen187
\pgf@nodesepend=\dimen188
)
(/home/nlevisrael/texl/texlive-install/texmf-dist/tex/latex/pgf/compatibility/p
gfcomp-version-1-18.sty
Package: pgfcomp-version-1-18 2007/07/23 v3.0.1a (rcs-revision 1.1)
))
(/home/nlevisrael/texl/texlive-install/texmf-dist/tex/latex/tools/verbatim.sty
Package: verbatim 2014/10/28 v1.5q LaTeX2e package for verbatim enhancements
\every@verbatim=\toks30
\verbatim@line=\toks31
\verbatim@in@stream=\read2
)
(/home/nlevisrael/texl/texlive-install/texmf-dist/tex/latex/environ/environ.sty
Package: environ 2014/05/04 v0.3 A new way to define environments

(/home/nlevisrael/texl/texlive-install/texmf-dist/tex/latex/trimspaces/trimspac
es.sty
Package: trimspaces 2009/09/17 v1.1 Trim spaces around a token list
)
\@envbody=\toks32
)
\tcb@titlebox=\box55
\tcb@upperbox=\box56
\tcb@lowerbox=\box57
\tcb@phantombox=\box58
\c@tcbbreakpart=\count277
\c@tcblayer=\count278
\tcolorbox@number=\count279
\tcb@temp=\box59
\tcb@temp=\box60
\tcb@temp=\box61
\tcb@temp=\box62
\tcb@out=\write4
\tcb@record@out=\write5

(/home/nlevisrael/texl/texlive-install/texmf-dist/tex/latex/tcolorbox/tcbraster
.code.tex
Library (tcolorbox): 'tcbraster.code.tex' version '4.13'
\c@tcbrastercolumn=\count280
\c@tcbrasterrow=\count281
\c@tcbraster=\count282
)
(/home/nlevisrael/texl/texlive-install/texmf-dist/tex/latex/tcolorbox/tcbskins.
code.tex
Library (tcolorbox): 'tcbskins.code.tex' version '4.13'

(/home/nlevisrael/texl/texlive-install/texmf-dist/tex/latex/pgf/frontendlayer/t
ikz.sty
(/home/nlevisrael/texl/texlive-install/texmf-dist/tex/latex/pgf/utilities/pgffo
r.sty
(/home/nlevisrael/texl/texlive-install/texmf-dist/tex/latex/pgf/utilities/pgfke
ys.sty
(/home/nlevisrael/texl/texlive-install/texmf-dist/tex/generic/pgf/utilities/pgf
keys.code.tex))
(/home/nlevisrael/texl/texlive-install/texmf-dist/tex/latex/pgf/math/pgfmath.st
y
(/home/nlevisrael/texl/texlive-install/texmf-dist/tex/generic/pgf/math/pgfmath.
code.tex))
(/home/nlevisrael/texl/texlive-install/texmf-dist/tex/generic/pgf/utilities/pgf
for.code.tex
Package: pgffor 2013/12/13 v3.0.1a (rcs-revision 1.25)

(/home/nlevisrael/texl/texlive-install/texmf-dist/tex/generic/pgf/math/pgfmath.
code.tex)
\pgffor@iter=\dimen189
\pgffor@skip=\dimen190
\pgffor@stack=\toks33
\pgffor@toks=\toks34
))
(/home/nlevisrael/texl/texlive-install/texmf-dist/tex/generic/pgf/frontendlayer
/tikz/tikz.code.tex
Package: tikz 2015/08/07 v3.0.1a (rcs-revision 1.151)

(/home/nlevisrael/texl/texlive-install/texmf-dist/tex/generic/pgf/libraries/pgf
libraryplothandlers.code.tex
File: pgflibraryplothandlers.code.tex 2013/08/31 v3.0.1a (rcs-revision 1.20)
\pgf@plot@mark@count=\count283
\pgfplotmarksize=\dimen191
)
\tikz@lastx=\dimen192
\tikz@lasty=\dimen193
\tikz@lastxsaved=\dimen194
\tikz@lastysaved=\dimen195
\tikzleveldistance=\dimen196
\tikzsiblingdistance=\dimen197
\tikz@figbox=\box63
\tikz@figbox@bg=\box64
\tikz@tempbox=\box65
\tikz@tempbox@bg=\box66
\tikztreelevel=\count284
\tikznumberofchildren=\count285
\tikznumberofcurrentchild=\count286
\tikz@fig@count=\count287

(/home/nlevisrael/texl/texlive-install/texmf-dist/tex/generic/pgf/modules/pgfmo
dulematrix.code.tex
File: pgfmodulematrix.code.tex 2013/09/17  (rcs-revision 1.8)
\pgfmatrixcurrentrow=\count288
\pgfmatrixcurrentcolumn=\count289
\pgf@matrix@numberofcolumns=\count290
)
\tikz@expandcount=\count291

(/home/nlevisrael/texl/texlive-install/texmf-dist/tex/generic/pgf/frontendlayer
/tikz/libraries/tikzlibrarytopaths.code.tex
File: tikzlibrarytopaths.code.tex 2008/06/17 v3.0.1a (rcs-revision 1.2)
)))
\tcb@waterbox=\box67

(/home/nlevisrael/texl/texlive-install/texmf-dist/tex/latex/tcolorbox/tcbskinsj
igsaw.code.tex
Library (tcolorbox): 'tcbskinsjigsaw.code.tex' version '4.13'
))
(/home/nlevisrael/texl/texlive-install/texmf-dist/tex/latex/tcolorbox/tcbbreaka
ble.code.tex
Library (tcolorbox): 'tcbbreakable.code.tex' version '4.13'
\tcb@testbox=\box68
\tcb@totalupperbox=\box69
\tcb@totallowerbox=\box70
)
(/home/nlevisrael/texl/texlive-install/texmf-dist/tex/latex/tcolorbox/tcbhooks.
code.tex
Library (tcolorbox): 'tcbhooks.code.tex' version '4.13'
)
(/home/nlevisrael/texl/texlive-install/texmf-dist/tex/latex/tcolorbox/tcbtheore
ms.code.tex
Library (tcolorbox): 'tcbtheorems.code.tex' version '4.13'

(/home/nlevisrael/texl/texlive-install/texmf-dist/tex/latex/amsmath/amsmath.sty
Package: amsmath 2017/09/02 v2.17a AMS math features
\@mathmargin=\skip118
For additional information on amsmath, use the `?' option.

(/home/nlevisrael/texl/texlive-install/texmf-dist/tex/latex/amsmath/amstext.sty
Package: amstext 2000/06/29 v2.01 AMS text
(/home/nlevisrael/texl/texlive-install/texmf-dist/tex/latex/amsmath/amsgen.sty
File: amsgen.sty 1999/11/30 v2.0 generic functions
\@emptytoks=\toks35
\ex@=\dimen198
))
(/home/nlevisrael/texl/texlive-install/texmf-dist/tex/latex/amsmath/amsbsy.sty
Package: amsbsy 1999/11/29 v1.2d Bold Symbols
\pmbraise@=\dimen199
) (/home/nlevisrael/texl/texlive-install/texmf-dist/tex/latex/amsmath/amsopn.st
y
Package: amsopn 2016/03/08 v2.02 operator names
)
\inf@bad=\count292
LaTeX Info: Redefining \frac on input line 213.
\uproot@=\count293
\leftroot@=\count294
LaTeX Info: Redefining \overline on input line 375.
\classnum@=\count295
\DOTSCASE@=\count296
LaTeX Info: Redefining \ldots on input line 472.
LaTeX Info: Redefining \dots on input line 475.
LaTeX Info: Redefining \cdots on input line 596.
\Mathstrutbox@=\box71
\strutbox@=\box72
\big@size=\dimen256
LaTeX Font Info:    Redeclaring font encoding OML on input line 712.
LaTeX Font Info:    Redeclaring font encoding OMS on input line 713.
\macc@depth=\count297
\c@MaxMatrixCols=\count298
\dotsspace@=\muskip17
\c@parentequation=\count299
\dspbrk@lvl=\count300
\tag@help=\toks36
\row@=\count301
\column@=\count302
\maxfields@=\count303
\andhelp@=\toks37
\eqnshift@=\dimen257
\alignsep@=\dimen258
\tagshift@=\dimen259
\tagwidth@=\dimen260
\totwidth@=\dimen261
\lineht@=\dimen262
\@envbody=\toks38
\multlinegap=\skip119
\multlinetaggap=\skip120
\mathdisplay@stack=\toks39
LaTeX Info: Redefining \[ on input line 2817.
LaTeX Info: Redefining \] on input line 2818.
))
(/home/nlevisrael/texl/texlive-install/texmf-dist/tex/latex/tcolorbox/tcbfittin
g.code.tex
Library (tcolorbox): 'tcbfitting.code.tex' version '4.13'
\tcbfitdim=\dimen263
\tcb@lowerfitdim=\dimen264
\tcb@upperfitdim=\dimen265
\tcb@cur@hbadness=\count304
)
(/home/nlevisrael/texl/texlive-install/texmf-dist/tex/latex/tcolorbox/tcbxparse
.code.tex
Library (tcolorbox): 'tcbxparse.code.tex' version '4.13'
.................................................
. LaTeX info: "xparse/define-command"
. 
. Defining command \tcboxverb with sig. ' O{} v ' on line 128.
.................................................
.................................................
. LaTeX info: "xparse/define-command"
. 
. Defining command \tcbsidebyside with sig. ' +O{} +m +m ' on line 280.
.................................................
))
(/home/nlevisrael/texl/texlive-install/texmf-dist/tex/latex/oberdiek/transparen
t.sty
Package: transparent 2016/05/16 v1.1 Transparency via pdfTeX's color stack (HO)

)
(/home/nlevisrael/texl/texlive-install/texmf-dist/tex/latex/aurical/aurical.sty
Package: aurical 2006/10/12 aurical - a set of three decorative fonts with acce
nts
) (/home/nlevisrael/texl/texlive-install/texmf-dist/tex/latex/base/fontenc.sty
Package: fontenc 2017/04/05 v2.0i Standard LaTeX package

(/home/nlevisrael/texl/texlive-install/texmf-dist/tex/latex/base/t1enc.def
File: t1enc.def 2017/04/05 v2.0i Standard LaTeX file
LaTeX Font Info:    Redeclaring font encoding T1 on input line 48.
))
(/home/nlevisrael/texl/texlive-install/texmf-dist/tex/latex/relsize/relsize.sty
Package: relsize 2013/03/29 ver 4.1
)
(/home/nlevisrael/texl/texlive-install/texmf-dist/tex/latex/enumitem/enumitem.s
ty
Package: enumitem 2011/09/28 v3.5.2 Customized lists
\labelindent=\skip121
\enit@outerparindent=\dimen266
\enit@toks=\toks40
\enit@inbox=\box73
\enitdp@description=\count305
) (/home/nlevisrael/texl/texlive-install/texmf-dist/tex/latex/soul/soul.sty
Package: soul 2003/11/17 v2.4 letterspacing/underlining (mf)
\SOUL@word=\toks41
\SOUL@lasttoken=\toks42
\SOUL@cmds=\toks43
\SOUL@buffer=\toks44
\SOUL@token=\toks45
\SOUL@spaceskip=\skip122
\SOUL@ttwidth=\dimen267
\SOUL@uldp=\dimen268
\SOUL@ulht=\dimen269
)
(/home/nlevisrael/texl/texlive-install/texmf-dist/tex/latex/koma-script/screxte
nd.sty
Package: scrextend 2018/03/30 v3.25 KOMA-Script package (extend other classes w
ith features of KOMA-Script classes)

(/home/nlevisrael/texl/texlive-install/texmf-dist/tex/latex/koma-script/scrkbas
e.sty
Package: scrkbase 2018/03/30 v3.25 KOMA-Script package (KOMA-Script-dependent b
asics and keyval usage)

(/home/nlevisrael/texl/texlive-install/texmf-dist/tex/latex/koma-script/scrbase
.sty
Package: scrbase 2018/03/30 v3.25 KOMA-Script package (KOMA-Script-independent 
basics and keyval usage)

(/home/nlevisrael/texl/texlive-install/texmf-dist/tex/latex/koma-script/scrlfil
e.sty
Package: scrlfile 2018/03/30 v3.25 KOMA-Script package (loading files)
)))

LaTeX Warning: Command \@footnotemark  has changed.
               Check if current package is valid.

)
(/home/nlevisrael/texl/texlive-install/texmf-dist/tex/latex/marginnote/marginno
te.sty
Package: marginnote 2017/04/22 v1.2b non floating margin notes for LaTeX
\c@mn@abspage=\count306
) (./lxcr.aux)
\openout1 = `lxcr.aux'.

LaTeX Font Info:    Checking defaults for OML/cmm/m/it on input line 392.
LaTeX Font Info:    ... okay on input line 392.
LaTeX Font Info:    Checking defaults for T1/cmr/m/n on input line 392.
LaTeX Font Info:    ... okay on input line 392.
LaTeX Font Info:    Checking defaults for OT1/cmr/m/n on input line 392.
LaTeX Font Info:    ... okay on input line 392.
LaTeX Font Info:    Checking defaults for OMS/cmsy/m/n on input line 392.
LaTeX Font Info:    ... okay on input line 392.
LaTeX Font Info:    Checking defaults for OMX/cmex/m/n on input line 392.
LaTeX Font Info:    ... okay on input line 392.
LaTeX Font Info:    Checking defaults for U/cmr/m/n on input line 392.
LaTeX Font Info:    ... okay on input line 392.
LaTeX Font Info:    Checking defaults for PD1/pdf/m/n on input line 392.
LaTeX Font Info:    ... okay on input line 392.
\AtBeginShipoutBox=\box74

(/home/nlevisrael/texl/texlive-install/texmf-dist/tex/context/base/mkii/supp-pd
f.mkii
[Loading MPS to PDF converter (version 2006.09.02).]
\scratchcounter=\count307
\scratchdimen=\dimen270
\scratchbox=\box75
\nofMPsegments=\count308
\nofMParguments=\count309
\everyMPshowfont=\toks46
\MPscratchCnt=\count310
\MPscratchDim=\dimen271
\MPnumerator=\count311
\makeMPintoPDFobject=\count312
\everyMPtoPDFconversion=\toks47
)
(/home/nlevisrael/texl/texlive-install/texmf-dist/tex/latex/oberdiek/epstopdf-b
ase.sty
Package: epstopdf-base 2016/05/15 v2.6 Base part for package epstopdf

(/home/nlevisrael/texl/texlive-install/texmf-dist/tex/latex/oberdiek/grfext.sty
Package: grfext 2016/05/16 v1.2 Manage graphics extensions (HO)
)
Package epstopdf-base Info: Redefining graphics rule for `.eps' on input line 4
38.
Package grfext Info: Graphics extension search list:
(grfext)             [.pdf,.png,.jpg,.mps,.jpeg,.jbig2,.jb2,.PDF,.PNG,.JPG,.JPE
G,.JBIG2,.JB2,.eps]
(grfext)             \AppendGraphicsExtensions on input line 456.

(/home/nlevisrael/texl/texlive-install/texmf-dist/tex/latex/latexconfig/epstopd
f-sys.cfg
File: epstopdf-sys.cfg 2010/07/13 v1.3 Configuration of (r)epstopdf for TeX Liv
e
))
*geometry* driver: auto-detecting
*geometry* detected driver: pdftex
*geometry* verbose mode - [ preamble ] result:
* driver: pdftex
* paper: custom
* layout: <same size as paper>
* layoutoffset:(h,v)=(0.0pt,0.0pt)
* modes: 
* h-part:(L,W,R)=(93.95122pt, 520.3438pt, 43.36243pt)
* v-part:(T,H,B)=(79.49744pt, 888.92012pt, 115.63243pt)
* \paperwidth=657.65744pt
* \paperheight=1084.04999pt
* \textwidth=520.3438pt
* \textheight=888.92012pt
* \oddsidemargin=21.68123pt
* \evensidemargin=21.68123pt
* \topmargin=-29.77255pt
* \headheight=12.0pt
* \headsep=25.0pt
* \topskip=10.0pt
* \footskip=23.0pt
* \marginparwidth=65.0pt
* \marginparsep=11.0pt
* \columnsep=10.0pt
* \skip\footins=9.0pt plus 4.0pt minus 2.0pt
* \hoffset=0.0pt
* \voffset=0.0pt
* \mag=1000
* \@twocolumnfalse
* \@twosidefalse
* \@mparswitchfalse
* \@reversemarginfalse
* (1in=72.27pt=25.4mm, 1cm=28.453pt)

Package hyperref Info: Link coloring ON on input line 392.

(/home/nlevisrael/texl/texlive-install/texmf-dist/tex/latex/hyperref/nameref.st
y
Package: nameref 2016/05/21 v2.44 Cross-referencing by name of section

(/home/nlevisrael/texl/texlive-install/texmf-dist/tex/generic/oberdiek/gettitle
string.sty
Package: gettitlestring 2016/05/16 v1.5 Cleanup title references (HO)
)
\c@section@level=\count313
)
LaTeX Info: Redefining \ref on input line 392.
LaTeX Info: Redefining \pageref on input line 392.
LaTeX Info: Redefining \nameref on input line 392.
 (./lxcr.out) (./lxcr.out)
\@outlinefile=\write6
\openout6 = `lxcr.out'.

 ABD: EveryShipout initializing macros
Package marginnote Info: \pdfoutput not 0 or unimportant and
(marginnote)             \pdflastxpos or \lastxpos available.
(marginnote)             Extended position detection mode activated.
LaTeX Font Info:    Try loading font information for T1+qcr on input line 430.

(/home/nlevisrael/texl/texlive-install/texmf-dist/tex/latex/tex-gyre/t1qcr.fd
File: t1qcr.fd 2009/09/25 v1.2 font definition file for T1/qcr
)
Overfull \hbox (13.84322pt too wide) in paragraph at lines 431--431
 [] 
 []

LaTeX Font Info:    Try loading font information for T1+Cabin-TLF on input line
 431.

(/home/nlevisrael/texl/texlive-install/texmf-dist/tex/latex/cabin/T1Cabin-TLF.f
d
File: T1Cabin-TLF.fd 2012/11/17 (autoinst) Font definitions for T1/Cabin-TLF.
)
LaTeX Font Info:    Try loading font information for T1+ptm on input line 440.
 (/home/nlevisrael/texl/texlive-install/texmf-dist/tex/latex/psnfss/t1ptm.fd
File: t1ptm.fd 2001/06/04 font definitions for T1/ptm.
)
LaTeX Font Info:    Calculating math sizes for size <13> on input line 457.

LaTeX Font Warning: Font shape `OT1/cmr/m/n' in size <13> not available
(Font)              size <12> substituted on input line 457.


LaTeX Font Warning: Font shape `OT1/cmr/m/n' in size <6.5> not available
(Font)              size <6> substituted on input line 457.


LaTeX Font Warning: Font shape `OML/cmm/m/it' in size <13> not available
(Font)              size <12> substituted on input line 457.


LaTeX Font Warning: Font shape `OML/cmm/m/it' in size <6.5> not available
(Font)              size <6> substituted on input line 457.


LaTeX Font Warning: Font shape `OMS/cmsy/m/n' in size <13> not available
(Font)              size <12> substituted on input line 457.


LaTeX Font Warning: Font shape `OMS/cmsy/m/n' in size <6.5> not available
(Font)              size <6> substituted on input line 457.


LaTeX Font Warning: Font shape `OMX/cmex/m/n' in size <13> not available
(Font)              size <12> substituted on input line 457.

Package marginnote Info: Margin note 1.1 is on absolute page 1
(marginnote)              on input line 504.
Package marginnote Info: right page because not two side mode on input line 504
.
LaTeX Font Info:    Try loading font information for T1+ppl on input line 504.
(/home/nlevisrael/texl/texlive-install/texmf-dist/tex/latex/psnfss/t1ppl.fd
File: t1ppl.fd 2001/06/04 font definitions for T1/ppl.
)
Underfull \hbox (badness 10000) in paragraph at lines 504--504
\T1/ppl/m/it/12 multi-
 []


Underfull \hbox (badness 10000) in paragraph at lines 504--504
\T1/ppl/m/it/12 media
 []


Underfull \hbox (badness 10000) in paragraph at lines 504--504
\T1/ppl/m/it/12 and
 []

Package mdframed Info: mdframed inside a box 
 mdframed uses option nobreak mdframed on input line 504.
Package marginnote Info: xpos seems to be 117.95122pt,
(marginnote)             \marginnoteleftadjust ignored on input line 504.

LaTeX Font Warning: Font shape `T1/cmr/m/n' in size <13> not available
(Font)              size <12> substituted on input line 528.

<e-logo.png, id=7, 2107.875pt x 1505.625pt>
File: e-logo.png Graphic file (type png)
<use e-logo.png>
Package pdftex.def Info: e-logo.png  used on input line 528.
(pdftex.def)             Requested size: 150.8962pt x 107.77083pt.
<logo.png, id=9, 154.6578pt x 91.7829pt>
File: logo.png Graphic file (type png)
<use logo.png>
Package pdftex.def Info: logo.png  used on input line 528.
(pdftex.def)             Requested size: 104.06717pt x 61.75891pt.
[1

{/home/nlevisrael/texl/texlive-install/texmf-var/fonts/map/pdftex/updmap/pdftex
.map} <./e-logo.png> <./logo.png>]
Package marginnote Info: Margin note 2.1 is on absolute page 2
(marginnote)              on input line 531.
Package marginnote Info: right page because not two side mode on input line 531
.

Underfull \hbox (badness 10000) in paragraph at lines 531--531
[]\T1/ppl/m/it/12 Publi-
 []


Underfull \hbox (badness 10000) in paragraph at lines 531--531
\T1/ppl/m/it/12 cation
 []

Package mdframed Info: mdframed inside a box 
 mdframed uses option nobreak mdframed on input line 531.
Package marginnote Info: xpos seems to be 117.95122pt,
(marginnote)             \marginnoteleftadjust ignored on input line 531.
Package marginnote Info: Margin note 2.2 is on absolute page 2
(marginnote)              on input line 559.
Package marginnote Info: right page because not two side mode on input line 559
.

Underfull \hbox (badness 10000) in paragraph at lines 559--559
\T1/ppl/m/it/12 and
 []


Underfull \hbox (badness 10000) in paragraph at lines 559--559
[]
 []

Package mdframed Info: mdframed inside a box 
 mdframed uses option nobreak mdframed on input line 559.
Package marginnote Info: xpos seems to be 117.95122pt,
(marginnote)             \marginnoteleftadjust ignored on input line 559.
LaTeX Font Info:    Font shape `T1/qcr/bx/n' in size <17.28> not available
(Font)              Font shape `T1/qcr/b/n' tried instead on input line 615.
File: e-logo.png Graphic file (type png)
<use e-logo.png>
Package pdftex.def Info: e-logo.png  used on input line 617.
(pdftex.def)             Requested size: 150.8962pt x 107.77083pt.
File: logo.png Graphic file (type png)
<use logo.png>
Package pdftex.def Info: logo.png  used on input line 617.
(pdftex.def)             Requested size: 104.06717pt x 61.75891pt.
[2]
Package marginnote Info: Margin note 3.1 is on absolute page 3
(marginnote)              on input line 682.
Package marginnote Info: right page because not two side mode on input line 682
.
Package mdframed Info: mdframed inside a box 
 mdframed uses option nobreak mdframed on input line 682.
Package marginnote Info: xpos seems to be 117.95122pt,
(marginnote)             \marginnoteleftadjust ignored on input line 682.
File: e-logo.png Graphic file (type png)
<use e-logo.png>
Package pdftex.def Info: e-logo.png  used on input line 710.
(pdftex.def)             Requested size: 150.8962pt x 107.77083pt.
File: logo.png Graphic file (type png)
<use logo.png>
Package pdftex.def Info: logo.png  used on input line 710.
(pdftex.def)             Requested size: 104.06717pt x 61.75891pt.
 [3]
Package marginnote Info: Margin note 4.1 is on absolute page 4
(marginnote)              on input line 711.
Package marginnote Info: right page because not two side mode on input line 711
.
Package mdframed Info: mdframed inside a box 
 mdframed uses option nobreak mdframed on input line 711.
Package marginnote Info: xpos seems to be 117.95122pt,
(marginnote)             \marginnoteleftadjust ignored on input line 711.
LaTeX Font Info:    Font shape `T1/ptm/bx/n' in size <13> not available
(Font)              Font shape `T1/ptm/b/n' tried instead on input line 763.
File: e-logo.png Graphic file (type png)
<use e-logo.png>
Package pdftex.def Info: e-logo.png  used on input line 806.
(pdftex.def)             Requested size: 150.8962pt x 107.77083pt.
File: logo.png Graphic file (type png)
<use logo.png>
Package pdftex.def Info: logo.png  used on input line 806.
(pdftex.def)             Requested size: 104.06717pt x 61.75891pt.
 [4]
File: e-logo.png Graphic file (type png)
<use e-logo.png>
Package pdftex.def Info: e-logo.png  used on input line 885.
(pdftex.def)             Requested size: 150.8962pt x 107.77083pt.
File: logo.png Graphic file (type png)
<use logo.png>
Package pdftex.def Info: logo.png  used on input line 885.
(pdftex.def)             Requested size: 104.06717pt x 61.75891pt.
 [5]
File: e-logo.png Graphic file (type png)
<use e-logo.png>
Package pdftex.def Info: e-logo.png  used on input line 973.
(pdftex.def)             Requested size: 150.8962pt x 107.77083pt.
File: logo.png Graphic file (type png)
<use logo.png>
Package pdftex.def Info: logo.png  used on input line 973.
(pdftex.def)             Requested size: 104.06717pt x 61.75891pt.
 [6]
File: e-logo.png Graphic file (type png)
<use e-logo.png>
Package pdftex.def Info: e-logo.png  used on input line 1065.
(pdftex.def)             Requested size: 150.8962pt x 107.77083pt.
File: logo.png Graphic file (type png)
<use logo.png>
Package pdftex.def Info: logo.png  used on input line 1065.
(pdftex.def)             Requested size: 104.06717pt x 61.75891pt.
 [7]

LaTeX Font Warning: Font shape `T1/cmr/bx/n' in size <13> not available
(Font)              size <12> substituted on input line 1129.

LaTeX Font Info:    Try loading font information for T1+cmss on input line 1129
.
(/home/nlevisrael/texl/texlive-install/texmf-dist/tex/latex/base/t1cmss.fd
File: t1cmss.fd 2014/09/29 v2.5h Standard LaTeX font definitions
)

LaTeX Font Warning: Font shape `T1/cmss/bx/n' in size <13> not available
(Font)              size <12> substituted on input line 1129.


Overfull \hbox (7.86522pt too wide) in paragraph at lines 1129--1134
\T1/ptm/m/n/13 may be linked from spe-cific lo-ca-tions in the pri-mary manuscr
ipt, or even em-bed-ded within manuscripts
 []


Overfull \hbox (1.75009pt too wide) in paragraph at lines 1135--1145
[]\T1/ptm/m/n/13 Publishers in-creas-ingly em-pha-size shar-ing re-search data 
along-
 []

File: e-logo.png Graphic file (type png)
<use e-logo.png>
Package pdftex.def Info: e-logo.png  used on input line 1164.
(pdftex.def)             Requested size: 150.8962pt x 107.77083pt.
File: logo.png Graphic file (type png)
<use logo.png>
Package pdftex.def Info: logo.png  used on input line 1164.
(pdftex.def)             Requested size: 104.06717pt x 61.75891pt.
[8]
File: e-logo.png Graphic file (type png)
<use e-logo.png>
Package pdftex.def Info: e-logo.png  used on input line 1258.
(pdftex.def)             Requested size: 150.8962pt x 107.77083pt.
File: logo.png Graphic file (type png)
<use logo.png>
Package pdftex.def Info: logo.png  used on input line 1258.
(pdftex.def)             Requested size: 104.06717pt x 61.75891pt.
 [9]
Package atveryend Info: Empty hook `BeforeClearDocument' on input line 1258.
Package atveryend Info: Empty hook `AfterLastShipout' on input line 1258.
 (./lxcr.aux)
Package atveryend Info: Executing hook `AtVeryEndDocument' on input line 1258.
Package atveryend Info: Executing hook `AtEndAfterFileList' on input line 1258.

Package rerunfilecheck Info: File `lxcr.out' has not changed.
(rerunfilecheck)             Checksum: D41D8CD98F00B204E9800998ECF8427E;0.


LaTeX Font Warning: Size substitutions with differences
(Font)              up to 1.0pt have occurred.

 )
(\end occurred inside a group at level 2)

### simple group (level 2) entered at line 737 ({)
### simple group (level 1) entered at line 394 ({)
### bottom level 
Here is how much of TeX's memory you used:
 31095 strings out of 492649
 633048 string characters out of 6122986
 755026 words of memory out of 5000000
 34507 multiletter control sequences out of 15000+600000
 633401 words of font info for 71 fonts, out of 8000000 for 9000
 1141 hyphenation exceptions out of 8191
 58i,16n,93p,10393b,878s stack positions out of 5000i,500n,10000p,200000b,80000s
{/home/nlevisrael/texl/texlive-install/texmf-dist/fonts/enc/dvi
ps/cm-super/cm-super-t1.enc}{/home/nlevisrael/texl/texlive-install/texmf-dist/f
onts/enc/dvips/base/8r.enc}{/home/nlevisrael/texl/texlive-install/texmf-dist/fo
nts/enc/dvips/tex-gyre/q-ec.enc}{/home/nlevisrael/texl/texlive-install/texmf-di
st/fonts/enc/dvips/cabin/cbn_hvmmj2.enc}</home/nlevisrael/texl/texlive-install/
texmf-dist/fonts/type1/impallari/cabin/Cabin-Bold.pfb></home/nlevisrael/texl/te
xlive-install/texmf-dist/fonts/type1/public/tex-gyre/qcrb.pfb></home/nlevisrael
/texl/texlive-install/texmf-dist/fonts/type1/public/tex-gyre/qcrr.pfb></home/nl
evisrael/texl/texlive-install/texmf-dist/fonts/type1/public/cm-super/sfrm1000.p
fb></home/nlevisrael/texl/texlive-install/texmf-dist/fonts/type1/public/cm-supe
r/sfsx1200.pfb></home/nlevisrael/texl/texlive-install/texmf-dist/fonts/type1/ur
w/palatino/uplri8a.pfb></home/nlevisrael/texl/texlive-install/texmf-dist/fonts/
type1/urw/times/utmb8a.pfb></home/nlevisrael/texl/texlive-install/texmf-dist/fo
nts/type1/urw/times/utmr8a.pfb></home/nlevisrael/texl/texlive-install/texmf-dis
t/fonts/type1/urw/times/utmri8a.pfb>
Output written on lxcr.pdf (9 pages, 235214 bytes).
PDF statistics:
 101 PDF objects out of 1000 (max. 8388607)
 76 compressed objects within 1 object stream
 13 named destinations out of 1000 (max. 500000)
 23 words of extra memory for PDF output out of 10000 (max. 10000000)

