\BOOKMARK [1][]{Outline1}{Intro}{}% 1
\BOOKMARK [2][]{Outline1.1}{NA3}{Outline1}% 2
\BOOKMARK [2][]{Outline1.2}{NCN}{Outline1}% 3
\BOOKMARK [2][]{Outline1.3}{A3R}{Outline1}% 4
\BOOKMARK [2][]{Outline1.4}{Qt}{Outline1}% 5
\BOOKMARK [2][]{Outline1.5}{Examples}{Outline1}% 6
\BOOKMARK [1][]{Outline2}{Research Data Case Studies}{}% 7
\BOOKMARK [2][]{Outline2.6}{Research Slide 1}{Outline2}% 8
\BOOKMARK [2][]{Outline2.7}{Research Slide 2}{Outline2}% 9
\BOOKMARK [2][]{Outline2.8}{Research Slide 3}{Outline2}% 10
\BOOKMARK [2][]{Outline2.9}{Research Slide 4}{Outline2}% 11
\BOOKMARK [2][]{Outline2.10}{Research Slide 5}{Outline2}% 12
\BOOKMARK [1][]{Outline3}{E-Commerce and Real Estate Case Studies}{}% 13
\BOOKMARK [2][]{Outline3.11}{E-Commerce Slide 1}{Outline3}% 14
\BOOKMARK [2][]{Outline3.12}{E-Commerce Slide 2}{Outline3}% 15
\BOOKMARK [2][]{Outline3.13}{E-Commerce Slide 3}{Outline3}% 16
\BOOKMARK [2][]{Outline3.14}{E-Commerce Slide 4}{Outline3}% 17
\BOOKMARK [2][]{Outline3.15}{E-Commerce Slide 5}{Outline3}% 18
\BOOKMARK [2][]{Outline3.16}{E-Commerce Slide 6}{Outline3}% 19
\BOOKMARK [2][]{Outline3.17}{E-Commerce Slide 7}{Outline3}% 20
\BOOKMARK [1][]{Outline4}{Publishing Case Studies}{}% 21
\BOOKMARK [2][]{Outline4.18}{Publishing Slide 1}{Outline4}% 22
\BOOKMARK [2][]{Outline4.19}{Publishing Slide 2}{Outline4}% 23
\BOOKMARK [2][]{Outline4.20}{Publishing Slide 3}{Outline4}% 24
\BOOKMARK [2][]{Outline4.21}{Publishing Slide 4}{Outline4}% 25
\BOOKMARK [1][]{Outline5}{Thanks}{}% 26
\BOOKMARK [2][]{Outline5.22}{Thanks}{Outline5}% 27
