This is pdfTeX, Version 3.14159265-2.6-1.40.19 (TeX Live 2018) (preloaded format=pdflatex 2019.5.4)  17 APR 2020 16:59
entering extended mode
 \write18 enabled.
 %&-line parsing enabled.
**axf-platform.tex
(./axf-platform.tex
LaTeX2e <2018-04-01> patch level 2
Babel <3.18> and hyphenation patterns for 84 language(s) loaded.
(/home/nlevisrael/texl/texlive-install/texmf-dist/tex/latex/base/article.cls
Document Class: article 2014/09/29 v1.4h Standard LaTeX document class
(/home/nlevisrael/texl/texlive-install/texmf-dist/tex/latex/base/size11.clo
File: size11.clo 2014/09/29 v1.4h Standard LaTeX file (size option)
)
\c@part=\count80
\c@section=\count81
\c@subsection=\count82
\c@subsubsection=\count83
\c@paragraph=\count84
\c@subparagraph=\count85
\c@figure=\count86
\c@table=\count87
\abovecaptionskip=\skip41
\belowcaptionskip=\skip42
\bibindent=\dimen102
)
(/home/nlevisrael/texl/texlive-install/texmf-dist/tex/latex/base/fontenc.sty
Package: fontenc 2017/04/05 v2.0i Standard LaTeX package

(/home/nlevisrael/texl/texlive-install/texmf-dist/tex/latex/base/t1enc.def
File: t1enc.def 2017/04/05 v2.0i Standard LaTeX file
LaTeX Font Info:    Redeclaring font encoding T1 on input line 48.
))
(/home/nlevisrael/texl/texlive-install/texmf-dist/tex/latex/tex-gyre/tgtermes.s
ty
Package: tgtermes 2009/09/27 v1.2 TeX Gyre Termes as default roman family

(/home/nlevisrael/texl/texlive-install/texmf-dist/tex/latex/oberdiek/kvoptions.
sty
Package: kvoptions 2016/05/16 v3.12 Key value format for package options (HO)

(/home/nlevisrael/texl/texlive-install/texmf-dist/tex/latex/graphics/keyval.sty
Package: keyval 2014/10/28 v1.15 key=value parser (DPC)
\KV@toks@=\toks14
)
(/home/nlevisrael/texl/texlive-install/texmf-dist/tex/generic/oberdiek/ltxcmds.
sty
Package: ltxcmds 2016/05/16 v1.23 LaTeX kernel commands for general use (HO)
)
(/home/nlevisrael/texl/texlive-install/texmf-dist/tex/generic/oberdiek/kvsetkey
s.sty
Package: kvsetkeys 2016/05/16 v1.17 Key value parser (HO)

(/home/nlevisrael/texl/texlive-install/texmf-dist/tex/generic/oberdiek/infwarer
r.sty
Package: infwarerr 2016/05/16 v1.4 Providing info/warning/error messages (HO)
)
(/home/nlevisrael/texl/texlive-install/texmf-dist/tex/generic/oberdiek/etexcmds
.sty
Package: etexcmds 2016/05/16 v1.6 Avoid name clashes with e-TeX commands (HO)

(/home/nlevisrael/texl/texlive-install/texmf-dist/tex/generic/oberdiek/ifluatex
.sty
Package: ifluatex 2016/05/16 v1.4 Provides the ifluatex switch (HO)
Package ifluatex Info: LuaTeX not detected.
)
Package etexcmds Info: Could not find \expanded.
(etexcmds)             That can mean that you are not using pdfTeX 1.50 or
(etexcmds)             that some package has redefined \expanded.
(etexcmds)             In the latter case, load this package earlier.
))))
(/home/nlevisrael/texl/texlive-install/texmf-dist/tex/latex/footmisc/footmisc.s
ty
Package: footmisc 2011/06/06 v5.5b a miscellany of footnote facilities
\FN@temptoken=\toks15
\footnotemargin=\dimen103
\c@pp@next@reset=\count88
Package footmisc Info: Declaring symbol style bringhurst on input line 855.
Package footmisc Info: Declaring symbol style chicago on input line 863.
Package footmisc Info: Declaring symbol style wiley on input line 872.
Package footmisc Info: Declaring symbol style lamport-robust on input line 883.

Package footmisc Info: Declaring symbol style lamport* on input line 903.
Package footmisc Info: Declaring symbol style lamport*-robust on input line 924
.
)
(/home/nlevisrael/texl/texlive-install/texmf-dist/tex/latex/titlesec/titlesec.s
ty
Package: titlesec 2016/03/21 v2.10.2 Sectioning titles
\ttl@box=\box26
\beforetitleunit=\skip43
\aftertitleunit=\skip44
\ttl@plus=\dimen104
\ttl@minus=\dimen105
\ttl@toksa=\toks16
\titlewidth=\dimen106
\titlewidthlast=\dimen107
\titlewidthfirst=\dimen108
)
(/home/nlevisrael/texl/texlive-install/texmf-dist/tex/latex/eso-pic/eso-pic.sty
Package: eso-pic 2015/07/21 v2.0g eso-pic (RN)

(/home/nlevisrael/texl/texlive-install/texmf-dist/tex/generic/oberdiek/atbegshi
.sty
Package: atbegshi 2016/06/09 v1.18 At begin shipout hook (HO)

(/home/nlevisrael/texl/texlive-install/texmf-dist/tex/generic/oberdiek/ifpdf.st
y
Package: ifpdf 2017/03/15 v3.2 Provides the ifpdf switch
))
(/home/nlevisrael/texl/texlive-install/texmf-dist/tex/latex/xcolor/xcolor.sty
Package: xcolor 2016/05/11 v2.12 LaTeX color extensions (UK)

(/home/nlevisrael/texl/texlive-install/texmf-dist/tex/latex/graphics-cfg/color.
cfg
File: color.cfg 2016/01/02 v1.6 sample color configuration
)
Package xcolor Info: Driver file: pdftex.def on input line 225.

(/home/nlevisrael/texl/texlive-install/texmf-dist/tex/latex/graphics-def/pdftex
.def
File: pdftex.def 2018/01/08 v1.0l Graphics/color driver for pdftex
)
Package xcolor Info: Model `cmy' substituted by `cmy0' on input line 1348.
Package xcolor Info: Model `hsb' substituted by `rgb' on input line 1352.
Package xcolor Info: Model `RGB' extended on input line 1364.
Package xcolor Info: Model `HTML' substituted by `rgb' on input line 1366.
Package xcolor Info: Model `Hsb' substituted by `hsb' on input line 1367.
Package xcolor Info: Model `tHsb' substituted by `hsb' on input line 1368.
Package xcolor Info: Model `HSB' substituted by `hsb' on input line 1369.
Package xcolor Info: Model `Gray' substituted by `gray' on input line 1370.
Package xcolor Info: Model `wave' substituted by `hsb' on input line 1371.
))
(/home/nlevisrael/texl/texlive-install/texmf-dist/tex/latex/geometry/geometry.s
ty
Package: geometry 2018/03/24 v5.7 Page Geometry

(/home/nlevisrael/texl/texlive-install/texmf-dist/tex/generic/oberdiek/ifvtex.s
ty
Package: ifvtex 2016/05/16 v1.6 Detect VTeX and its facilities (HO)
Package ifvtex Info: VTeX not detected.
)
(/home/nlevisrael/texl/texlive-install/texmf-dist/tex/generic/ifxetex/ifxetex.s
ty
Package: ifxetex 2010/09/12 v0.6 Provides ifxetex conditional
)
\Gm@cnth=\count89
\Gm@cntv=\count90
\c@Gm@tempcnt=\count91
\Gm@bindingoffset=\dimen109
\Gm@wd@mp=\dimen110
\Gm@odd@mp=\dimen111
\Gm@even@mp=\dimen112
\Gm@layoutwidth=\dimen113
\Gm@layoutheight=\dimen114
\Gm@layouthoffset=\dimen115
\Gm@layoutvoffset=\dimen116
\Gm@dimlist=\toks17
) (/home/nlevisrael/texl/texlive-install/texmf-dist/tex/latex/url/url.sty
\Urlmuskip=\muskip10
Package: url 2013/09/16  ver 3.4  Verb mode for urls, etc.
)
(/home/nlevisrael/texl/texlive-install/texmf-dist/tex/latex/graphics/graphicx.s
ty
Package: graphicx 2017/06/01 v1.1a Enhanced LaTeX Graphics (DPC,SPQR)

(/home/nlevisrael/texl/texlive-install/texmf-dist/tex/latex/graphics/graphics.s
ty
Package: graphics 2017/06/25 v1.2c Standard LaTeX Graphics (DPC,SPQR)

(/home/nlevisrael/texl/texlive-install/texmf-dist/tex/latex/graphics/trig.sty
Package: trig 2016/01/03 v1.10 sin cos tan (DPC)
)
(/home/nlevisrael/texl/texlive-install/texmf-dist/tex/latex/graphics-cfg/graphi
cs.cfg
File: graphics.cfg 2016/06/04 v1.11 sample graphics configuration
)
Package graphics Info: Driver file: pdftex.def on input line 99.
)
\Gin@req@height=\dimen117
\Gin@req@width=\dimen118
)
(/home/nlevisrael/texl/texlive-install/texmf-dist/tex/latex/framed/framed.sty
Package: framed 2011/10/22 v 0.96: framed or shaded text with page breaks
\OuterFrameSep=\skip45
\fb@frw=\dimen119
\fb@frh=\dimen120
\FrameRule=\dimen121
\FrameSep=\dimen122
)
(/home/nlevisrael/texl/texlive-install/texmf-dist/tex/latex/base/textcomp.sty
Package: textcomp 2017/04/05 v2.0i Standard LaTeX package
Package textcomp Info: Sub-encoding information:
(textcomp)               5 = only ISO-Adobe without \textcurrency
(textcomp)               4 = 5 + \texteuro
(textcomp)               3 = 4 + \textohm
(textcomp)               2 = 3 + \textestimated + \textcurrency
(textcomp)               1 = TS1 - \textcircled - \t
(textcomp)               0 = TS1 (full)
(textcomp)             Font families with sub-encoding setting implement
(textcomp)             only a restricted character set as indicated.
(textcomp)             Family '?' is the default used for unknown fonts.
(textcomp)             See the documentation for details.
Package textcomp Info: Setting ? sub-encoding to TS1/1 on input line 79.

(/home/nlevisrael/texl/texlive-install/texmf-dist/tex/latex/base/ts1enc.def
File: ts1enc.def 2001/06/05 v3.0e (jk/car/fm) Standard LaTeX file
Now handling font encoding TS1 ...
... processing UTF-8 mapping file for font encoding TS1

(/home/nlevisrael/texl/texlive-install/texmf-dist/tex/latex/base/ts1enc.dfu
File: ts1enc.dfu 2018/04/05 v1.2c UTF-8 support for inputenc
   defining Unicode char U+00A2 (decimal 162)
   defining Unicode char U+00A3 (decimal 163)
   defining Unicode char U+00A4 (decimal 164)
   defining Unicode char U+00A5 (decimal 165)
   defining Unicode char U+00A6 (decimal 166)
   defining Unicode char U+00A7 (decimal 167)
   defining Unicode char U+00A8 (decimal 168)
   defining Unicode char U+00A9 (decimal 169)
   defining Unicode char U+00AA (decimal 170)
   defining Unicode char U+00AC (decimal 172)
   defining Unicode char U+00AE (decimal 174)
   defining Unicode char U+00AF (decimal 175)
   defining Unicode char U+00B0 (decimal 176)
   defining Unicode char U+00B1 (decimal 177)
   defining Unicode char U+00B2 (decimal 178)
   defining Unicode char U+00B3 (decimal 179)
   defining Unicode char U+00B4 (decimal 180)
   defining Unicode char U+00B5 (decimal 181)
   defining Unicode char U+00B6 (decimal 182)
   defining Unicode char U+00B7 (decimal 183)
   defining Unicode char U+00B9 (decimal 185)
   defining Unicode char U+00BA (decimal 186)
   defining Unicode char U+00BC (decimal 188)
   defining Unicode char U+00BD (decimal 189)
   defining Unicode char U+00BE (decimal 190)
   defining Unicode char U+00D7 (decimal 215)
   defining Unicode char U+00F7 (decimal 247)
   defining Unicode char U+0192 (decimal 402)
   defining Unicode char U+02C7 (decimal 711)
   defining Unicode char U+02D8 (decimal 728)
   defining Unicode char U+02DD (decimal 733)
   defining Unicode char U+0E3F (decimal 3647)
   defining Unicode char U+2016 (decimal 8214)
   defining Unicode char U+2020 (decimal 8224)
   defining Unicode char U+2021 (decimal 8225)
   defining Unicode char U+2022 (decimal 8226)
   defining Unicode char U+2030 (decimal 8240)
   defining Unicode char U+2031 (decimal 8241)
   defining Unicode char U+203B (decimal 8251)
   defining Unicode char U+203D (decimal 8253)
   defining Unicode char U+2044 (decimal 8260)
   defining Unicode char U+204E (decimal 8270)
   defining Unicode char U+2052 (decimal 8274)
   defining Unicode char U+20A1 (decimal 8353)
   defining Unicode char U+20A4 (decimal 8356)
   defining Unicode char U+20A6 (decimal 8358)
   defining Unicode char U+20A9 (decimal 8361)
   defining Unicode char U+20AB (decimal 8363)
   defining Unicode char U+20AC (decimal 8364)
   defining Unicode char U+20B1 (decimal 8369)
   defining Unicode char U+2103 (decimal 8451)
   defining Unicode char U+2116 (decimal 8470)
   defining Unicode char U+2117 (decimal 8471)
   defining Unicode char U+211E (decimal 8478)
   defining Unicode char U+2120 (decimal 8480)
   defining Unicode char U+2122 (decimal 8482)
   defining Unicode char U+2126 (decimal 8486)
   defining Unicode char U+2127 (decimal 8487)
   defining Unicode char U+212E (decimal 8494)
   defining Unicode char U+2190 (decimal 8592)
   defining Unicode char U+2191 (decimal 8593)
   defining Unicode char U+2192 (decimal 8594)
   defining Unicode char U+2193 (decimal 8595)
   defining Unicode char U+2329 (decimal 9001)
   defining Unicode char U+232A (decimal 9002)
   defining Unicode char U+2422 (decimal 9250)
   defining Unicode char U+25E6 (decimal 9702)
   defining Unicode char U+25EF (decimal 9711)
   defining Unicode char U+266A (decimal 9834)
   defining Unicode char U+FEFF (decimal 65279)
))
LaTeX Info: Redefining \oldstylenums on input line 334.
Package textcomp Info: Setting cmr sub-encoding to TS1/0 on input line 349.
Package textcomp Info: Setting cmss sub-encoding to TS1/0 on input line 350.
Package textcomp Info: Setting cmtt sub-encoding to TS1/0 on input line 351.
Package textcomp Info: Setting cmvtt sub-encoding to TS1/0 on input line 352.
Package textcomp Info: Setting cmbr sub-encoding to TS1/0 on input line 353.
Package textcomp Info: Setting cmtl sub-encoding to TS1/0 on input line 354.
Package textcomp Info: Setting ccr sub-encoding to TS1/0 on input line 355.
Package textcomp Info: Setting ptm sub-encoding to TS1/4 on input line 356.
Package textcomp Info: Setting pcr sub-encoding to TS1/4 on input line 357.
Package textcomp Info: Setting phv sub-encoding to TS1/4 on input line 358.
Package textcomp Info: Setting ppl sub-encoding to TS1/3 on input line 359.
Package textcomp Info: Setting pag sub-encoding to TS1/4 on input line 360.
Package textcomp Info: Setting pbk sub-encoding to TS1/4 on input line 361.
Package textcomp Info: Setting pnc sub-encoding to TS1/4 on input line 362.
Package textcomp Info: Setting pzc sub-encoding to TS1/4 on input line 363.
Package textcomp Info: Setting bch sub-encoding to TS1/4 on input line 364.
Package textcomp Info: Setting put sub-encoding to TS1/5 on input line 365.
Package textcomp Info: Setting uag sub-encoding to TS1/5 on input line 366.
Package textcomp Info: Setting ugq sub-encoding to TS1/5 on input line 367.
Package textcomp Info: Setting ul8 sub-encoding to TS1/4 on input line 368.
Package textcomp Info: Setting ul9 sub-encoding to TS1/4 on input line 369.
Package textcomp Info: Setting augie sub-encoding to TS1/5 on input line 370.
Package textcomp Info: Setting dayrom sub-encoding to TS1/3 on input line 371.
Package textcomp Info: Setting dayroms sub-encoding to TS1/3 on input line 372.

Package textcomp Info: Setting pxr sub-encoding to TS1/0 on input line 373.
Package textcomp Info: Setting pxss sub-encoding to TS1/0 on input line 374.
Package textcomp Info: Setting pxtt sub-encoding to TS1/0 on input line 375.
Package textcomp Info: Setting txr sub-encoding to TS1/0 on input line 376.
Package textcomp Info: Setting txss sub-encoding to TS1/0 on input line 377.
Package textcomp Info: Setting txtt sub-encoding to TS1/0 on input line 378.
Package textcomp Info: Setting lmr sub-encoding to TS1/0 on input line 379.
Package textcomp Info: Setting lmdh sub-encoding to TS1/0 on input line 380.
Package textcomp Info: Setting lmss sub-encoding to TS1/0 on input line 381.
Package textcomp Info: Setting lmssq sub-encoding to TS1/0 on input line 382.
Package textcomp Info: Setting lmvtt sub-encoding to TS1/0 on input line 383.
Package textcomp Info: Setting lmtt sub-encoding to TS1/0 on input line 384.
Package textcomp Info: Setting qhv sub-encoding to TS1/0 on input line 385.
Package textcomp Info: Setting qag sub-encoding to TS1/0 on input line 386.
Package textcomp Info: Setting qbk sub-encoding to TS1/0 on input line 387.
Package textcomp Info: Setting qcr sub-encoding to TS1/0 on input line 388.
Package textcomp Info: Setting qcs sub-encoding to TS1/0 on input line 389.
Package textcomp Info: Setting qpl sub-encoding to TS1/0 on input line 390.
Package textcomp Info: Setting qtm sub-encoding to TS1/0 on input line 391.
Package textcomp Info: Setting qzc sub-encoding to TS1/0 on input line 392.
Package textcomp Info: Setting qhvc sub-encoding to TS1/0 on input line 393.
Package textcomp Info: Setting futs sub-encoding to TS1/4 on input line 394.
Package textcomp Info: Setting futx sub-encoding to TS1/4 on input line 395.
Package textcomp Info: Setting futj sub-encoding to TS1/4 on input line 396.
Package textcomp Info: Setting hlh sub-encoding to TS1/3 on input line 397.
Package textcomp Info: Setting hls sub-encoding to TS1/3 on input line 398.
Package textcomp Info: Setting hlst sub-encoding to TS1/3 on input line 399.
Package textcomp Info: Setting hlct sub-encoding to TS1/5 on input line 400.
Package textcomp Info: Setting hlx sub-encoding to TS1/5 on input line 401.
Package textcomp Info: Setting hlce sub-encoding to TS1/5 on input line 402.
Package textcomp Info: Setting hlcn sub-encoding to TS1/5 on input line 403.
Package textcomp Info: Setting hlcw sub-encoding to TS1/5 on input line 404.
Package textcomp Info: Setting hlcf sub-encoding to TS1/5 on input line 405.
Package textcomp Info: Setting pplx sub-encoding to TS1/3 on input line 406.
Package textcomp Info: Setting pplj sub-encoding to TS1/3 on input line 407.
Package textcomp Info: Setting ptmx sub-encoding to TS1/4 on input line 408.
Package textcomp Info: Setting ptmj sub-encoding to TS1/4 on input line 409.
)
(/home/nlevisrael/texl/texlive-install/texmf-dist/tex/latex/float/float.sty
Package: float 2001/11/08 v1.3d Float enhancements (AL)
\c@float@type=\count92
\float@exts=\toks18
\float@box=\box27
\@float@everytoks=\toks19
\@floatcapt=\box28
)
(/home/nlevisrael/texl/texlive-install/texmf-dist/tex/latex/mdframed/mdframed.s
ty
Package: mdframed 2013/07/01 1.9b: mdframed

(/home/nlevisrael/texl/texlive-install/texmf-dist/tex/latex/l3packages/xparse/x
parse.sty
(/home/nlevisrael/texl/texlive-install/texmf-dist/tex/latex/l3kernel/expl3.sty
Package: expl3 2018/03/05 L3 programming layer (loader) 

(/home/nlevisrael/texl/texlive-install/texmf-dist/tex/latex/l3kernel/expl3-code
.tex
Package: expl3 2018/03/05 L3 programming layer (code)
\c_max_int=\count93
\l_tmpa_int=\count94
\l_tmpb_int=\count95
\g_tmpa_int=\count96
\g_tmpb_int=\count97
\g__intarray_font_int=\count98
\g__prg_map_int=\count99
\c_log_iow=\count100
\l_iow_line_count_int=\count101
\l__iow_line_target_int=\count102
\l__iow_one_indent_int=\count103
\l__iow_indent_int=\count104
\c_zero_dim=\dimen123
\c_max_dim=\dimen124
\l_tmpa_dim=\dimen125
\l_tmpb_dim=\dimen126
\g_tmpa_dim=\dimen127
\g_tmpb_dim=\dimen128
\c_zero_skip=\skip46
\c_max_skip=\skip47
\l_tmpa_skip=\skip48
\l_tmpb_skip=\skip49
\g_tmpa_skip=\skip50
\g_tmpb_skip=\skip51
\c_zero_muskip=\muskip11
\c_max_muskip=\muskip12
\l_tmpa_muskip=\muskip13
\l_tmpb_muskip=\muskip14
\g_tmpa_muskip=\muskip15
\g_tmpb_muskip=\muskip16
\l_keys_choice_int=\count105
\c__fp_leading_shift_int=\count106
\c__fp_middle_shift_int=\count107
\c__fp_trailing_shift_int=\count108
\c__fp_big_leading_shift_int=\count109
\c__fp_big_middle_shift_int=\count110
\c__fp_big_trailing_shift_int=\count111
\c__fp_Bigg_leading_shift_int=\count112
\c__fp_Bigg_middle_shift_int=\count113
\c__fp_Bigg_trailing_shift_int=\count114
\c__fp_rand_size_int=\count115
\c__fp_rand_four_int=\count116
\c__fp_rand_eight_int=\count117
\l__sort_length_int=\count118
\l__sort_min_int=\count119
\l__sort_top_int=\count120
\l__sort_max_int=\count121
\l__sort_true_max_int=\count122
\l__sort_block_int=\count123
\l__sort_begin_int=\count124
\l__sort_end_int=\count125
\l__sort_A_int=\count126
\l__sort_B_int=\count127
\l__sort_C_int=\count128
\l__tl_build_start_index_int=\count129
\l__tl_build_index_int=\count130
\l__tl_analysis_normal_int=\count131
\l__tl_analysis_index_int=\count132
\l__tl_analysis_nesting_int=\count133
\l__tl_analysis_type_int=\count134
\l__regex_internal_a_int=\count135
\l__regex_internal_b_int=\count136
\l__regex_internal_c_int=\count137
\l__regex_balance_int=\count138
\l__regex_group_level_int=\count139
\l__regex_mode_int=\count140
\c__regex_cs_in_class_mode_int=\count141
\c__regex_cs_mode_int=\count142
\l__regex_catcodes_int=\count143
\l__regex_default_catcodes_int=\count144
\c__regex_catcode_D_int=\count145
\c__regex_catcode_S_int=\count146
\c__regex_catcode_L_int=\count147
\c__regex_catcode_O_int=\count148
\c__regex_catcode_A_int=\count149
\c__regex_all_catcodes_int=\count150
\l__regex_show_lines_int=\count151
\l__regex_min_state_int=\count152
\l__regex_max_state_int=\count153
\l__regex_left_state_int=\count154
\l__regex_right_state_int=\count155
\l__regex_capturing_group_int=\count156
\l__regex_min_pos_int=\count157
\l__regex_max_pos_int=\count158
\l__regex_curr_pos_int=\count159
\l__regex_start_pos_int=\count160
\l__regex_success_pos_int=\count161
\l__regex_curr_char_int=\count162
\l__regex_curr_catcode_int=\count163
\l__regex_last_char_int=\count164
\l__regex_case_changed_char_int=\count165
\l__regex_curr_state_int=\count166
\l__regex_step_int=\count167
\l__regex_min_active_int=\count168
\l__regex_max_active_int=\count169
\l__regex_replacement_csnames_int=\count170
\l__regex_match_count_int=\count171
\l__regex_min_submatch_int=\count172
\l__regex_submatch_int=\count173
\l__regex_zeroth_submatch_int=\count174
\g__regex_trace_regex_int=\count175
\c_empty_box=\box29
\l_tmpa_box=\box30
\l_tmpb_box=\box31
\g_tmpa_box=\box32
\g_tmpb_box=\box33
\l__box_top_dim=\dimen129
\l__box_bottom_dim=\dimen130
\l__box_left_dim=\dimen131
\l__box_right_dim=\dimen132
\l__box_top_new_dim=\dimen133
\l__box_bottom_new_dim=\dimen134
\l__box_left_new_dim=\dimen135
\l__box_right_new_dim=\dimen136
\l__box_internal_box=\box34
\l__coffin_internal_box=\box35
\l__coffin_internal_dim=\dimen137
\l__coffin_offset_x_dim=\dimen138
\l__coffin_offset_y_dim=\dimen139
\l__coffin_x_dim=\dimen140
\l__coffin_y_dim=\dimen141
\l__coffin_x_prime_dim=\dimen142
\l__coffin_y_prime_dim=\dimen143
\c_empty_coffin=\box36
\l__coffin_aligned_coffin=\box37
\l__coffin_aligned_internal_coffin=\box38
\l_tmpa_coffin=\box39
\l_tmpb_coffin=\box40
\l__coffin_display_coffin=\box41
\l__coffin_display_coord_coffin=\box42
\l__coffin_display_pole_coffin=\box43
\l__coffin_display_offset_dim=\dimen144
\l__coffin_display_x_dim=\dimen145
\l__coffin_display_y_dim=\dimen146
\l__coffin_bounding_shift_dim=\dimen147
\l__coffin_left_corner_dim=\dimen148
\l__coffin_right_corner_dim=\dimen149
\l__coffin_bottom_corner_dim=\dimen150
\l__coffin_top_corner_dim=\dimen151
\l__coffin_scaled_total_height_dim=\dimen152
\l__coffin_scaled_width_dim=\dimen153
)
(/home/nlevisrael/texl/texlive-install/texmf-dist/tex/latex/l3kernel/l3pdfmode.
def
File: l3pdfmode.def 2017/03/18 v L3 Experimental driver: PDF mode
\l__driver_color_stack_int=\count176
))
Package: xparse 2018/02/21 L3 Experimental document command parser
\l__xparse_current_arg_int=\count177
\g__xparse_grabber_int=\count178
\l__xparse_m_args_int=\count179
\l__xparse_mandatory_args_int=\count180
\l__xparse_v_nesting_int=\count181
)
(/home/nlevisrael/texl/texlive-install/texmf-dist/tex/latex/etoolbox/etoolbox.s
ty
Package: etoolbox 2018/02/11 v2.5e e-TeX tools for LaTeX (JAW)
\etb@tempcnta=\count182
)
(/home/nlevisrael/texl/texlive-install/texmf-dist/tex/latex/oberdiek/zref-abspa
ge.sty
Package: zref-abspage 2016/05/21 v2.26 Module abspage for zref (HO)

(/home/nlevisrael/texl/texlive-install/texmf-dist/tex/latex/oberdiek/zref-base.
sty
Package: zref-base 2016/05/21 v2.26 Module base for zref (HO)

(/home/nlevisrael/texl/texlive-install/texmf-dist/tex/generic/oberdiek/kvdefine
keys.sty
Package: kvdefinekeys 2016/05/16 v1.4 Define keys (HO)
)
(/home/nlevisrael/texl/texlive-install/texmf-dist/tex/generic/oberdiek/pdftexcm
ds.sty
Package: pdftexcmds 2018/01/30 v0.27 Utility functions of pdfTeX for LuaTeX (HO
)
Package pdftexcmds Info: LuaTeX not detected.
Package pdftexcmds Info: \pdf@primitive is available.
Package pdftexcmds Info: \pdf@ifprimitive is available.
Package pdftexcmds Info: \pdfdraftmode found.
)
(/home/nlevisrael/texl/texlive-install/texmf-dist/tex/latex/oberdiek/auxhook.st
y
Package: auxhook 2016/05/16 v1.4 Hooks for auxiliary files (HO)
)
Package zref Info: New property list: main on input line 759.
Package zref Info: New property: default on input line 760.
Package zref Info: New property: page on input line 761.
)
\c@abspage=\count183
Package zref Info: New property: abspage on input line 62.
)
(/home/nlevisrael/texl/texlive-install/texmf-dist/tex/latex/needspace/needspace
.sty
Package: needspace 2010/09/12 v1.3d reserve vertical space
)
\mdf@templength=\skip52
\c@mdf@globalstyle@cnt=\count184
\mdf@skipabove@length=\skip53
\mdf@skipbelow@length=\skip54
\mdf@leftmargin@length=\skip55
\mdf@rightmargin@length=\skip56
\mdf@innerleftmargin@length=\skip57
\mdf@innerrightmargin@length=\skip58
\mdf@innertopmargin@length=\skip59
\mdf@innerbottommargin@length=\skip60
\mdf@splittopskip@length=\skip61
\mdf@splitbottomskip@length=\skip62
\mdf@outermargin@length=\skip63
\mdf@innermargin@length=\skip64
\mdf@linewidth@length=\skip65
\mdf@innerlinewidth@length=\skip66
\mdf@middlelinewidth@length=\skip67
\mdf@outerlinewidth@length=\skip68
\mdf@roundcorner@length=\skip69
\mdf@footenotedistance@length=\skip70
\mdf@userdefinedwidth@length=\skip71
\mdf@needspace@length=\skip72
\mdf@frametitleaboveskip@length=\skip73
\mdf@frametitlebelowskip@length=\skip74
\mdf@frametitlerulewidth@length=\skip75
\mdf@frametitleleftmargin@length=\skip76
\mdf@frametitlerightmargin@length=\skip77
\mdf@shadowsize@length=\skip78
\mdf@extratopheight@length=\skip79
\mdf@subtitleabovelinewidth@length=\skip80
\mdf@subtitlebelowlinewidth@length=\skip81
\mdf@subtitleaboveskip@length=\skip82
\mdf@subtitlebelowskip@length=\skip83
\mdf@subtitleinneraboveskip@length=\skip84
\mdf@subtitleinnerbelowskip@length=\skip85
\mdf@subsubtitleabovelinewidth@length=\skip86
\mdf@subsubtitlebelowlinewidth@length=\skip87
\mdf@subsubtitleaboveskip@length=\skip88
\mdf@subsubtitlebelowskip@length=\skip89
\mdf@subsubtitleinneraboveskip@length=\skip90
\mdf@subsubtitleinnerbelowskip@length=\skip91

(/home/nlevisrael/texl/texlive-install/texmf-dist/tex/latex/mdframed/md-frame-0
.mdf
File: md-frame-0.mdf 2013/07/01\ 1.9b: md-frame-0
)
\mdf@frametitlebox=\box44
\mdf@footnotebox=\box45
\mdf@splitbox@one=\box46
\mdf@splitbox@two=\box47
\mdf@splitbox@save=\box48
\mdfsplitboxwidth=\skip92
\mdfsplitboxtotalwidth=\skip93
\mdfsplitboxheight=\skip94
\mdfsplitboxdepth=\skip95
\mdfsplitboxtotalheight=\skip96
\mdfframetitleboxwidth=\skip97
\mdfframetitleboxtotalwidth=\skip98
\mdfframetitleboxheight=\skip99
\mdfframetitleboxdepth=\skip100
\mdfframetitleboxtotalheight=\skip101
\mdffootnoteboxwidth=\skip102
\mdffootnoteboxtotalwidth=\skip103
\mdffootnoteboxheight=\skip104
\mdffootnoteboxdepth=\skip105
\mdffootnoteboxtotalheight=\skip106
\mdftotallinewidth=\skip107
\mdfboundingboxwidth=\skip108
\mdfboundingboxtotalwidth=\skip109
\mdfboundingboxheight=\skip110
\mdfboundingboxdepth=\skip111
\mdfboundingboxtotalheight=\skip112
\mdf@freevspace@length=\skip113
\mdf@horizontalwidthofbox@length=\skip114
\mdf@verticalmarginwhole@length=\skip115
\mdf@horizontalspaceofbox=\skip116
\mdfsubtitleheight=\skip117
\mdfsubsubtitleheight=\skip118
\c@mdfcountframes=\count185

****** mdframed patching \endmdf@trivlist

****** -- success******

.................................................
. LaTeX info: "xparse/define-command"
. 
. Defining command \newmdtheoremenv with sig. 'O{} m o m o ' on line 601.
.................................................
.................................................
. LaTeX info: "xparse/define-command"
. 
. Defining command \mdtheorem with sig. ' O{} m o m o ' on line 701.
.................................................
\mdf@envdepth=\count186
\c@mdf@env@i=\count187
\c@mdf@env@ii=\count188
\c@mdf@zref@counter=\count189
Package zref Info: New property: mdf@pagevalue on input line 895.
)
(/home/nlevisrael/texl/texlive-install/texmf-dist/tex/latex/setspace/setspace.s
ty
Package: setspace 2011/12/19 v6.7a set line spacing
)
(/home/nlevisrael/texl/texlive-install/texmf-dist/tex/latex/breakurl/breakurl.s
ty
Package: breakurl 2013/04/10 v1.40 Breakable hyperref URLs

(/home/nlevisrael/texl/texlive-install/texmf-dist/tex/latex/xkeyval/xkeyval.sty
Package: xkeyval 2014/12/03 v2.7a package option processing (HA)

(/home/nlevisrael/texl/texlive-install/texmf-dist/tex/generic/xkeyval/xkeyval.t
ex
(/home/nlevisrael/texl/texlive-install/texmf-dist/tex/generic/xkeyval/xkvutils.
tex
\XKV@toks=\toks20
\XKV@tempa@toks=\toks21
)
\XKV@depth=\count190
File: xkeyval.tex 2014/12/03 v2.7a key=value parser (HA)
))

Package breakurl Warning: You are using breakurl while processing via pdflatex.

(breakurl)                \burl will be just a synonym of \url.
(breakurl)                 on input line 48.

)
(/home/nlevisrael/texl/texlive-install/texmf-dist/tex/latex/hyperref/hyperref.s
ty
Package: hyperref 2018/02/06 v6.86b Hypertext links for LaTeX

(/home/nlevisrael/texl/texlive-install/texmf-dist/tex/generic/oberdiek/hobsub-h
yperref.sty
Package: hobsub-hyperref 2016/05/16 v1.14 Bundle oberdiek, subset hyperref (HO)


(/home/nlevisrael/texl/texlive-install/texmf-dist/tex/generic/oberdiek/hobsub-g
eneric.sty
Package: hobsub-generic 2016/05/16 v1.14 Bundle oberdiek, subset generic (HO)
Package: hobsub 2016/05/16 v1.14 Construct package bundles (HO)
Package hobsub Info: Skipping package `infwarerr' (already loaded).
Package hobsub Info: Skipping package `ltxcmds' (already loaded).
Package hobsub Info: Skipping package `ifluatex' (already loaded).
Package hobsub Info: Skipping package `ifvtex' (already loaded).
Package: intcalc 2016/05/16 v1.2 Expandable calculations with integers (HO)
Package hobsub Info: Skipping package `ifpdf' (already loaded).
Package hobsub Info: Skipping package `etexcmds' (already loaded).
Package hobsub Info: Skipping package `kvsetkeys' (already loaded).
Package hobsub Info: Skipping package `kvdefinekeys' (already loaded).
Package hobsub Info: Skipping package `pdftexcmds' (already loaded).
Package: pdfescape 2016/05/16 v1.14 Implements pdfTeX's escape features (HO)
Package: bigintcalc 2016/05/16 v1.4 Expandable calculations on big integers (HO
)
Package: bitset 2016/05/16 v1.2 Handle bit-vector datatype (HO)
Package: uniquecounter 2016/05/16 v1.3 Provide unlimited unique counter (HO)
)
Package hobsub Info: Skipping package `hobsub' (already loaded).
Package: letltxmacro 2016/05/16 v1.5 Let assignment for LaTeX macros (HO)
Package: hopatch 2016/05/16 v1.3 Wrapper for package hooks (HO)
Package: xcolor-patch 2016/05/16 xcolor patch
Package: atveryend 2016/05/16 v1.9 Hooks at the very end of document (HO)
Package hobsub Info: Skipping package `atbegshi' (already loaded).
Package: refcount 2016/05/16 v3.5 Data extraction from label references (HO)
Package: hycolor 2016/05/16 v1.8 Color options for hyperref/bookmark (HO)
)
\@linkdim=\dimen154
\Hy@linkcounter=\count191
\Hy@pagecounter=\count192

(/home/nlevisrael/texl/texlive-install/texmf-dist/tex/latex/hyperref/pd1enc.def
File: pd1enc.def 2018/02/06 v6.86b Hyperref: PDFDocEncoding definition (HO)
Now handling font encoding PD1 ...
... no UTF-8 mapping file for font encoding PD1
)
\Hy@SavedSpaceFactor=\count193

(/home/nlevisrael/texl/texlive-install/texmf-dist/tex/latex/latexconfig/hyperre
f.cfg
File: hyperref.cfg 2002/06/06 v1.2 hyperref configuration of TeXLive
)
Package hyperref Info: Hyper figures OFF on input line 4509.
Package hyperref Info: Link nesting OFF on input line 4514.
Package hyperref Info: Hyper index ON on input line 4517.
Package hyperref Info: Plain pages OFF on input line 4524.
Package hyperref Info: Backreferencing OFF on input line 4529.
Package hyperref Info: Implicit mode ON; LaTeX internals redefined.
Package hyperref Info: Bookmarks ON on input line 4762.
\c@Hy@tempcnt=\count194
LaTeX Info: Redefining \url on input line 5115.
\XeTeXLinkMargin=\dimen155
\Fld@menulength=\count195
\Field@Width=\dimen156
\Fld@charsize=\dimen157
Package hyperref Info: Hyper figures OFF on input line 6369.
Package hyperref Info: Link nesting OFF on input line 6374.
Package hyperref Info: Hyper index ON on input line 6377.
Package hyperref Info: backreferencing OFF on input line 6384.
Package hyperref Info: Link coloring OFF on input line 6389.
Package hyperref Info: Link coloring with OCG OFF on input line 6394.
Package hyperref Info: PDF/A mode OFF on input line 6399.
LaTeX Info: Redefining \ref on input line 6439.
LaTeX Info: Redefining \pageref on input line 6443.
\Hy@abspage=\count196
\c@Item=\count197
\c@Hfootnote=\count198
)
Package hyperref Info: Driver (autodetected): hpdftex.

(/home/nlevisrael/texl/texlive-install/texmf-dist/tex/latex/hyperref/hpdftex.de
f
File: hpdftex.def 2018/02/06 v6.86b Hyperref driver for pdfTeX
\HyAnn@Count=\count199
\Fld@listcount=\count266
\c@bookmark@seq@number=\count267

(/home/nlevisrael/texl/texlive-install/texmf-dist/tex/latex/oberdiek/rerunfilec
heck.sty
Package: rerunfilecheck 2016/05/16 v1.8 Rerun checks for auxiliary files (HO)
Package uniquecounter Info: New unique counter `rerunfilecheck' on input line 2
82.
)
\Hy@SectionHShift=\skip119
)
(/home/nlevisrael/texl/texlive-install/texmf-dist/tex/latex/tcolorbox/tcolorbox
.sty
Package: tcolorbox 2018/03/22 version 4.13 text color boxes

(/home/nlevisrael/texl/texlive-install/texmf-dist/tex/latex/pgf/basiclayer/pgf.
sty
(/home/nlevisrael/texl/texlive-install/texmf-dist/tex/latex/pgf/utilities/pgfrc
s.sty
(/home/nlevisrael/texl/texlive-install/texmf-dist/tex/generic/pgf/utilities/pgf
util-common.tex
\pgfutil@everybye=\toks22
\pgfutil@tempdima=\dimen158
\pgfutil@tempdimb=\dimen159

(/home/nlevisrael/texl/texlive-install/texmf-dist/tex/generic/pgf/utilities/pgf
util-common-lists.tex))
(/home/nlevisrael/texl/texlive-install/texmf-dist/tex/generic/pgf/utilities/pgf
util-latex.def
\pgfutil@abb=\box49

(/home/nlevisrael/texl/texlive-install/texmf-dist/tex/latex/ms/everyshi.sty
Package: everyshi 2001/05/15 v3.00 EveryShipout Package (MS)
))
(/home/nlevisrael/texl/texlive-install/texmf-dist/tex/generic/pgf/utilities/pgf
rcs.code.tex
Package: pgfrcs 2015/08/07 v3.0.1a (rcs-revision 1.31)
))
Package: pgf 2015/08/07 v3.0.1a (rcs-revision 1.15)

(/home/nlevisrael/texl/texlive-install/texmf-dist/tex/latex/pgf/basiclayer/pgfc
ore.sty
(/home/nlevisrael/texl/texlive-install/texmf-dist/tex/latex/pgf/systemlayer/pgf
sys.sty
(/home/nlevisrael/texl/texlive-install/texmf-dist/tex/generic/pgf/systemlayer/p
gfsys.code.tex
Package: pgfsys 2014/07/09 v3.0.1a (rcs-revision 1.48)

(/home/nlevisrael/texl/texlive-install/texmf-dist/tex/generic/pgf/utilities/pgf
keys.code.tex
\pgfkeys@pathtoks=\toks23
\pgfkeys@temptoks=\toks24

(/home/nlevisrael/texl/texlive-install/texmf-dist/tex/generic/pgf/utilities/pgf
keysfiltered.code.tex
\pgfkeys@tmptoks=\toks25
))
\pgf@x=\dimen160
\pgf@y=\dimen161
\pgf@xa=\dimen162
\pgf@ya=\dimen163
\pgf@xb=\dimen164
\pgf@yb=\dimen165
\pgf@xc=\dimen166
\pgf@yc=\dimen167
\w@pgf@writea=\write3
\r@pgf@reada=\read1
\c@pgf@counta=\count268
\c@pgf@countb=\count269
\c@pgf@countc=\count270
\c@pgf@countd=\count271
\t@pgf@toka=\toks26
\t@pgf@tokb=\toks27
\t@pgf@tokc=\toks28

(/home/nlevisrael/texl/texlive-install/texmf-dist/tex/generic/pgf/systemlayer/p
gf.cfg
File: pgf.cfg 2008/05/14  (rcs-revision 1.7)
)
Driver file for pgf: pgfsys-pdftex.def

(/home/nlevisrael/texl/texlive-install/texmf-dist/tex/generic/pgf/systemlayer/p
gfsys-pdftex.def
File: pgfsys-pdftex.def 2014/10/11  (rcs-revision 1.35)

(/home/nlevisrael/texl/texlive-install/texmf-dist/tex/generic/pgf/systemlayer/p
gfsys-common-pdf.def
File: pgfsys-common-pdf.def 2013/10/10  (rcs-revision 1.13)
)))
(/home/nlevisrael/texl/texlive-install/texmf-dist/tex/generic/pgf/systemlayer/p
gfsyssoftpath.code.tex
File: pgfsyssoftpath.code.tex 2013/09/09  (rcs-revision 1.9)
\pgfsyssoftpath@smallbuffer@items=\count272
\pgfsyssoftpath@bigbuffer@items=\count273
)
(/home/nlevisrael/texl/texlive-install/texmf-dist/tex/generic/pgf/systemlayer/p
gfsysprotocol.code.tex
File: pgfsysprotocol.code.tex 2006/10/16  (rcs-revision 1.4)
))
(/home/nlevisrael/texl/texlive-install/texmf-dist/tex/generic/pgf/basiclayer/pg
fcore.code.tex
Package: pgfcore 2010/04/11 v3.0.1a (rcs-revision 1.7)

(/home/nlevisrael/texl/texlive-install/texmf-dist/tex/generic/pgf/math/pgfmath.
code.tex
(/home/nlevisrael/texl/texlive-install/texmf-dist/tex/generic/pgf/math/pgfmathc
alc.code.tex
(/home/nlevisrael/texl/texlive-install/texmf-dist/tex/generic/pgf/math/pgfmathu
til.code.tex)
(/home/nlevisrael/texl/texlive-install/texmf-dist/tex/generic/pgf/math/pgfmathp
arser.code.tex
\pgfmath@dimen=\dimen168
\pgfmath@count=\count274
\pgfmath@box=\box50
\pgfmath@toks=\toks29
\pgfmath@stack@operand=\toks30
\pgfmath@stack@operation=\toks31
)
(/home/nlevisrael/texl/texlive-install/texmf-dist/tex/generic/pgf/math/pgfmathf
unctions.code.tex
(/home/nlevisrael/texl/texlive-install/texmf-dist/tex/generic/pgf/math/pgfmathf
unctions.basic.code.tex)
(/home/nlevisrael/texl/texlive-install/texmf-dist/tex/generic/pgf/math/pgfmathf
unctions.trigonometric.code.tex)
(/home/nlevisrael/texl/texlive-install/texmf-dist/tex/generic/pgf/math/pgfmathf
unctions.random.code.tex)
(/home/nlevisrael/texl/texlive-install/texmf-dist/tex/generic/pgf/math/pgfmathf
unctions.comparison.code.tex)
(/home/nlevisrael/texl/texlive-install/texmf-dist/tex/generic/pgf/math/pgfmathf
unctions.base.code.tex)
(/home/nlevisrael/texl/texlive-install/texmf-dist/tex/generic/pgf/math/pgfmathf
unctions.round.code.tex)
(/home/nlevisrael/texl/texlive-install/texmf-dist/tex/generic/pgf/math/pgfmathf
unctions.misc.code.tex)
(/home/nlevisrael/texl/texlive-install/texmf-dist/tex/generic/pgf/math/pgfmathf
unctions.integerarithmetics.code.tex)))
(/home/nlevisrael/texl/texlive-install/texmf-dist/tex/generic/pgf/math/pgfmathf
loat.code.tex
\c@pgfmathroundto@lastzeros=\count275
))
(/home/nlevisrael/texl/texlive-install/texmf-dist/tex/generic/pgf/basiclayer/pg
fcorepoints.code.tex
File: pgfcorepoints.code.tex 2013/10/07  (rcs-revision 1.27)
\pgf@picminx=\dimen169
\pgf@picmaxx=\dimen170
\pgf@picminy=\dimen171
\pgf@picmaxy=\dimen172
\pgf@pathminx=\dimen173
\pgf@pathmaxx=\dimen174
\pgf@pathminy=\dimen175
\pgf@pathmaxy=\dimen176
\pgf@xx=\dimen177
\pgf@xy=\dimen178
\pgf@yx=\dimen179
\pgf@yy=\dimen180
\pgf@zx=\dimen181
\pgf@zy=\dimen182
LaTeX Font Info:    Try loading font information for T1+qtm on input line 926.

(/home/nlevisrael/texl/texlive-install/texmf-dist/tex/latex/tex-gyre/t1qtm.fd
File: t1qtm.fd 2009/09/25 v1.2 font definition file for T1/qtm
))
(/home/nlevisrael/texl/texlive-install/texmf-dist/tex/generic/pgf/basiclayer/pg
fcorepathconstruct.code.tex
File: pgfcorepathconstruct.code.tex 2013/10/07  (rcs-revision 1.29)
\pgf@path@lastx=\dimen183
\pgf@path@lasty=\dimen184
)
(/home/nlevisrael/texl/texlive-install/texmf-dist/tex/generic/pgf/basiclayer/pg
fcorepathusage.code.tex
File: pgfcorepathusage.code.tex 2014/11/02  (rcs-revision 1.24)
\pgf@shorten@end@additional=\dimen185
\pgf@shorten@start@additional=\dimen186
)
(/home/nlevisrael/texl/texlive-install/texmf-dist/tex/generic/pgf/basiclayer/pg
fcorescopes.code.tex
File: pgfcorescopes.code.tex 2015/05/08  (rcs-revision 1.46)
\pgfpic=\box51
\pgf@hbox=\box52
\pgf@layerbox@main=\box53
\pgf@picture@serial@count=\count276
)
(/home/nlevisrael/texl/texlive-install/texmf-dist/tex/generic/pgf/basiclayer/pg
fcoregraphicstate.code.tex
File: pgfcoregraphicstate.code.tex 2014/11/02  (rcs-revision 1.12)
\pgflinewidth=\dimen187
)
(/home/nlevisrael/texl/texlive-install/texmf-dist/tex/generic/pgf/basiclayer/pg
fcoretransformations.code.tex
File: pgfcoretransformations.code.tex 2015/08/07  (rcs-revision 1.20)
\pgf@pt@x=\dimen188
\pgf@pt@y=\dimen189
\pgf@pt@temp=\dimen190
)
(/home/nlevisrael/texl/texlive-install/texmf-dist/tex/generic/pgf/basiclayer/pg
fcorequick.code.tex
File: pgfcorequick.code.tex 2008/10/09  (rcs-revision 1.3)
)
(/home/nlevisrael/texl/texlive-install/texmf-dist/tex/generic/pgf/basiclayer/pg
fcoreobjects.code.tex
File: pgfcoreobjects.code.tex 2006/10/11  (rcs-revision 1.2)
)
(/home/nlevisrael/texl/texlive-install/texmf-dist/tex/generic/pgf/basiclayer/pg
fcorepathprocessing.code.tex
File: pgfcorepathprocessing.code.tex 2013/09/09  (rcs-revision 1.9)
)
(/home/nlevisrael/texl/texlive-install/texmf-dist/tex/generic/pgf/basiclayer/pg
fcorearrows.code.tex
File: pgfcorearrows.code.tex 2015/05/14  (rcs-revision 1.43)
\pgfarrowsep=\dimen191
)
(/home/nlevisrael/texl/texlive-install/texmf-dist/tex/generic/pgf/basiclayer/pg
fcoreshade.code.tex
File: pgfcoreshade.code.tex 2013/07/15  (rcs-revision 1.15)
\pgf@max=\dimen192
\pgf@sys@shading@range@num=\count277
)
(/home/nlevisrael/texl/texlive-install/texmf-dist/tex/generic/pgf/basiclayer/pg
fcoreimage.code.tex
File: pgfcoreimage.code.tex 2013/07/15  (rcs-revision 1.18)

(/home/nlevisrael/texl/texlive-install/texmf-dist/tex/generic/pgf/basiclayer/pg
fcoreexternal.code.tex
File: pgfcoreexternal.code.tex 2014/07/09  (rcs-revision 1.21)
\pgfexternal@startupbox=\box54
))
(/home/nlevisrael/texl/texlive-install/texmf-dist/tex/generic/pgf/basiclayer/pg
fcorelayers.code.tex
File: pgfcorelayers.code.tex 2013/07/18  (rcs-revision 1.7)
)
(/home/nlevisrael/texl/texlive-install/texmf-dist/tex/generic/pgf/basiclayer/pg
fcoretransparency.code.tex
File: pgfcoretransparency.code.tex 2013/09/30  (rcs-revision 1.5)
)
(/home/nlevisrael/texl/texlive-install/texmf-dist/tex/generic/pgf/basiclayer/pg
fcorepatterns.code.tex
File: pgfcorepatterns.code.tex 2013/11/07  (rcs-revision 1.5)
)))
(/home/nlevisrael/texl/texlive-install/texmf-dist/tex/generic/pgf/modules/pgfmo
duleshapes.code.tex
File: pgfmoduleshapes.code.tex 2014/03/21  (rcs-revision 1.35)
\pgfnodeparttextbox=\box55
)
(/home/nlevisrael/texl/texlive-install/texmf-dist/tex/generic/pgf/modules/pgfmo
duleplot.code.tex
File: pgfmoduleplot.code.tex 2015/08/03  (rcs-revision 1.13)
)
(/home/nlevisrael/texl/texlive-install/texmf-dist/tex/latex/pgf/compatibility/p
gfcomp-version-0-65.sty
Package: pgfcomp-version-0-65 2007/07/03 v3.0.1a (rcs-revision 1.7)
\pgf@nodesepstart=\dimen193
\pgf@nodesepend=\dimen194
)
(/home/nlevisrael/texl/texlive-install/texmf-dist/tex/latex/pgf/compatibility/p
gfcomp-version-1-18.sty
Package: pgfcomp-version-1-18 2007/07/23 v3.0.1a (rcs-revision 1.1)
))
(/home/nlevisrael/texl/texlive-install/texmf-dist/tex/latex/tools/verbatim.sty
Package: verbatim 2014/10/28 v1.5q LaTeX2e package for verbatim enhancements
\every@verbatim=\toks32
\verbatim@line=\toks33
\verbatim@in@stream=\read2
)
(/home/nlevisrael/texl/texlive-install/texmf-dist/tex/latex/environ/environ.sty
Package: environ 2014/05/04 v0.3 A new way to define environments

(/home/nlevisrael/texl/texlive-install/texmf-dist/tex/latex/trimspaces/trimspac
es.sty
Package: trimspaces 2009/09/17 v1.1 Trim spaces around a token list
)
\@envbody=\toks34
)
\tcb@titlebox=\box56
\tcb@upperbox=\box57
\tcb@lowerbox=\box58
\tcb@phantombox=\box59
\c@tcbbreakpart=\count278
\c@tcblayer=\count279
\tcolorbox@number=\count280
\tcb@temp=\box60
\tcb@temp=\box61
\tcb@temp=\box62
\tcb@temp=\box63
\tcb@out=\write4
\tcb@record@out=\write5

(/home/nlevisrael/texl/texlive-install/texmf-dist/tex/latex/tcolorbox/tcbraster
.code.tex
Library (tcolorbox): 'tcbraster.code.tex' version '4.13'
\c@tcbrastercolumn=\count281
\c@tcbrasterrow=\count282
\c@tcbraster=\count283
)
(/home/nlevisrael/texl/texlive-install/texmf-dist/tex/latex/tcolorbox/tcbskins.
code.tex
Library (tcolorbox): 'tcbskins.code.tex' version '4.13'

(/home/nlevisrael/texl/texlive-install/texmf-dist/tex/latex/pgf/frontendlayer/t
ikz.sty
(/home/nlevisrael/texl/texlive-install/texmf-dist/tex/latex/pgf/utilities/pgffo
r.sty
(/home/nlevisrael/texl/texlive-install/texmf-dist/tex/latex/pgf/utilities/pgfke
ys.sty
(/home/nlevisrael/texl/texlive-install/texmf-dist/tex/generic/pgf/utilities/pgf
keys.code.tex))
(/home/nlevisrael/texl/texlive-install/texmf-dist/tex/latex/pgf/math/pgfmath.st
y
(/home/nlevisrael/texl/texlive-install/texmf-dist/tex/generic/pgf/math/pgfmath.
code.tex))
(/home/nlevisrael/texl/texlive-install/texmf-dist/tex/generic/pgf/utilities/pgf
for.code.tex
Package: pgffor 2013/12/13 v3.0.1a (rcs-revision 1.25)

(/home/nlevisrael/texl/texlive-install/texmf-dist/tex/generic/pgf/math/pgfmath.
code.tex)
\pgffor@iter=\dimen195
\pgffor@skip=\dimen196
\pgffor@stack=\toks35
\pgffor@toks=\toks36
))
(/home/nlevisrael/texl/texlive-install/texmf-dist/tex/generic/pgf/frontendlayer
/tikz/tikz.code.tex
Package: tikz 2015/08/07 v3.0.1a (rcs-revision 1.151)

(/home/nlevisrael/texl/texlive-install/texmf-dist/tex/generic/pgf/libraries/pgf
libraryplothandlers.code.tex
File: pgflibraryplothandlers.code.tex 2013/08/31 v3.0.1a (rcs-revision 1.20)
\pgf@plot@mark@count=\count284
\pgfplotmarksize=\dimen197
)
\tikz@lastx=\dimen198
\tikz@lasty=\dimen199
\tikz@lastxsaved=\dimen256
\tikz@lastysaved=\dimen257
\tikzleveldistance=\dimen258
\tikzsiblingdistance=\dimen259
\tikz@figbox=\box64
\tikz@figbox@bg=\box65
\tikz@tempbox=\box66
\tikz@tempbox@bg=\box67
\tikztreelevel=\count285
\tikznumberofchildren=\count286
\tikznumberofcurrentchild=\count287
\tikz@fig@count=\count288

(/home/nlevisrael/texl/texlive-install/texmf-dist/tex/generic/pgf/modules/pgfmo
dulematrix.code.tex
File: pgfmodulematrix.code.tex 2013/09/17  (rcs-revision 1.8)
\pgfmatrixcurrentrow=\count289
\pgfmatrixcurrentcolumn=\count290
\pgf@matrix@numberofcolumns=\count291
)
\tikz@expandcount=\count292

(/home/nlevisrael/texl/texlive-install/texmf-dist/tex/generic/pgf/frontendlayer
/tikz/libraries/tikzlibrarytopaths.code.tex
File: tikzlibrarytopaths.code.tex 2008/06/17 v3.0.1a (rcs-revision 1.2)
)))
\tcb@waterbox=\box68

(/home/nlevisrael/texl/texlive-install/texmf-dist/tex/latex/tcolorbox/tcbskinsj
igsaw.code.tex
Library (tcolorbox): 'tcbskinsjigsaw.code.tex' version '4.13'
))
(/home/nlevisrael/texl/texlive-install/texmf-dist/tex/latex/tcolorbox/tcbbreaka
ble.code.tex
Library (tcolorbox): 'tcbbreakable.code.tex' version '4.13'
\tcb@testbox=\box69
\tcb@totalupperbox=\box70
\tcb@totallowerbox=\box71
)
(/home/nlevisrael/texl/texlive-install/texmf-dist/tex/latex/tcolorbox/tcbhooks.
code.tex
Library (tcolorbox): 'tcbhooks.code.tex' version '4.13'
)
(/home/nlevisrael/texl/texlive-install/texmf-dist/tex/latex/tcolorbox/tcbtheore
ms.code.tex
Library (tcolorbox): 'tcbtheorems.code.tex' version '4.13'

(/home/nlevisrael/texl/texlive-install/texmf-dist/tex/latex/amsmath/amsmath.sty
Package: amsmath 2017/09/02 v2.17a AMS math features
\@mathmargin=\skip120
For additional information on amsmath, use the `?' option.

(/home/nlevisrael/texl/texlive-install/texmf-dist/tex/latex/amsmath/amstext.sty
Package: amstext 2000/06/29 v2.01 AMS text
(/home/nlevisrael/texl/texlive-install/texmf-dist/tex/latex/amsmath/amsgen.sty
File: amsgen.sty 1999/11/30 v2.0 generic functions
\@emptytoks=\toks37
\ex@=\dimen260
))
(/home/nlevisrael/texl/texlive-install/texmf-dist/tex/latex/amsmath/amsbsy.sty
Package: amsbsy 1999/11/29 v1.2d Bold Symbols
\pmbraise@=\dimen261
) (/home/nlevisrael/texl/texlive-install/texmf-dist/tex/latex/amsmath/amsopn.st
y
Package: amsopn 2016/03/08 v2.02 operator names
)
\inf@bad=\count293
LaTeX Info: Redefining \frac on input line 213.
\uproot@=\count294
\leftroot@=\count295
LaTeX Info: Redefining \overline on input line 375.
\classnum@=\count296
\DOTSCASE@=\count297
LaTeX Info: Redefining \ldots on input line 472.
LaTeX Info: Redefining \dots on input line 475.
LaTeX Info: Redefining \cdots on input line 596.
\Mathstrutbox@=\box72
\strutbox@=\box73
\big@size=\dimen262
LaTeX Font Info:    Redeclaring font encoding OML on input line 712.
LaTeX Font Info:    Redeclaring font encoding OMS on input line 713.
\macc@depth=\count298
\c@MaxMatrixCols=\count299
\dotsspace@=\muskip17
\c@parentequation=\count300
\dspbrk@lvl=\count301
\tag@help=\toks38
\row@=\count302
\column@=\count303
\maxfields@=\count304
\andhelp@=\toks39
\eqnshift@=\dimen263
\alignsep@=\dimen264
\tagshift@=\dimen265
\tagwidth@=\dimen266
\totwidth@=\dimen267
\lineht@=\dimen268
\@envbody=\toks40
\multlinegap=\skip121
\multlinetaggap=\skip122
\mathdisplay@stack=\toks41
LaTeX Info: Redefining \[ on input line 2817.
LaTeX Info: Redefining \] on input line 2818.
))
(/home/nlevisrael/texl/texlive-install/texmf-dist/tex/latex/tcolorbox/tcbfittin
g.code.tex
Library (tcolorbox): 'tcbfitting.code.tex' version '4.13'
\tcbfitdim=\dimen269
\tcb@lowerfitdim=\dimen270
\tcb@upperfitdim=\dimen271
\tcb@cur@hbadness=\count305
)
(/home/nlevisrael/texl/texlive-install/texmf-dist/tex/latex/tcolorbox/tcbxparse
.code.tex
Library (tcolorbox): 'tcbxparse.code.tex' version '4.13'
.................................................
. LaTeX info: "xparse/define-command"
. 
. Defining command \tcboxverb with sig. ' O{} v ' on line 128.
.................................................
.................................................
. LaTeX info: "xparse/define-command"
. 
. Defining command \tcbsidebyside with sig. ' +O{} +m +m ' on line 280.
.................................................
))
(/home/nlevisrael/texl/texlive-install/texmf-dist/tex/latex/oberdiek/transparen
t.sty
Package: transparent 2016/05/16 v1.1 Transparency via pdfTeX's color stack (HO)

)
\bsep=\skip123

(/home/nlevisrael/texl/texlive-install/texmf-dist/tex/latex/aurical/aurical.sty
Package: aurical 2006/10/12 aurical - a set of three decorative fonts with acce
nts
) (/home/nlevisrael/texl/texlive-install/texmf-dist/tex/latex/base/fontenc.sty
Package: fontenc 2017/04/05 v2.0i Standard LaTeX package

(/home/nlevisrael/texl/texlive-install/texmf-dist/tex/latex/base/t1enc.def
File: t1enc.def 2017/04/05 v2.0i Standard LaTeX file
LaTeX Font Info:    Redeclaring font encoding T1 on input line 48.
))
(/home/nlevisrael/texl/texlive-install/texmf-dist/tex/latex/relsize/relsize.sty
Package: relsize 2013/03/29 ver 4.1
)
(/home/nlevisrael/texl/texlive-install/texmf-dist/tex/latex/enumitem/enumitem.s
ty
Package: enumitem 2011/09/28 v3.5.2 Customized lists
\labelindent=\skip124
\enit@outerparindent=\dimen272
\enit@toks=\toks42
\enit@inbox=\box74
\enitdp@description=\count306
) (/home/nlevisrael/texl/texlive-install/texmf-dist/tex/latex/soul/soul.sty
Package: soul 2003/11/17 v2.4 letterspacing/underlining (mf)
\SOUL@word=\toks43
\SOUL@lasttoken=\toks44
\SOUL@cmds=\toks45
\SOUL@buffer=\toks46
\SOUL@token=\toks47
\SOUL@spaceskip=\skip125
\SOUL@ttwidth=\dimen273
\SOUL@uldp=\dimen274
\SOUL@ulht=\dimen275
)
(/home/nlevisrael/texl/texlive-install/texmf-dist/tex/latex/koma-script/screxte
nd.sty
Package: scrextend 2018/03/30 v3.25 KOMA-Script package (extend other classes w
ith features of KOMA-Script classes)

(/home/nlevisrael/texl/texlive-install/texmf-dist/tex/latex/koma-script/scrkbas
e.sty
Package: scrkbase 2018/03/30 v3.25 KOMA-Script package (KOMA-Script-dependent b
asics and keyval usage)

(/home/nlevisrael/texl/texlive-install/texmf-dist/tex/latex/koma-script/scrbase
.sty
Package: scrbase 2018/03/30 v3.25 KOMA-Script package (KOMA-Script-independent 
basics and keyval usage)

(/home/nlevisrael/texl/texlive-install/texmf-dist/tex/latex/koma-script/scrlfil
e.sty
Package: scrlfile 2018/03/30 v3.25 KOMA-Script package (loading files)
)))

LaTeX Warning: Command \@footnotemark  has changed.
               Check if current package is valid.

)
(/home/nlevisrael/texl/texlive-install/texmf-dist/tex/latex/marginnote/marginno
te.sty
Package: marginnote 2017/04/22 v1.2b non floating margin notes for LaTeX
\c@mn@abspage=\count307
)
(/home/nlevisrael/texl/texlive-install/texmf-dist/tex/latex/wrapfig/wrapfig.sty
\wrapoverhang=\dimen276
\WF@size=\dimen277
\c@WF@wrappedlines=\count308
\WF@box=\box75
\WF@everypar=\toks48
Package: wrapfig 2003/01/31  v 3.6
)
(/home/nlevisrael/texl/texlive-install/texmf-dist/tex/generic/pgf/frontendlayer
/tikz/libraries/tikzlibraryarrows.code.tex
File: tikzlibraryarrows.code.tex 2008/01/09 v3.0.1a (rcs-revision 1.1)

(/home/nlevisrael/texl/texlive-install/texmf-dist/tex/generic/pgf/libraries/pgf
libraryarrows.code.tex
File: pgflibraryarrows.code.tex 2013/09/23 v3.0.1a (rcs-revision 1.16)
\arrowsize=\dimen278
))
(/home/nlevisrael/texl/texlive-install/texmf-dist/tex/generic/pgf/frontendlayer
/tikz/libraries/tikzlibrarydecorations.markings.code.tex
(/home/nlevisrael/texl/texlive-install/texmf-dist/tex/generic/pgf/frontendlayer
/tikz/libraries/tikzlibrarydecorations.code.tex
(/home/nlevisrael/texl/texlive-install/texmf-dist/tex/generic/pgf/modules/pgfmo
duledecorations.code.tex
\pgfdecoratedcompleteddistance=\dimen279
\pgfdecoratedremainingdistance=\dimen280
\pgfdecoratedinputsegmentcompleteddistance=\dimen281
\pgfdecoratedinputsegmentremainingdistance=\dimen282
\pgf@decorate@distancetomove=\dimen283
\pgf@decorate@repeatstate=\count309
\pgfdecorationsegmentamplitude=\dimen284
\pgfdecorationsegmentlength=\dimen285
)
\tikz@lib@dec@box=\box76
)
(/home/nlevisrael/texl/texlive-install/texmf-dist/tex/generic/pgf/libraries/dec
orations/pgflibrarydecorations.markings.code.tex))
(/home/nlevisrael/texl/texlive-install/texmf-dist/tex/generic/pgf/frontendlayer
/tikz/libraries/tikzlibraryshapes.arrows.code.tex
File: tikzlibraryshapes.arrows.code.tex 2008/01/09 v3.0.1a (rcs-revision 1.1)

(/home/nlevisrael/texl/texlive-install/texmf-dist/tex/generic/pgf/libraries/sha
pes/pgflibraryshapes.arrows.code.tex
File: pgflibraryshapes.arrows.code.tex 2008/06/26 v3.0.1a (rcs-revision 1.1)
))
Package hyperref Info: Option `colorlinks' set `true' on input line 648.
 (./axf-platform.aux)
\openout1 = `axf-platform.aux'.

LaTeX Font Info:    Checking defaults for OML/cmm/m/it on input line 664.
LaTeX Font Info:    ... okay on input line 664.
LaTeX Font Info:    Checking defaults for T1/cmr/m/n on input line 664.
LaTeX Font Info:    ... okay on input line 664.
LaTeX Font Info:    Checking defaults for OT1/cmr/m/n on input line 664.
LaTeX Font Info:    ... okay on input line 664.
LaTeX Font Info:    Checking defaults for OMS/cmsy/m/n on input line 664.
LaTeX Font Info:    ... okay on input line 664.
LaTeX Font Info:    Checking defaults for OMX/cmex/m/n on input line 664.
LaTeX Font Info:    ... okay on input line 664.
LaTeX Font Info:    Checking defaults for U/cmr/m/n on input line 664.
LaTeX Font Info:    ... okay on input line 664.
LaTeX Font Info:    Checking defaults for TS1/cmr/m/n on input line 664.
LaTeX Font Info:    Try loading font information for TS1+cmr on input line 664.


(/home/nlevisrael/texl/texlive-install/texmf-dist/tex/latex/base/ts1cmr.fd
File: ts1cmr.fd 2014/09/29 v2.5h Standard LaTeX font definitions
)
LaTeX Font Info:    ... okay on input line 664.
LaTeX Font Info:    Checking defaults for PD1/pdf/m/n on input line 664.
LaTeX Font Info:    ... okay on input line 664.
\AtBeginShipoutBox=\box77

(/home/nlevisrael/texl/texlive-install/texmf-dist/tex/context/base/mkii/supp-pd
f.mkii
[Loading MPS to PDF converter (version 2006.09.02).]
\scratchcounter=\count310
\scratchdimen=\dimen286
\scratchbox=\box78
\nofMPsegments=\count311
\nofMParguments=\count312
\everyMPshowfont=\toks49
\MPscratchCnt=\count313
\MPscratchDim=\dimen287
\MPnumerator=\count314
\makeMPintoPDFobject=\count315
\everyMPtoPDFconversion=\toks50
)
(/home/nlevisrael/texl/texlive-install/texmf-dist/tex/latex/oberdiek/epstopdf-b
ase.sty
Package: epstopdf-base 2016/05/15 v2.6 Base part for package epstopdf

(/home/nlevisrael/texl/texlive-install/texmf-dist/tex/latex/oberdiek/grfext.sty
Package: grfext 2016/05/16 v1.2 Manage graphics extensions (HO)
)
Package epstopdf-base Info: Redefining graphics rule for `.eps' on input line 4
38.
Package grfext Info: Graphics extension search list:
(grfext)             [.pdf,.png,.jpg,.mps,.jpeg,.jbig2,.jb2,.PDF,.PNG,.JPG,.JPE
G,.JBIG2,.JB2,.eps]
(grfext)             \AppendGraphicsExtensions on input line 456.

(/home/nlevisrael/texl/texlive-install/texmf-dist/tex/latex/latexconfig/epstopd
f-sys.cfg
File: epstopdf-sys.cfg 2010/07/13 v1.3 Configuration of (r)epstopdf for TeX Liv
e
))
*geometry* driver: auto-detecting
*geometry* detected driver: pdftex
*geometry* verbose mode - [ preamble ] result:
* driver: pdftex
* paper: custom
* layout: <same size as paper>
* layoutoffset:(h,v)=(0.0pt,0.0pt)
* modes: 
* h-part:(L,W,R)=(46.97505pt, 534.79868pt, 32.52127pt)
* v-part:(T,H,B)=(46.97505pt, 946.73744pt, 90.3375pt)
* \paperwidth=614.295pt
* \paperheight=1084.04999pt
* \textwidth=534.79868pt
* \textheight=946.73744pt
* \oddsidemargin=-25.29494pt
* \evensidemargin=-25.29494pt
* \topmargin=-62.29494pt
* \headheight=12.0pt
* \headsep=25.0pt
* \topskip=11.0pt
* \footskip=30.0pt
* \marginparwidth=59.0pt
* \marginparsep=10.0pt
* \columnsep=10.0pt
* \skip\footins=10.0pt plus 4.0pt minus 2.0pt
* \hoffset=0.0pt
* \voffset=0.0pt
* \mag=1000
* \@twocolumnfalse
* \@twosidefalse
* \@mparswitchfalse
* \@reversemarginfalse
* (1in=72.27pt=25.4mm, 1cm=28.453pt)

Package hyperref Info: Link coloring ON on input line 664.

(/home/nlevisrael/texl/texlive-install/texmf-dist/tex/latex/hyperref/nameref.st
y
Package: nameref 2016/05/21 v2.44 Cross-referencing by name of section

(/home/nlevisrael/texl/texlive-install/texmf-dist/tex/generic/oberdiek/gettitle
string.sty
Package: gettitlestring 2016/05/16 v1.5 Cleanup title references (HO)
)
\c@section@level=\count316
)
LaTeX Info: Redefining \ref on input line 664.
LaTeX Info: Redefining \pageref on input line 664.
LaTeX Info: Redefining \nameref on input line 664.
 (./axf-platform.out) (./axf-platform.out)
\@outlinefile=\write6
\openout6 = `axf-platform.out'.


ABD: EveryShipout initializing macros
Package marginnote Info: \pdfoutput not 0 or unimportant and
(marginnote)             \pdflastxpos or \lastxpos available.
(marginnote)             Extended position detection mode activated.
LaTeX Font Info:    Try loading font information for T1+qcr on input line 707.

(/home/nlevisrael/texl/texlive-install/texmf-dist/tex/latex/tex-gyre/t1qcr.fd
File: t1qcr.fd 2009/09/25 v1.2 font definition file for T1/qcr
)
LaTeX Font Info:    Try loading font information for T1+pzc on input line 728.

(/home/nlevisrael/texl/texlive-install/texmf-dist/tex/latex/psnfss/t1pzc.fd
File: t1pzc.fd 2001/06/04 font definitions for T1/pzc.
)
LaTeX Font Info:    Font shape `T1/pzc/m/n' in size <10.95> not available
(Font)              Font shape `T1/pzc/mb/it' tried instead on input line 728.
LaTeX Font Info:    Try loading font information for T1+Cabin-TLF on input line
 746.

(/home/nlevisrael/texl/texlive-install/texmf-dist/tex/latex/cabin/T1Cabin-TLF.f
d
File: T1Cabin-TLF.fd 2012/11/17 (autoinst) Font definitions for T1/Cabin-TLF.
)
<logo.png, id=32, 154.6578pt x 91.7829pt>
File: logo.png Graphic file (type png)
<use logo.png>
Package pdftex.def Info: logo.png  used on input line 869.
(pdftex.def)             Requested size: 106.9581pt x 63.4745pt.


Package hyperref Warning: Token not allowed in a PDF string (PDFDocEncoding):
(hyperref)                removing `\@ifnextchar' on input line 869.


Package hyperref Warning: Token not allowed in a PDF string (PDFDocEncoding):
(hyperref)                removing `\@ifnextchar' on input line 869.

[1

{/home/nlevisrael/texl/texlive-install/texmf-var/fonts/map/pdftex/updmap/pdftex
.map} <./logo.png>] (./pics/il.tex
<pics/xl.png, id=49, 653.44125pt x 385.44pt>
File: pics/xl.png Graphic file (type png)
<use pics/xl.png>
Package pdftex.def Info: pics/xl.png  used on input line 12.
(pdftex.def)             Requested size: 256.0748pt x 151.04439pt.
<pics/il.png, id=51, 539.76656pt x 351.56343pt>
File: pics/il.png Graphic file (type png)
<use pics/il.png>
Package pdftex.def Info: pics/il.png  used on input line 17.
(pdftex.def)             Requested size: 256.0748pt x 166.79051pt.

Overfull \hbox (5.80356pt too wide) in paragraph at lines 19--20
[][] 
 []

)
<e-logo.png, id=54, 2107.875pt x 1505.625pt>
File: e-logo.png Graphic file (type png)
<use e-logo.png>
Package pdftex.def Info: e-logo.png  used on input line 972.
(pdftex.def)             Requested size: 155.08801pt x 110.75745pt.
File: logo.png Graphic file (type png)
<use logo.png>
Package pdftex.def Info: logo.png  used on input line 972.
(pdftex.def)             Requested size: 106.9581pt x 63.4745pt.


Package hyperref Warning: Token not allowed in a PDF string (PDFDocEncoding):
(hyperref)                removing `\@ifnextchar' on input line 972.


Package hyperref Warning: Token not allowed in a PDF string (PDFDocEncoding):
(hyperref)                removing `\@ifnextchar' on input line 972.

[2 <./pics/xl.png (PNG copy)> <./pics/il.png (PNG copy)> <./e-logo.png>]
File: e-logo.png Graphic file (type png)
<use e-logo.png>
Package pdftex.def Info: e-logo.png  used on input line 1095.
(pdftex.def)             Requested size: 155.08801pt x 110.75745pt.
File: logo.png Graphic file (type png)
<use logo.png>
Package pdftex.def Info: logo.png  used on input line 1095.
(pdftex.def)             Requested size: 106.9581pt x 63.4745pt.


Package hyperref Warning: Token not allowed in a PDF string (PDFDocEncoding):
(hyperref)                removing `\@ifnextchar' on input line 1095.


Package hyperref Warning: Token not allowed in a PDF string (PDFDocEncoding):
(hyperref)                removing `\@ifnextchar' on input line 1095.

[3]
! Undefined control sequence.
<argument> ... unstructured formats such as \XOCS 
                                                  {} (the response-encoding ...
l.1204 \end{description}}
                         
The control sequence at the end of the top line
of your error message was never \def'ed. If you have
misspelled it (e.g., `\hobx'), type `I' and the correct
spelling (e.g., `I\hbox'). Otherwise just continue,
and I'll forget about whatever was undefined.

LaTeX Font Info:    Try loading font information for TS1+qtm on input line 1204
.
(/home/nlevisrael/texl/texlive-install/texmf-dist/tex/latex/tex-gyre/ts1qtm.fd
File: ts1qtm.fd 2009/09/25 v1.2 font definition file for TS1/qtm
)
File: e-logo.png Graphic file (type png)
<use e-logo.png>
Package pdftex.def Info: e-logo.png  used on input line 1236.
(pdftex.def)             Requested size: 155.08801pt x 110.75745pt.
File: logo.png Graphic file (type png)
<use logo.png>
Package pdftex.def Info: logo.png  used on input line 1236.
(pdftex.def)             Requested size: 106.9581pt x 63.4745pt.

Package hyperref Warning: Token not allowed in a PDF string (PDFDocEncoding):
(hyperref)                removing `\@ifnextchar' on input line 1236.


Package hyperref Warning: Token not allowed in a PDF string (PDFDocEncoding):
(hyperref)                removing `\@ifnextchar' on input line 1236.

[4]
File: e-logo.png Graphic file (type png)
<use e-logo.png>
Package pdftex.def Info: e-logo.png  used on input line 1403.
(pdftex.def)             Requested size: 155.08801pt x 110.75745pt.
File: logo.png Graphic file (type png)
<use logo.png>
Package pdftex.def Info: logo.png  used on input line 1403.
(pdftex.def)             Requested size: 106.9581pt x 63.4745pt.


Package hyperref Warning: Token not allowed in a PDF string (PDFDocEncoding):
(hyperref)                removing `\@ifnextchar' on input line 1403.


Package hyperref Warning: Token not allowed in a PDF string (PDFDocEncoding):
(hyperref)                removing `\@ifnextchar' on input line 1403.

[5] (./pics/oxy.tex
<pics/oxy.png, id=109, 874.76813pt x 451.6875pt>
File: pics/oxy.png Graphic file (type png)
<use pics/oxy.png>
Package pdftex.def Info: pics/oxy.png  used on input line 12.
(pdftex.def)             Requested size: 512.1496pt x 264.45322pt.
)
File: e-logo.png Graphic file (type png)
<use e-logo.png>
Package pdftex.def Info: e-logo.png  used on input line 1464.
(pdftex.def)             Requested size: 155.08801pt x 110.75745pt.
File: logo.png Graphic file (type png)
<use logo.png>
Package pdftex.def Info: logo.png  used on input line 1464.
(pdftex.def)             Requested size: 106.9581pt x 63.4745pt.


Package hyperref Warning: Token not allowed in a PDF string (PDFDocEncoding):
(hyperref)                removing `\@ifnextchar' on input line 1464.


Package hyperref Warning: Token not allowed in a PDF string (PDFDocEncoding):
(hyperref)                removing `\@ifnextchar' on input line 1464.

[6 <./pics/oxy.png (PNG copy)>] (./pics/about.tex
<pics/about.png, id=122, 603.75563pt x 337.26pt>
File: pics/about.png Graphic file (type png)
<use pics/about.png>
Package pdftex.def Info: pics/about.png  used on input line 12.
(pdftex.def)             Requested size: 512.1496pt x 286.08568pt.
) (./pics/testing.tex
<pics/testing.png, id=127, 758.835pt x 337.26pt>
File: pics/testing.png Graphic file (type png)
<use pics/testing.png>
Package pdftex.def Info: pics/testing.png  used on input line 12.
(pdftex.def)             Requested size: 512.1496pt x 227.62523pt.
)
File: e-logo.png Graphic file (type png)
<use e-logo.png>
Package pdftex.def Info: e-logo.png  used on input line 1548.
(pdftex.def)             Requested size: 155.08801pt x 110.75745pt.
File: logo.png Graphic file (type png)
<use logo.png>
Package pdftex.def Info: logo.png  used on input line 1548.
(pdftex.def)             Requested size: 106.9581pt x 63.4745pt.


Package hyperref Warning: Token not allowed in a PDF string (PDFDocEncoding):
(hyperref)                removing `\@ifnextchar' on input line 1548.


Package hyperref Warning: Token not allowed in a PDF string (PDFDocEncoding):
(hyperref)                removing `\@ifnextchar' on input line 1548.

[7 <./pics/about.png (PNG copy)>]
LaTeX Font Info:    Try loading font information for T1+gar on input line 1569.

LaTeX Font Info:    No file T1gar.fd. on input line 1569.


LaTeX Font Warning: Font shape `T1/gar/m/n' undefined
(Font)              using `T1/cmr/m/n' instead on input line 1569.


Underfull \hbox (badness 4001) in paragraph at lines 1567--1570
[]\T1/qtm/m/n/10 Benjamin Adams and Mar-tin Raubal, \T1/qcr/m/n/10 ``\T1/qtm/m/
n/10 A Met-ric Con-cep-tual Space Al-ge-bra\T1/qcr/m/n/10 ''\T1/qtm/m/n/10 .  [
][][]$\T1/gar/m/n/8 https : / / pdfs . semanticscholar . org / 521a /
 []

! Undefined control sequence.
l.1582 \cq
          {Interacting Conceptual Spaces I:
The control sequence at the end of the top line
of your error message was never \def'ed. If you have
misspelled it (e.g., `\hobx'), type `I' and the correct
spelling (e.g., `I\hbox'). Otherwise just continue,
and I'll forget about whatever was undefined.


Underfull \hbox (badness 10000) in paragraph at lines 1588--1592
[]\T1/qcr/m/n/10 ``\T1/qtm/m/n/10 COVID-19 Open Re-search Dataset (CORD-19)\T1/
qcr/m/n/10 ''\T1/qtm/m/n/10 . 2020. Ver-sion 2020-03-13. Re-trieved from
 []


Underfull \hbox (badness 10000) in paragraph at lines 1588--1592
\T1/qtm/m/n/10 https://pages.semanticscholar.org/coronavirus-research. Ac-cesse
d 2020-03-20. doi:10.5281/zenodo.3715506  [][][]$\T1/gar/m/n/8 https :
 []

! Undefined control sequence.
l.1596 \cq
          {Theory Change as Dimensional Change: Conceptual Spaces
The control sequence at the end of the top line
of your error message was never \def'ed. If you have
misspelled it (e.g., `\hobx'), type `I' and the correct
spelling (e.g., `I\hbox'). Otherwise just continue,
and I'll forget about whatever was undefined.

! Undefined control sequence.
l.1598 \intitle
               {Synthese 190(6)}, pp. 1039-1058, 2013.
The control sequence at the end of the top line
of your error message was never \def'ed. If you have
misspelled it (e.g., `\hobx'), type `I' and the correct
spelling (e.g., `I\hbox'). Otherwise just continue,
and I'll forget about whatever was undefined.


Underfull \hbox (badness 3449) in paragraph at lines 1604--1605
[]\T1/qtm/m/n/10 John Gustafson, \T1/qcr/m/n/10 ``\T1/qtm/m/n/10 Beat-ing Float
-ing Point at its Own Game: Posit Arith-metic\T1/qcr/m/n/10 ''\T1/qtm/m/n/10 , 
 [][][]$\T1/gar/m/n/8 http : / / www . johngustafson . net / pdfs /
 []

File: e-logo.png Graphic file (type png)
<use e-logo.png>
Package pdftex.def Info: e-logo.png  used on input line 1671.
(pdftex.def)             Requested size: 155.08801pt x 110.75745pt.
File: logo.png Graphic file (type png)
<use logo.png>
Package pdftex.def Info: logo.png  used on input line 1671.
(pdftex.def)             Requested size: 106.9581pt x 63.4745pt.

Package hyperref Warning: Token not allowed in a PDF string (PDFDocEncoding):
(hyperref)                removing `\@ifnextchar' on input line 1671.


Package hyperref Warning: Token not allowed in a PDF string (PDFDocEncoding):
(hyperref)                removing `\@ifnextchar' on input line 1671.

[8 <./pics/testing.png (PNG copy)>]
Package atveryend Info: Empty hook `BeforeClearDocument' on input line 1671.
Package atveryend Info: Empty hook `AfterLastShipout' on input line 1671.
 (./axf-platform.aux)
Package atveryend Info: Executing hook `AtVeryEndDocument' on input line 1671.
Package atveryend Info: Executing hook `AtEndAfterFileList' on input line 1671.

Package rerunfilecheck Info: File `axf-platform.out' has not changed.
(rerunfilecheck)             Checksum: 71B5DACDEC89AD30521112AB8D19CACE;239.


LaTeX Font Warning: Some font shapes were not available, defaults substituted.

 )
(\end occurred inside a group at level 1)

### simple group (level 1) entered at line 668 ({)
### bottom level 
Here is how much of TeX's memory you used:
 33343 strings out of 492649
 683499 string characters out of 6122986
 803523 words of memory out of 5000000
 36660 multiletter control sequences out of 15000+600000
 607788 words of font info for 70 fonts, out of 8000000 for 9000
 1141 hyphenation exceptions out of 8191
 58i,14n,93p,10401b,875s stack positions out of 5000i,500n,10000p,200000b,80000s
{/home/nlevisrael/texl/texlive-install/texmf-dist/fonts/enc/dvi
ps/cm-super/cm-super-t1.enc}{/home/nlevisrael/texl/texlive-install/texmf-dist/f
onts/enc/dvips/tex-gyre/q-ts1.enc}{/home/nlevisrael/texl/texlive-install/texmf-
dist/fonts/enc/dvips/tex-gyre/q-ec.enc}{/home/nlevisrael/texl/texlive-install/t
exmf-dist/fonts/enc/dvips/cabin/cbn_hvmmj2.enc}{/home/nlevisrael/texl/texlive-i
nstall/texmf-dist/fonts/enc/dvips/base/8r.enc}</home/nlevisrael/texl/texlive-in
stall/texmf-dist/fonts/type1/impallari/cabin/Cabin-Bold.pfb></home/nlevisrael/t
exl/texlive-install/texmf-dist/fonts/type1/public/tex-gyre/qcrb.pfb></home/nlev
israel/texl/texlive-install/texmf-dist/fonts/type1/public/tex-gyre/qcrr.pfb></h
ome/nlevisrael/texl/texlive-install/texmf-dist/fonts/type1/public/tex-gyre/qtmb
.pfb></home/nlevisrael/texl/texlive-install/texmf-dist/fonts/type1/public/tex-g
yre/qtmr.pfb></home/nlevisrael/texl/texlive-install/texmf-dist/fonts/type1/publ
ic/tex-gyre/qtmri.pfb></home/nlevisrael/texl/texlive-install/texmf-dist/fonts/t
ype1/public/cm-super/sfrm0800.pfb></home/nlevisrael/texl/texlive-install/texmf-
dist/fonts/type1/urw/zapfchan/uzcmi8a.pfb>
Output written on axf-platform.pdf (8 pages, 786231 bytes).
PDF statistics:
 226 PDF objects out of 1000 (max. 8388607)
 192 compressed objects within 2 object streams
 39 named destinations out of 1000 (max. 500000)
 110 words of extra memory for PDF output out of 10000 (max. 10000000)

