This is pdfTeX, Version 3.14159265-2.6-1.40.19 (TeX Live 2018) (preloaded format=pdflatex 2019.5.4)  5 AUG 2019 18:02
entering extended mode
 restricted \write18 enabled.
 %&-line parsing enabled.
**ctg.ngml.tex
(./ctg.ngml.tex
LaTeX2e <2018-04-01> patch level 2
Babel <3.18> and hyphenation patterns for 84 language(s) loaded.
(/home/nlevisrael/texl/texlive-install/texmf-dist/tex/latex/base/article.cls
Document Class: article 2014/09/29 v1.4h Standard LaTeX document class
(/home/nlevisrael/texl/texlive-install/texmf-dist/tex/latex/base/size11.clo
File: size11.clo 2014/09/29 v1.4h Standard LaTeX file (size option)
)
\c@part=\count80
\c@section=\count81
\c@subsection=\count82
\c@subsubsection=\count83
\c@paragraph=\count84
\c@subparagraph=\count85
\c@figure=\count86
\c@table=\count87
\abovecaptionskip=\skip41
\belowcaptionskip=\skip42
\bibindent=\dimen102
)
\@input{commands.aux}
\openout2 = `commands.aux'.

(./commands.tex
\ntxhFile=\write3
\openout3 = `ctg.ngml.ntxh'.

\c@sentenceCounter=\count88
\c@ntxhCounter=\count89
\c@ntxhGroupCounter=\count90
\c@ntxhLocalCounter=\count91

(/home/nlevisrael/texl/texlive-install/texmf-dist/tex/latex/datetime/datetime.s
ty
Package: datetime 2015/03/20 v2.60 Date Time Package

(/home/nlevisrael/texl/texlive-install/texmf-dist/tex/latex/etoolbox/etoolbox.s
ty
Package: etoolbox 2018/02/11 v2.5e e-TeX tools for LaTeX (JAW)
\etb@tempcnta=\count92
)
(/home/nlevisrael/texl/texlive-install/texmf-dist/tex/latex/fmtcount/fmtcount.s
ty
Package: fmtcount 2017/12/24 v3.05
 (/home/nlevisrael/texl/texlive-install/texmf-dist/tex/latex/base/ifthen.sty
Package: ifthen 2014/09/29 v1.1c Standard LaTeX ifthen package (DPC)
)
(/home/nlevisrael/texl/texlive-install/texmf-dist/tex/latex/xkeyval/xkeyval.sty
Package: xkeyval 2014/12/03 v2.7a package option processing (HA)

(/home/nlevisrael/texl/texlive-install/texmf-dist/tex/generic/xkeyval/xkeyval.t
ex
(/home/nlevisrael/texl/texlive-install/texmf-dist/tex/generic/xkeyval/xkvutils.
tex
\XKV@toks=\toks14
\XKV@tempa@toks=\toks15

(/home/nlevisrael/texl/texlive-install/texmf-dist/tex/generic/xkeyval/keyval.te
x))
\XKV@depth=\count93
File: xkeyval.tex 2014/12/03 v2.7a key=value parser (HA)
))
(/home/nlevisrael/texl/texlive-install/texmf-dist/tex/latex/fmtcount/fcprefix.s
ty
Package: fcprefix 2012/09/28

(/home/nlevisrael/texl/texlive-install/texmf-dist/tex/latex/fmtcount/fcnumparse
r.sty
Package: fcnumparser 2017/06/15
\fc@digit@counter=\count94
))
(/home/nlevisrael/texl/texlive-install/texmf-dist/tex/latex/amsmath/amsgen.sty
File: amsgen.sty 1999/11/30 v2.0 generic functions
\@emptytoks=\toks16
\ex@=\dimen103
)
\c@padzeroesN=\count95
\fc@tmpcatcode=\count96
\@DT@modctr=\count97
\@ordinalctr=\count98
\@orgargctr=\count99
\@strctr=\count100
\@tmpstrctr=\count101
\@DT@loopN=\count102
\@DT@X=\count103
)
(/home/nlevisrael/texl/texlive-install/texmf-dist/tex/latex/datetime/datetime-d
efaults.sty
Package: datetime-defaults 2013/09/10
)
\@day=\count104
\@month=\count105
\@year=\count106
\c@HOUR=\count107
\c@HOURXII=\count108
\c@MINUTE=\count109
\c@TOHOUR=\count110
\c@TOMINUTE=\count111
\c@SECOND=\count112
\currenthour=\count113
\currentminute=\count114
\currentsecond=\count115
Package datetime Info: No datetime.cfg file found, using default settings on in
put line 308.
\@dtctr=\count116
\dayofyear=\count117
\dayofweek=\count118
LaTeX Info: Redefining \today on input line 736.
\dt@a=\toks17
\dt@b=\toks18
)
(/home/nlevisrael/texl/texlive-install/texmf-dist/tex/latex/ifmtarg/ifmtarg.sty
Package: ifmtarg 2009/09/02 v1.2a check for an empty argument
) (/home/nlevisrael/texl/texlive-install/texmf-dist/tex/latex/xargs/xargs.sty
Package: xargs 2008/03/22 v1.1  extended macro definitions  (mpg)
\xargs@max=\count119
\xargs@toksa=\toks19
\xargs@toksb=\toks20
)
(/home/nlevisrael/texl/texlive-install/texmf-dist/tex/latex/titlesec/titlesec.s
ty
Package: titlesec 2016/03/21 v2.10.2 Sectioning titles
\ttl@box=\box26
\beforetitleunit=\skip43
\aftertitleunit=\skip44
\ttl@plus=\dimen104
\ttl@minus=\dimen105
\ttl@toksa=\toks21
\titlewidth=\dimen106
\titlewidthlast=\dimen107
\titlewidthfirst=\dimen108
) (/home/nlevisrael/texl/texlive-install/texmf-dist/tex/latex/url/url.sty
\Urlmuskip=\muskip10
Package: url 2013/09/16  ver 3.4  Verb mode for urls, etc.
)
(/home/nlevisrael/texl/texlive-install/texmf-dist/tex/latex/tikz-dependency/tik
z-dependency.sty
Package: tikz-dependency 2011/01/08 v1.1 Macros to draw dependency trees

(/home/nlevisrael/texl/texlive-install/texmf-dist/tex/latex/pgf/frontendlayer/t
ikz.sty
(/home/nlevisrael/texl/texlive-install/texmf-dist/tex/latex/pgf/basiclayer/pgf.
sty
(/home/nlevisrael/texl/texlive-install/texmf-dist/tex/latex/pgf/utilities/pgfrc
s.sty
(/home/nlevisrael/texl/texlive-install/texmf-dist/tex/generic/pgf/utilities/pgf
util-common.tex
\pgfutil@everybye=\toks22
\pgfutil@tempdima=\dimen109
\pgfutil@tempdimb=\dimen110

(/home/nlevisrael/texl/texlive-install/texmf-dist/tex/generic/pgf/utilities/pgf
util-common-lists.tex))
(/home/nlevisrael/texl/texlive-install/texmf-dist/tex/generic/pgf/utilities/pgf
util-latex.def
\pgfutil@abb=\box27

(/home/nlevisrael/texl/texlive-install/texmf-dist/tex/latex/ms/everyshi.sty
Package: everyshi 2001/05/15 v3.00 EveryShipout Package (MS)
))
(/home/nlevisrael/texl/texlive-install/texmf-dist/tex/generic/pgf/utilities/pgf
rcs.code.tex
Package: pgfrcs 2015/08/07 v3.0.1a (rcs-revision 1.31)
))
Package: pgf 2015/08/07 v3.0.1a (rcs-revision 1.15)

(/home/nlevisrael/texl/texlive-install/texmf-dist/tex/latex/pgf/basiclayer/pgfc
ore.sty
(/home/nlevisrael/texl/texlive-install/texmf-dist/tex/latex/graphics/graphicx.s
ty
Package: graphicx 2017/06/01 v1.1a Enhanced LaTeX Graphics (DPC,SPQR)

(/home/nlevisrael/texl/texlive-install/texmf-dist/tex/latex/graphics/graphics.s
ty
Package: graphics 2017/06/25 v1.2c Standard LaTeX Graphics (DPC,SPQR)

(/home/nlevisrael/texl/texlive-install/texmf-dist/tex/latex/graphics/trig.sty
Package: trig 2016/01/03 v1.10 sin cos tan (DPC)
)
(/home/nlevisrael/texl/texlive-install/texmf-dist/tex/latex/graphics-cfg/graphi
cs.cfg
File: graphics.cfg 2016/06/04 v1.11 sample graphics configuration
)
Package graphics Info: Driver file: pdftex.def on input line 99.

(/home/nlevisrael/texl/texlive-install/texmf-dist/tex/latex/graphics-def/pdftex
.def
File: pdftex.def 2018/01/08 v1.0l Graphics/color driver for pdftex
))
\Gin@req@height=\dimen111
\Gin@req@width=\dimen112
)
(/home/nlevisrael/texl/texlive-install/texmf-dist/tex/latex/pgf/systemlayer/pgf
sys.sty
(/home/nlevisrael/texl/texlive-install/texmf-dist/tex/generic/pgf/systemlayer/p
gfsys.code.tex
Package: pgfsys 2014/07/09 v3.0.1a (rcs-revision 1.48)

(/home/nlevisrael/texl/texlive-install/texmf-dist/tex/generic/pgf/utilities/pgf
keys.code.tex
\pgfkeys@pathtoks=\toks23
\pgfkeys@temptoks=\toks24

(/home/nlevisrael/texl/texlive-install/texmf-dist/tex/generic/pgf/utilities/pgf
keysfiltered.code.tex
\pgfkeys@tmptoks=\toks25
))
\pgf@x=\dimen113
\pgf@y=\dimen114
\pgf@xa=\dimen115
\pgf@ya=\dimen116
\pgf@xb=\dimen117
\pgf@yb=\dimen118
\pgf@xc=\dimen119
\pgf@yc=\dimen120
\w@pgf@writea=\write4
\r@pgf@reada=\read1
\c@pgf@counta=\count120
\c@pgf@countb=\count121
\c@pgf@countc=\count122
\c@pgf@countd=\count123
\t@pgf@toka=\toks26
\t@pgf@tokb=\toks27
\t@pgf@tokc=\toks28

(/home/nlevisrael/texl/texlive-install/texmf-dist/tex/generic/pgf/systemlayer/p
gf.cfg
File: pgf.cfg 2008/05/14  (rcs-revision 1.7)
)
Driver file for pgf: pgfsys-pdftex.def

(/home/nlevisrael/texl/texlive-install/texmf-dist/tex/generic/pgf/systemlayer/p
gfsys-pdftex.def
File: pgfsys-pdftex.def 2014/10/11  (rcs-revision 1.35)

(/home/nlevisrael/texl/texlive-install/texmf-dist/tex/generic/pgf/systemlayer/p
gfsys-common-pdf.def
File: pgfsys-common-pdf.def 2013/10/10  (rcs-revision 1.13)
)))
(/home/nlevisrael/texl/texlive-install/texmf-dist/tex/generic/pgf/systemlayer/p
gfsyssoftpath.code.tex
File: pgfsyssoftpath.code.tex 2013/09/09  (rcs-revision 1.9)
\pgfsyssoftpath@smallbuffer@items=\count124
\pgfsyssoftpath@bigbuffer@items=\count125
)
(/home/nlevisrael/texl/texlive-install/texmf-dist/tex/generic/pgf/systemlayer/p
gfsysprotocol.code.tex
File: pgfsysprotocol.code.tex 2006/10/16  (rcs-revision 1.4)
))
(/home/nlevisrael/texl/texlive-install/texmf-dist/tex/latex/xcolor/xcolor.sty
Package: xcolor 2016/05/11 v2.12 LaTeX color extensions (UK)

(/home/nlevisrael/texl/texlive-install/texmf-dist/tex/latex/graphics-cfg/color.
cfg
File: color.cfg 2016/01/02 v1.6 sample color configuration
)
Package xcolor Info: Driver file: pdftex.def on input line 225.
Package xcolor Info: Model `cmy' substituted by `cmy0' on input line 1348.
Package xcolor Info: Model `hsb' substituted by `rgb' on input line 1352.
Package xcolor Info: Model `RGB' extended on input line 1364.
Package xcolor Info: Model `HTML' substituted by `rgb' on input line 1366.
Package xcolor Info: Model `Hsb' substituted by `hsb' on input line 1367.
Package xcolor Info: Model `tHsb' substituted by `hsb' on input line 1368.
Package xcolor Info: Model `HSB' substituted by `hsb' on input line 1369.
Package xcolor Info: Model `Gray' substituted by `gray' on input line 1370.
Package xcolor Info: Model `wave' substituted by `hsb' on input line 1371.
)
(/home/nlevisrael/texl/texlive-install/texmf-dist/tex/generic/pgf/basiclayer/pg
fcore.code.tex
Package: pgfcore 2010/04/11 v3.0.1a (rcs-revision 1.7)

(/home/nlevisrael/texl/texlive-install/texmf-dist/tex/generic/pgf/math/pgfmath.
code.tex
(/home/nlevisrael/texl/texlive-install/texmf-dist/tex/generic/pgf/math/pgfmathc
alc.code.tex
(/home/nlevisrael/texl/texlive-install/texmf-dist/tex/generic/pgf/math/pgfmathu
til.code.tex)
(/home/nlevisrael/texl/texlive-install/texmf-dist/tex/generic/pgf/math/pgfmathp
arser.code.tex
\pgfmath@dimen=\dimen121
\pgfmath@count=\count126
\pgfmath@box=\box28
\pgfmath@toks=\toks29
\pgfmath@stack@operand=\toks30
\pgfmath@stack@operation=\toks31
)
(/home/nlevisrael/texl/texlive-install/texmf-dist/tex/generic/pgf/math/pgfmathf
unctions.code.tex
(/home/nlevisrael/texl/texlive-install/texmf-dist/tex/generic/pgf/math/pgfmathf
unctions.basic.code.tex)
(/home/nlevisrael/texl/texlive-install/texmf-dist/tex/generic/pgf/math/pgfmathf
unctions.trigonometric.code.tex)
(/home/nlevisrael/texl/texlive-install/texmf-dist/tex/generic/pgf/math/pgfmathf
unctions.random.code.tex)
(/home/nlevisrael/texl/texlive-install/texmf-dist/tex/generic/pgf/math/pgfmathf
unctions.comparison.code.tex)
(/home/nlevisrael/texl/texlive-install/texmf-dist/tex/generic/pgf/math/pgfmathf
unctions.base.code.tex)
(/home/nlevisrael/texl/texlive-install/texmf-dist/tex/generic/pgf/math/pgfmathf
unctions.round.code.tex)
(/home/nlevisrael/texl/texlive-install/texmf-dist/tex/generic/pgf/math/pgfmathf
unctions.misc.code.tex)
(/home/nlevisrael/texl/texlive-install/texmf-dist/tex/generic/pgf/math/pgfmathf
unctions.integerarithmetics.code.tex)))
(/home/nlevisrael/texl/texlive-install/texmf-dist/tex/generic/pgf/math/pgfmathf
loat.code.tex
\c@pgfmathroundto@lastzeros=\count127
))
(/home/nlevisrael/texl/texlive-install/texmf-dist/tex/generic/pgf/basiclayer/pg
fcorepoints.code.tex
File: pgfcorepoints.code.tex 2013/10/07  (rcs-revision 1.27)
\pgf@picminx=\dimen122
\pgf@picmaxx=\dimen123
\pgf@picminy=\dimen124
\pgf@picmaxy=\dimen125
\pgf@pathminx=\dimen126
\pgf@pathmaxx=\dimen127
\pgf@pathminy=\dimen128
\pgf@pathmaxy=\dimen129
\pgf@xx=\dimen130
\pgf@xy=\dimen131
\pgf@yx=\dimen132
\pgf@yy=\dimen133
\pgf@zx=\dimen134
\pgf@zy=\dimen135
)
(/home/nlevisrael/texl/texlive-install/texmf-dist/tex/generic/pgf/basiclayer/pg
fcorepathconstruct.code.tex
File: pgfcorepathconstruct.code.tex 2013/10/07  (rcs-revision 1.29)
\pgf@path@lastx=\dimen136
\pgf@path@lasty=\dimen137
)
(/home/nlevisrael/texl/texlive-install/texmf-dist/tex/generic/pgf/basiclayer/pg
fcorepathusage.code.tex
File: pgfcorepathusage.code.tex 2014/11/02  (rcs-revision 1.24)
\pgf@shorten@end@additional=\dimen138
\pgf@shorten@start@additional=\dimen139
)
(/home/nlevisrael/texl/texlive-install/texmf-dist/tex/generic/pgf/basiclayer/pg
fcorescopes.code.tex
File: pgfcorescopes.code.tex 2015/05/08  (rcs-revision 1.46)
\pgfpic=\box29
\pgf@hbox=\box30
\pgf@layerbox@main=\box31
\pgf@picture@serial@count=\count128
)
(/home/nlevisrael/texl/texlive-install/texmf-dist/tex/generic/pgf/basiclayer/pg
fcoregraphicstate.code.tex
File: pgfcoregraphicstate.code.tex 2014/11/02  (rcs-revision 1.12)
\pgflinewidth=\dimen140
)
(/home/nlevisrael/texl/texlive-install/texmf-dist/tex/generic/pgf/basiclayer/pg
fcoretransformations.code.tex
File: pgfcoretransformations.code.tex 2015/08/07  (rcs-revision 1.20)
\pgf@pt@x=\dimen141
\pgf@pt@y=\dimen142
\pgf@pt@temp=\dimen143
)
(/home/nlevisrael/texl/texlive-install/texmf-dist/tex/generic/pgf/basiclayer/pg
fcorequick.code.tex
File: pgfcorequick.code.tex 2008/10/09  (rcs-revision 1.3)
)
(/home/nlevisrael/texl/texlive-install/texmf-dist/tex/generic/pgf/basiclayer/pg
fcoreobjects.code.tex
File: pgfcoreobjects.code.tex 2006/10/11  (rcs-revision 1.2)
)
(/home/nlevisrael/texl/texlive-install/texmf-dist/tex/generic/pgf/basiclayer/pg
fcorepathprocessing.code.tex
File: pgfcorepathprocessing.code.tex 2013/09/09  (rcs-revision 1.9)
)
(/home/nlevisrael/texl/texlive-install/texmf-dist/tex/generic/pgf/basiclayer/pg
fcorearrows.code.tex
File: pgfcorearrows.code.tex 2015/05/14  (rcs-revision 1.43)
\pgfarrowsep=\dimen144
)
(/home/nlevisrael/texl/texlive-install/texmf-dist/tex/generic/pgf/basiclayer/pg
fcoreshade.code.tex
File: pgfcoreshade.code.tex 2013/07/15  (rcs-revision 1.15)
\pgf@max=\dimen145
\pgf@sys@shading@range@num=\count129
)
(/home/nlevisrael/texl/texlive-install/texmf-dist/tex/generic/pgf/basiclayer/pg
fcoreimage.code.tex
File: pgfcoreimage.code.tex 2013/07/15  (rcs-revision 1.18)

(/home/nlevisrael/texl/texlive-install/texmf-dist/tex/generic/pgf/basiclayer/pg
fcoreexternal.code.tex
File: pgfcoreexternal.code.tex 2014/07/09  (rcs-revision 1.21)
\pgfexternal@startupbox=\box32
))
(/home/nlevisrael/texl/texlive-install/texmf-dist/tex/generic/pgf/basiclayer/pg
fcorelayers.code.tex
File: pgfcorelayers.code.tex 2013/07/18  (rcs-revision 1.7)
)
(/home/nlevisrael/texl/texlive-install/texmf-dist/tex/generic/pgf/basiclayer/pg
fcoretransparency.code.tex
File: pgfcoretransparency.code.tex 2013/09/30  (rcs-revision 1.5)
)
(/home/nlevisrael/texl/texlive-install/texmf-dist/tex/generic/pgf/basiclayer/pg
fcorepatterns.code.tex
File: pgfcorepatterns.code.tex 2013/11/07  (rcs-revision 1.5)
)))
(/home/nlevisrael/texl/texlive-install/texmf-dist/tex/generic/pgf/modules/pgfmo
duleshapes.code.tex
File: pgfmoduleshapes.code.tex 2014/03/21  (rcs-revision 1.35)
\pgfnodeparttextbox=\box33
)
(/home/nlevisrael/texl/texlive-install/texmf-dist/tex/generic/pgf/modules/pgfmo
duleplot.code.tex
File: pgfmoduleplot.code.tex 2015/08/03  (rcs-revision 1.13)
)
(/home/nlevisrael/texl/texlive-install/texmf-dist/tex/latex/pgf/compatibility/p
gfcomp-version-0-65.sty
Package: pgfcomp-version-0-65 2007/07/03 v3.0.1a (rcs-revision 1.7)
\pgf@nodesepstart=\dimen146
\pgf@nodesepend=\dimen147
)
(/home/nlevisrael/texl/texlive-install/texmf-dist/tex/latex/pgf/compatibility/p
gfcomp-version-1-18.sty
Package: pgfcomp-version-1-18 2007/07/23 v3.0.1a (rcs-revision 1.1)
))
(/home/nlevisrael/texl/texlive-install/texmf-dist/tex/latex/pgf/utilities/pgffo
r.sty
(/home/nlevisrael/texl/texlive-install/texmf-dist/tex/latex/pgf/utilities/pgfke
ys.sty
(/home/nlevisrael/texl/texlive-install/texmf-dist/tex/generic/pgf/utilities/pgf
keys.code.tex))
(/home/nlevisrael/texl/texlive-install/texmf-dist/tex/latex/pgf/math/pgfmath.st
y
(/home/nlevisrael/texl/texlive-install/texmf-dist/tex/generic/pgf/math/pgfmath.
code.tex))
(/home/nlevisrael/texl/texlive-install/texmf-dist/tex/generic/pgf/utilities/pgf
for.code.tex
Package: pgffor 2013/12/13 v3.0.1a (rcs-revision 1.25)

(/home/nlevisrael/texl/texlive-install/texmf-dist/tex/generic/pgf/math/pgfmath.
code.tex)
\pgffor@iter=\dimen148
\pgffor@skip=\dimen149
\pgffor@stack=\toks32
\pgffor@toks=\toks33
))
(/home/nlevisrael/texl/texlive-install/texmf-dist/tex/generic/pgf/frontendlayer
/tikz/tikz.code.tex
Package: tikz 2015/08/07 v3.0.1a (rcs-revision 1.151)

(/home/nlevisrael/texl/texlive-install/texmf-dist/tex/generic/pgf/libraries/pgf
libraryplothandlers.code.tex
File: pgflibraryplothandlers.code.tex 2013/08/31 v3.0.1a (rcs-revision 1.20)
\pgf@plot@mark@count=\count130
\pgfplotmarksize=\dimen150
)
\tikz@lastx=\dimen151
\tikz@lasty=\dimen152
\tikz@lastxsaved=\dimen153
\tikz@lastysaved=\dimen154
\tikzleveldistance=\dimen155
\tikzsiblingdistance=\dimen156
\tikz@figbox=\box34
\tikz@figbox@bg=\box35
\tikz@tempbox=\box36
\tikz@tempbox@bg=\box37
\tikztreelevel=\count131
\tikznumberofchildren=\count132
\tikznumberofcurrentchild=\count133
\tikz@fig@count=\count134

(/home/nlevisrael/texl/texlive-install/texmf-dist/tex/generic/pgf/modules/pgfmo
dulematrix.code.tex
File: pgfmodulematrix.code.tex 2013/09/17  (rcs-revision 1.8)
\pgfmatrixcurrentrow=\count135
\pgfmatrixcurrentcolumn=\count136
\pgf@matrix@numberofcolumns=\count137
)
\tikz@expandcount=\count138

(/home/nlevisrael/texl/texlive-install/texmf-dist/tex/generic/pgf/frontendlayer
/tikz/libraries/tikzlibrarytopaths.code.tex
File: tikzlibrarytopaths.code.tex 2008/06/17 v3.0.1a (rcs-revision 1.2)
)))
(/home/nlevisrael/texl/texlive-install/texmf-dist/tex/latex/environ/environ.sty
Package: environ 2014/05/04 v0.3 A new way to define environments

(/home/nlevisrael/texl/texlive-install/texmf-dist/tex/latex/trimspaces/trimspac
es.sty
Package: trimspaces 2009/09/17 v1.1 Trim spaces around a token list
)
\@envbody=\toks34
)
(/home/nlevisrael/texl/texlive-install/texmf-dist/tex/generic/pgf/frontendlayer
/tikz/libraries/tikzlibrarymatrix.code.tex
File: tikzlibrarymatrix.code.tex 2013/07/12 v3.0.1a (rcs-revision 1.4)
)
(/home/nlevisrael/texl/texlive-install/texmf-dist/tex/generic/pgf/frontendlayer
/tikz/libraries/tikzlibraryarrows.code.tex
File: tikzlibraryarrows.code.tex 2008/01/09 v3.0.1a (rcs-revision 1.1)

(/home/nlevisrael/texl/texlive-install/texmf-dist/tex/generic/pgf/libraries/pgf
libraryarrows.code.tex
File: pgflibraryarrows.code.tex 2013/09/23 v3.0.1a (rcs-revision 1.16)
\arrowsize=\dimen157
))
(/home/nlevisrael/texl/texlive-install/texmf-dist/tex/generic/pgf/frontendlayer
/tikz/libraries/tikzlibrarybackgrounds.code.tex
File: tikzlibrarybackgrounds.code.tex 2013/07/18 v3.0.1a (rcs-revision 1.3)
\pgf@layerbox@background=\box38
\pgf@layerboxsaved@background=\box39
)
(/home/nlevisrael/texl/texlive-install/texmf-dist/tex/generic/pgf/frontendlayer
/tikz/libraries/tikzlibrarycalc.code.tex
File: tikzlibrarycalc.code.tex 2013/07/15 v3.0.1a (rcs-revision 1.9)
)
(/home/nlevisrael/texl/texlive-install/texmf-dist/tex/generic/pgf/frontendlayer
/tikz/libraries/tikzlibrarypatterns.code.tex
File: tikzlibrarypatterns.code.tex 2008/01/15 v3.0.1a (rcs-revision 1.2)

(/home/nlevisrael/texl/texlive-install/texmf-dist/tex/generic/pgf/libraries/pgf
librarypatterns.code.tex
File: pgflibrarypatterns.code.tex 2008/03/03 v3.0.1a (rcs-revision 1.13)
))
(/home/nlevisrael/texl/texlive-install/texmf-dist/tex/generic/pgf/frontendlayer
/tikz/libraries/tikzlibrarypositioning.code.tex
File: tikzlibrarypositioning.code.tex 2008/10/06 v3.0.1a (rcs-revision 1.7)
)
(/home/nlevisrael/texl/texlive-install/texmf-dist/tex/generic/pgf/frontendlayer
/tikz/libraries/tikzlibraryfit.code.tex
File: tikzlibraryfit.code.tex 2013/07/12 v3.0.1a (rcs-revision 1.5)
)
(/home/nlevisrael/texl/texlive-install/texmf-dist/tex/generic/pgf/frontendlayer
/tikz/libraries/tikzlibraryshapes.code.tex
File: tikzlibraryshapes.code.tex 2008/01/09 v3.0.1a (rcs-revision 1.1)

(/home/nlevisrael/texl/texlive-install/texmf-dist/tex/generic/pgf/frontendlayer
/tikz/libraries/tikzlibraryshapes.geometric.code.tex
File: tikzlibraryshapes.geometric.code.tex 2008/01/09 v3.0.1a (rcs-revision 1.1
)

(/home/nlevisrael/texl/texlive-install/texmf-dist/tex/generic/pgf/libraries/sha
pes/pgflibraryshapes.geometric.code.tex
File: pgflibraryshapes.geometric.code.tex 2008/06/26 v3.0.1a (rcs-revision 1.1)

))
(/home/nlevisrael/texl/texlive-install/texmf-dist/tex/generic/pgf/frontendlayer
/tikz/libraries/tikzlibraryshapes.misc.code.tex
File: tikzlibraryshapes.misc.code.tex 2008/01/09 v3.0.1a (rcs-revision 1.1)

(/home/nlevisrael/texl/texlive-install/texmf-dist/tex/generic/pgf/libraries/sha
pes/pgflibraryshapes.misc.code.tex
File: pgflibraryshapes.misc.code.tex 2013/07/18 v3.0.1a (rcs-revision 1.5)
))
(/home/nlevisrael/texl/texlive-install/texmf-dist/tex/generic/pgf/frontendlayer
/tikz/libraries/tikzlibraryshapes.symbols.code.tex
File: tikzlibraryshapes.symbols.code.tex 2008/01/09 v3.0.1a (rcs-revision 1.1)

(/home/nlevisrael/texl/texlive-install/texmf-dist/tex/generic/pgf/libraries/sha
pes/pgflibraryshapes.symbols.code.tex
File: pgflibraryshapes.symbols.code.tex 2013/09/11 v3.0.1a (rcs-revision 1.6)
))
(/home/nlevisrael/texl/texlive-install/texmf-dist/tex/generic/pgf/frontendlayer
/tikz/libraries/tikzlibraryshapes.arrows.code.tex
File: tikzlibraryshapes.arrows.code.tex 2008/01/09 v3.0.1a (rcs-revision 1.1)

(/home/nlevisrael/texl/texlive-install/texmf-dist/tex/generic/pgf/libraries/sha
pes/pgflibraryshapes.arrows.code.tex
File: pgflibraryshapes.arrows.code.tex 2008/06/26 v3.0.1a (rcs-revision 1.1)
))
(/home/nlevisrael/texl/texlive-install/texmf-dist/tex/generic/pgf/frontendlayer
/tikz/libraries/tikzlibraryshapes.callouts.code.tex
(/home/nlevisrael/texl/texlive-install/texmf-dist/tex/generic/pgf/libraries/sha
pes/pgflibraryshapes.callouts.code.tex))
(/home/nlevisrael/texl/texlive-install/texmf-dist/tex/generic/pgf/frontendlayer
/tikz/libraries/tikzlibraryshapes.multipart.code.tex
File: tikzlibraryshapes.multipart.code.tex 2008/01/09 v3.0.1a (rcs-revision 1.1
)

(/home/nlevisrael/texl/texlive-install/texmf-dist/tex/generic/pgf/libraries/sha
pes/pgflibraryshapes.multipart.code.tex
File: pgflibraryshapes.multipart.code.tex 2010/01/07 v3.0.1a (rcs-revision 1.2)

\pgfnodepartlowerbox=\box40
\pgfnodeparttwobox=\box41
\pgfnodepartthreebox=\box42
\pgfnodepartfourbox=\box43
\pgfnodeparttwentybox=\box44
\pgfnodepartnineteenbox=\box45
\pgfnodeparteighteenbox=\box46
\pgfnodepartseventeenbox=\box47
\pgfnodepartsixteenbox=\box48
\pgfnodepartfifteenbox=\box49
\pgfnodepartfourteenbox=\box50
\pgfnodepartthirteenbox=\box51
\pgfnodeparttwelvebox=\box52
\pgfnodepartelevenbox=\box53
\pgfnodeparttenbox=\box54
\pgfnodepartninebox=\box55
\pgfnodeparteightbox=\box56
\pgfnodepartsevenbox=\box57
\pgfnodepartsixbox=\box58
\pgfnodepartfivebox=\box59
)))
\pgf@layerbox@depgroups=\box60
\pgf@layerboxsaved@depgroups=\box61
\c@dt@labelid=\count139
\xca=\skip45
\yca=\skip46
\xcb=\skip47
\ycb=\skip48
)
(/home/nlevisrael/texl/texlive-install/texmf-dist/tex/latex/eso-pic/eso-pic.sty
Package: eso-pic 2015/07/21 v2.0g eso-pic (RN)

(/home/nlevisrael/texl/texlive-install/texmf-dist/tex/generic/oberdiek/atbegshi
.sty
Package: atbegshi 2016/06/09 v1.18 At begin shipout hook (HO)

(/home/nlevisrael/texl/texlive-install/texmf-dist/tex/generic/oberdiek/infwarer
r.sty
Package: infwarerr 2016/05/16 v1.4 Providing info/warning/error messages (HO)
)
(/home/nlevisrael/texl/texlive-install/texmf-dist/tex/generic/oberdiek/ltxcmds.
sty
Package: ltxcmds 2016/05/16 v1.23 LaTeX kernel commands for general use (HO)
)
(/home/nlevisrael/texl/texlive-install/texmf-dist/tex/generic/oberdiek/ifpdf.st
y
Package: ifpdf 2017/03/15 v3.2 Provides the ifpdf switch
)))
(/home/nlevisrael/texl/texlive-install/texmf-dist/tex/latex/setspace/setspace.s
ty
Package: setspace 2011/12/19 v6.7a set line spacing
)
(/home/nlevisrael/texl/texlive-install/texmf-dist/tex/latex/pgfornament/pgforna
ment.sty
(/home/nlevisrael/texl/texlive-install/texmf-dist/tex/latex/pgfopts/pgfopts.sty
Package: pgfopts 2014/07/10 v2.1a LaTeX package options with pgfkeys
\pgfopts@list@add@a@toks=\toks35
\pgfopts@list@add@b@toks=\toks36
)
Package: pgfornament 2016/03/05 v0.21 vector ornaments

(/home/nlevisrael/texl/texlive-install/texmf-dist/tex/latex/pgfornament/pgflibr
aryvectorian.code.tex))
(/home/nlevisrael/texl/texlive-install/texmf-dist/tex/latex/footmisc/footmisc.s
ty
Package: footmisc 2011/06/06 v5.5b a miscellany of footnote facilities
\FN@temptoken=\toks37
\footnotemargin=\dimen158
\c@pp@next@reset=\count140
Package footmisc Info: Declaring symbol style bringhurst on input line 855.
Package footmisc Info: Declaring symbol style chicago on input line 863.
Package footmisc Info: Declaring symbol style wiley on input line 872.
Package footmisc Info: Declaring symbol style lamport-robust on input line 883.

Package footmisc Info: Declaring symbol style lamport* on input line 903.
Package footmisc Info: Declaring symbol style lamport*-robust on input line 924
.
)
(/home/nlevisrael/texl/texlive-install/texmf-dist/tex/latex/geometry/geometry.s
ty
Package: geometry 2018/03/24 v5.7 Page Geometry

(/home/nlevisrael/texl/texlive-install/texmf-dist/tex/generic/oberdiek/ifvtex.s
ty
Package: ifvtex 2016/05/16 v1.6 Detect VTeX and its facilities (HO)
Package ifvtex Info: VTeX not detected.
)
(/home/nlevisrael/texl/texlive-install/texmf-dist/tex/generic/ifxetex/ifxetex.s
ty
Package: ifxetex 2010/09/12 v0.6 Provides ifxetex conditional
)
\Gm@cnth=\count141
\Gm@cntv=\count142
\c@Gm@tempcnt=\count143
\Gm@bindingoffset=\dimen159
\Gm@wd@mp=\dimen160
\Gm@odd@mp=\dimen161
\Gm@even@mp=\dimen162
\Gm@layoutwidth=\dimen163
\Gm@layoutheight=\dimen164
\Gm@layouthoffset=\dimen165
\Gm@layoutvoffset=\dimen166
\Gm@dimlist=\toks38
)
(/home/nlevisrael/texl/texlive-install/texmf-dist/tex/latex/wasysym/wasysym.sty
Package: wasysym 2003/10/30 v2.0 Wasy-2 symbol support package
\symwasy=\mathgroup4
LaTeX Font Info:    Overwriting symbol font `wasy' in version `bold'
(Font)                  U/wasy/m/n --> U/wasy/b/n on input line 90.
) (/home/nlevisrael/texl/texlive-install/texmf-dist/tex/latex/base/textcomp.sty
Package: textcomp 2017/04/05 v2.0i Standard LaTeX package
Package textcomp Info: Sub-encoding information:
(textcomp)               5 = only ISO-Adobe without \textcurrency
(textcomp)               4 = 5 + \texteuro
(textcomp)               3 = 4 + \textohm
(textcomp)               2 = 3 + \textestimated + \textcurrency
(textcomp)               1 = TS1 - \textcircled - \t
(textcomp)               0 = TS1 (full)
(textcomp)             Font families with sub-encoding setting implement
(textcomp)             only a restricted character set as indicated.
(textcomp)             Family '?' is the default used for unknown fonts.
(textcomp)             See the documentation for details.
Package textcomp Info: Setting ? sub-encoding to TS1/1 on input line 79.
(/home/nlevisrael/texl/texlive-install/texmf-dist/tex/latex/base/ts1enc.def
File: ts1enc.def 2001/06/05 v3.0e (jk/car/fm) Standard LaTeX file
Now handling font encoding TS1 ...
... processing UTF-8 mapping file for font encoding TS1

(/home/nlevisrael/texl/texlive-install/texmf-dist/tex/latex/base/ts1enc.dfu
File: ts1enc.dfu 2018/04/05 v1.2c UTF-8 support for inputenc
   defining Unicode char U+00A2 (decimal 162)
   defining Unicode char U+00A3 (decimal 163)
   defining Unicode char U+00A4 (decimal 164)
   defining Unicode char U+00A5 (decimal 165)
   defining Unicode char U+00A6 (decimal 166)
   defining Unicode char U+00A7 (decimal 167)
   defining Unicode char U+00A8 (decimal 168)
   defining Unicode char U+00A9 (decimal 169)
   defining Unicode char U+00AA (decimal 170)
   defining Unicode char U+00AC (decimal 172)
   defining Unicode char U+00AE (decimal 174)
   defining Unicode char U+00AF (decimal 175)
   defining Unicode char U+00B0 (decimal 176)
   defining Unicode char U+00B1 (decimal 177)
   defining Unicode char U+00B2 (decimal 178)
   defining Unicode char U+00B3 (decimal 179)
   defining Unicode char U+00B4 (decimal 180)
   defining Unicode char U+00B5 (decimal 181)
   defining Unicode char U+00B6 (decimal 182)
   defining Unicode char U+00B7 (decimal 183)
   defining Unicode char U+00B9 (decimal 185)
   defining Unicode char U+00BA (decimal 186)
   defining Unicode char U+00BC (decimal 188)
   defining Unicode char U+00BD (decimal 189)
   defining Unicode char U+00BE (decimal 190)
   defining Unicode char U+00D7 (decimal 215)
   defining Unicode char U+00F7 (decimal 247)
   defining Unicode char U+0192 (decimal 402)
   defining Unicode char U+02C7 (decimal 711)
   defining Unicode char U+02D8 (decimal 728)
   defining Unicode char U+02DD (decimal 733)
   defining Unicode char U+0E3F (decimal 3647)
   defining Unicode char U+2016 (decimal 8214)
   defining Unicode char U+2020 (decimal 8224)
   defining Unicode char U+2021 (decimal 8225)
   defining Unicode char U+2022 (decimal 8226)
   defining Unicode char U+2030 (decimal 8240)
   defining Unicode char U+2031 (decimal 8241)
   defining Unicode char U+203B (decimal 8251)
   defining Unicode char U+203D (decimal 8253)
   defining Unicode char U+2044 (decimal 8260)
   defining Unicode char U+204E (decimal 8270)
   defining Unicode char U+2052 (decimal 8274)
   defining Unicode char U+20A1 (decimal 8353)
   defining Unicode char U+20A4 (decimal 8356)
   defining Unicode char U+20A6 (decimal 8358)
   defining Unicode char U+20A9 (decimal 8361)
   defining Unicode char U+20AB (decimal 8363)
   defining Unicode char U+20AC (decimal 8364)
   defining Unicode char U+20B1 (decimal 8369)
   defining Unicode char U+2103 (decimal 8451)
   defining Unicode char U+2116 (decimal 8470)
   defining Unicode char U+2117 (decimal 8471)
   defining Unicode char U+211E (decimal 8478)
   defining Unicode char U+2120 (decimal 8480)
   defining Unicode char U+2122 (decimal 8482)
   defining Unicode char U+2126 (decimal 8486)
   defining Unicode char U+2127 (decimal 8487)
   defining Unicode char U+212E (decimal 8494)
   defining Unicode char U+2190 (decimal 8592)
   defining Unicode char U+2191 (decimal 8593)
   defining Unicode char U+2192 (decimal 8594)
   defining Unicode char U+2193 (decimal 8595)
   defining Unicode char U+2329 (decimal 9001)
   defining Unicode char U+232A (decimal 9002)
   defining Unicode char U+2422 (decimal 9250)
   defining Unicode char U+25E6 (decimal 9702)
   defining Unicode char U+25EF (decimal 9711)
   defining Unicode char U+266A (decimal 9834)
   defining Unicode char U+FEFF (decimal 65279)
))
LaTeX Info: Redefining \oldstylenums on input line 334.
Package textcomp Info: Setting cmr sub-encoding to TS1/0 on input line 349.
Package textcomp Info: Setting cmss sub-encoding to TS1/0 on input line 350.
Package textcomp Info: Setting cmtt sub-encoding to TS1/0 on input line 351.
Package textcomp Info: Setting cmvtt sub-encoding to TS1/0 on input line 352.
Package textcomp Info: Setting cmbr sub-encoding to TS1/0 on input line 353.
Package textcomp Info: Setting cmtl sub-encoding to TS1/0 on input line 354.
Package textcomp Info: Setting ccr sub-encoding to TS1/0 on input line 355.
Package textcomp Info: Setting ptm sub-encoding to TS1/4 on input line 356.
Package textcomp Info: Setting pcr sub-encoding to TS1/4 on input line 357.
Package textcomp Info: Setting phv sub-encoding to TS1/4 on input line 358.
Package textcomp Info: Setting ppl sub-encoding to TS1/3 on input line 359.
Package textcomp Info: Setting pag sub-encoding to TS1/4 on input line 360.
Package textcomp Info: Setting pbk sub-encoding to TS1/4 on input line 361.
Package textcomp Info: Setting pnc sub-encoding to TS1/4 on input line 362.
Package textcomp Info: Setting pzc sub-encoding to TS1/4 on input line 363.
Package textcomp Info: Setting bch sub-encoding to TS1/4 on input line 364.
Package textcomp Info: Setting put sub-encoding to TS1/5 on input line 365.
Package textcomp Info: Setting uag sub-encoding to TS1/5 on input line 366.
Package textcomp Info: Setting ugq sub-encoding to TS1/5 on input line 367.
Package textcomp Info: Setting ul8 sub-encoding to TS1/4 on input line 368.
Package textcomp Info: Setting ul9 sub-encoding to TS1/4 on input line 369.
Package textcomp Info: Setting augie sub-encoding to TS1/5 on input line 370.
Package textcomp Info: Setting dayrom sub-encoding to TS1/3 on input line 371.
Package textcomp Info: Setting dayroms sub-encoding to TS1/3 on input line 372.

Package textcomp Info: Setting pxr sub-encoding to TS1/0 on input line 373.
Package textcomp Info: Setting pxss sub-encoding to TS1/0 on input line 374.
Package textcomp Info: Setting pxtt sub-encoding to TS1/0 on input line 375.
Package textcomp Info: Setting txr sub-encoding to TS1/0 on input line 376.
Package textcomp Info: Setting txss sub-encoding to TS1/0 on input line 377.
Package textcomp Info: Setting txtt sub-encoding to TS1/0 on input line 378.
Package textcomp Info: Setting lmr sub-encoding to TS1/0 on input line 379.
Package textcomp Info: Setting lmdh sub-encoding to TS1/0 on input line 380.
Package textcomp Info: Setting lmss sub-encoding to TS1/0 on input line 381.
Package textcomp Info: Setting lmssq sub-encoding to TS1/0 on input line 382.
Package textcomp Info: Setting lmvtt sub-encoding to TS1/0 on input line 383.
Package textcomp Info: Setting lmtt sub-encoding to TS1/0 on input line 384.
Package textcomp Info: Setting qhv sub-encoding to TS1/0 on input line 385.
Package textcomp Info: Setting qag sub-encoding to TS1/0 on input line 386.
Package textcomp Info: Setting qbk sub-encoding to TS1/0 on input line 387.
Package textcomp Info: Setting qcr sub-encoding to TS1/0 on input line 388.
Package textcomp Info: Setting qcs sub-encoding to TS1/0 on input line 389.
Package textcomp Info: Setting qpl sub-encoding to TS1/0 on input line 390.
Package textcomp Info: Setting qtm sub-encoding to TS1/0 on input line 391.
Package textcomp Info: Setting qzc sub-encoding to TS1/0 on input line 392.
Package textcomp Info: Setting qhvc sub-encoding to TS1/0 on input line 393.
Package textcomp Info: Setting futs sub-encoding to TS1/4 on input line 394.
Package textcomp Info: Setting futx sub-encoding to TS1/4 on input line 395.
Package textcomp Info: Setting futj sub-encoding to TS1/4 on input line 396.
Package textcomp Info: Setting hlh sub-encoding to TS1/3 on input line 397.
Package textcomp Info: Setting hls sub-encoding to TS1/3 on input line 398.
Package textcomp Info: Setting hlst sub-encoding to TS1/3 on input line 399.
Package textcomp Info: Setting hlct sub-encoding to TS1/5 on input line 400.
Package textcomp Info: Setting hlx sub-encoding to TS1/5 on input line 401.
Package textcomp Info: Setting hlce sub-encoding to TS1/5 on input line 402.
Package textcomp Info: Setting hlcn sub-encoding to TS1/5 on input line 403.
Package textcomp Info: Setting hlcw sub-encoding to TS1/5 on input line 404.
Package textcomp Info: Setting hlcf sub-encoding to TS1/5 on input line 405.
Package textcomp Info: Setting pplx sub-encoding to TS1/3 on input line 406.
Package textcomp Info: Setting pplj sub-encoding to TS1/3 on input line 407.
Package textcomp Info: Setting ptmx sub-encoding to TS1/4 on input line 408.
Package textcomp Info: Setting ptmj sub-encoding to TS1/4 on input line 409.
)
(/home/nlevisrael/texl/texlive-install/texmf-dist/tex/latex/amsfonts/amssymb.st
y
Package: amssymb 2013/01/14 v3.01 AMS font symbols

(/home/nlevisrael/texl/texlive-install/texmf-dist/tex/latex/amsfonts/amsfonts.s
ty
Package: amsfonts 2013/01/14 v3.01 Basic AMSFonts support
\symAMSa=\mathgroup5
\symAMSb=\mathgroup6
LaTeX Font Info:    Overwriting math alphabet `\mathfrak' in version `bold'
(Font)                  U/euf/m/n --> U/euf/b/n on input line 106.
))
(/home/nlevisrael/texl/texlive-install/texmf-dist/tex/latex/microtype/microtype
.sty
Package: microtype 2018/01/14 v2.7a Micro-typographical refinements (RS)
\MT@toks=\toks39
\MT@count=\count144
LaTeX Info: Redefining \textls on input line 793.
\MT@outer@kern=\dimen167
LaTeX Info: Redefining \textmicrotypecontext on input line 1339.
\MT@listname@count=\count145

(/home/nlevisrael/texl/texlive-install/texmf-dist/tex/latex/microtype/microtype
-pdftex.def
File: microtype-pdftex.def 2018/01/14 v2.7a Definitions specific to pdftex (RS)

LaTeX Info: Redefining \lsstyle on input line 913.
LaTeX Info: Redefining \lslig on input line 913.
\MT@outer@space=\skip49
)
Package microtype Info: Loading configuration file microtype.cfg.

(/home/nlevisrael/texl/texlive-install/texmf-dist/tex/latex/microtype/microtype
.cfg
File: microtype.cfg 2018/01/14 v2.7a microtype main configuration file (RS)
))
LaTeX Font Info:    Redeclaring math alphabet \mathcal on input line 246.

(/home/nlevisrael/texl/texlive-install/texmf-dist/tex/latex/enumitem/enumitem.s
ty
Package: enumitem 2011/09/28 v3.5.2 Customized lists
\enitkv@toks@=\toks40
\labelindent=\skip50
\enit@outerparindent=\dimen168
\enit@toks=\toks41
\enit@inbox=\box62
\enitdp@description=\count146
)
(/home/nlevisrael/texl/texlive-install/texmf-dist/tex/latex/caption/caption.sty
Package: caption 2016/02/21 v3.3-144 Customizing captions (AR)

(/home/nlevisrael/texl/texlive-install/texmf-dist/tex/latex/caption/caption3.st
y
Package: caption3 2016/05/22 v1.7-166 caption3 kernel (AR)
Package caption3 Info: TeX engine: e-TeX on input line 67.
\captionmargin=\dimen169
\captionmargin@=\dimen170
\captionwidth=\dimen171
\caption@tempdima=\dimen172
\caption@indent=\dimen173
\caption@parindent=\dimen174
\caption@hangindent=\dimen175
)
\c@ContinuedFloat=\count147
)
(/home/nlevisrael/texl/texlive-install/texmf-dist/tex/generic/pgf/frontendlayer
/tikz/libraries/tikzlibrarysnakes.code.tex
File: tikzlibrarysnakes.code.tex 2013/07/15 v3.0.1a (rcs-revision 1.7)


Package pgf Warning: Snakes have been superseded by decorations. Please use the
 decoration libraries instead of the snakes library on input line 14.


(/home/nlevisrael/texl/texlive-install/texmf-dist/tex/generic/pgf/frontendlayer
/tikz/libraries/tikzlibrarydecorations.pathmorphing.code.tex
(/home/nlevisrael/texl/texlive-install/texmf-dist/tex/generic/pgf/frontendlayer
/tikz/libraries/tikzlibrarydecorations.code.tex
(/home/nlevisrael/texl/texlive-install/texmf-dist/tex/generic/pgf/modules/pgfmo
duledecorations.code.tex
\pgfdecoratedcompleteddistance=\dimen176
\pgfdecoratedremainingdistance=\dimen177
\pgfdecoratedinputsegmentcompleteddistance=\dimen178
\pgfdecoratedinputsegmentremainingdistance=\dimen179
\pgf@decorate@distancetomove=\dimen180
\pgf@decorate@repeatstate=\count148
\pgfdecorationsegmentamplitude=\dimen181
\pgfdecorationsegmentlength=\dimen182
)
\tikz@lib@dec@box=\box63
)
(/home/nlevisrael/texl/texlive-install/texmf-dist/tex/generic/pgf/libraries/dec
orations/pgflibrarydecorations.pathmorphing.code.tex))
(/home/nlevisrael/texl/texlive-install/texmf-dist/tex/generic/pgf/frontendlayer
/tikz/libraries/tikzlibrarydecorations.pathreplacing.code.tex
(/home/nlevisrael/texl/texlive-install/texmf-dist/tex/generic/pgf/libraries/dec
orations/pgflibrarydecorations.pathreplacing.code.tex))
(/home/nlevisrael/texl/texlive-install/texmf-dist/tex/generic/pgf/frontendlayer
/tikz/libraries/tikzlibrarydecorations.shapes.code.tex
(/home/nlevisrael/texl/texlive-install/texmf-dist/tex/generic/pgf/libraries/dec
orations/pgflibrarydecorations.shapes.code.tex)))
(/home/nlevisrael/texl/texlive-install/texmf-dist/tex/latex/hyperref/hyperref.s
ty
Package: hyperref 2018/02/06 v6.86b Hypertext links for LaTeX

(/home/nlevisrael/texl/texlive-install/texmf-dist/tex/generic/oberdiek/hobsub-h
yperref.sty
Package: hobsub-hyperref 2016/05/16 v1.14 Bundle oberdiek, subset hyperref (HO)


(/home/nlevisrael/texl/texlive-install/texmf-dist/tex/generic/oberdiek/hobsub-g
eneric.sty
Package: hobsub-generic 2016/05/16 v1.14 Bundle oberdiek, subset generic (HO)
Package: hobsub 2016/05/16 v1.14 Construct package bundles (HO)
Package hobsub Info: Skipping package `infwarerr' (already loaded).
Package hobsub Info: Skipping package `ltxcmds' (already loaded).
Package: ifluatex 2016/05/16 v1.4 Provides the ifluatex switch (HO)
Package ifluatex Info: LuaTeX not detected.
Package hobsub Info: Skipping package `ifvtex' (already loaded).
Package: intcalc 2016/05/16 v1.2 Expandable calculations with integers (HO)
Package hobsub Info: Skipping package `ifpdf' (already loaded).
Package: etexcmds 2016/05/16 v1.6 Avoid name clashes with e-TeX commands (HO)
Package etexcmds Info: Could not find \expanded.
(etexcmds)             That can mean that you are not using pdfTeX 1.50 or
(etexcmds)             that some package has redefined \expanded.
(etexcmds)             In the latter case, load this package earlier.
Package: kvsetkeys 2016/05/16 v1.17 Key value parser (HO)
Package: kvdefinekeys 2016/05/16 v1.4 Define keys (HO)
Package: pdftexcmds 2018/01/30 v0.27 Utility functions of pdfTeX for LuaTeX (HO
)
Package pdftexcmds Info: LuaTeX not detected.
Package pdftexcmds Info: \pdf@primitive is available.
Package pdftexcmds Info: \pdf@ifprimitive is available.
Package pdftexcmds Info: \pdfdraftmode found.
Package: pdfescape 2016/05/16 v1.14 Implements pdfTeX's escape features (HO)
Package: bigintcalc 2016/05/16 v1.4 Expandable calculations on big integers (HO
)
Package: bitset 2016/05/16 v1.2 Handle bit-vector datatype (HO)
Package: uniquecounter 2016/05/16 v1.3 Provide unlimited unique counter (HO)
)
Package hobsub Info: Skipping package `hobsub' (already loaded).
Package: letltxmacro 2016/05/16 v1.5 Let assignment for LaTeX macros (HO)
Package: hopatch 2016/05/16 v1.3 Wrapper for package hooks (HO)
Package: xcolor-patch 2016/05/16 xcolor patch
Package: atveryend 2016/05/16 v1.9 Hooks at the very end of document (HO)
Package hobsub Info: Skipping package `atbegshi' (already loaded).
Package: refcount 2016/05/16 v3.5 Data extraction from label references (HO)
Package: hycolor 2016/05/16 v1.8 Color options for hyperref/bookmark (HO)
)
(/home/nlevisrael/texl/texlive-install/texmf-dist/tex/latex/oberdiek/auxhook.st
y
Package: auxhook 2016/05/16 v1.4 Hooks for auxiliary files (HO)
)
(/home/nlevisrael/texl/texlive-install/texmf-dist/tex/latex/oberdiek/kvoptions.
sty
Package: kvoptions 2016/05/16 v3.12 Key value format for package options (HO)
)
\@linkdim=\dimen183
\Hy@linkcounter=\count149
\Hy@pagecounter=\count150

(/home/nlevisrael/texl/texlive-install/texmf-dist/tex/latex/hyperref/pd1enc.def
File: pd1enc.def 2018/02/06 v6.86b Hyperref: PDFDocEncoding definition (HO)
Now handling font encoding PD1 ...
... no UTF-8 mapping file for font encoding PD1
)
\Hy@SavedSpaceFactor=\count151

(/home/nlevisrael/texl/texlive-install/texmf-dist/tex/latex/latexconfig/hyperre
f.cfg
File: hyperref.cfg 2002/06/06 v1.2 hyperref configuration of TeXLive
)
Package hyperref Info: Option `colorlinks' set `true' on input line 4383.
Package hyperref Info: Hyper figures OFF on input line 4509.
Package hyperref Info: Link nesting OFF on input line 4514.
Package hyperref Info: Hyper index ON on input line 4517.
Package hyperref Info: Plain pages OFF on input line 4524.
Package hyperref Info: Backreferencing OFF on input line 4529.
Package hyperref Info: Implicit mode ON; LaTeX internals redefined.
Package hyperref Info: Bookmarks ON on input line 4762.
\c@Hy@tempcnt=\count152
LaTeX Info: Redefining \url on input line 5115.
\XeTeXLinkMargin=\dimen184
\Fld@menulength=\count153
\Field@Width=\dimen185
\Fld@charsize=\dimen186
Package hyperref Info: Hyper figures OFF on input line 6369.
Package hyperref Info: Link nesting OFF on input line 6374.
Package hyperref Info: Hyper index ON on input line 6377.
Package hyperref Info: backreferencing OFF on input line 6384.
Package hyperref Info: Link coloring ON on input line 6387.
Package hyperref Info: Link coloring with OCG OFF on input line 6394.
Package hyperref Info: PDF/A mode OFF on input line 6399.
LaTeX Info: Redefining \ref on input line 6439.
LaTeX Info: Redefining \pageref on input line 6443.
\Hy@abspage=\count154
\c@Item=\count155
\c@Hfootnote=\count156
)
Package hyperref Info: Driver (autodetected): hpdftex.

(/home/nlevisrael/texl/texlive-install/texmf-dist/tex/latex/hyperref/hpdftex.de
f
File: hpdftex.def 2018/02/06 v6.86b Hyperref driver for pdfTeX
\Fld@listcount=\count157
\c@bookmark@seq@number=\count158

(/home/nlevisrael/texl/texlive-install/texmf-dist/tex/latex/oberdiek/rerunfilec
heck.sty
Package: rerunfilecheck 2016/05/16 v1.8 Rerun checks for auxiliary files (HO)
Package uniquecounter Info: New unique counter `rerunfilecheck' on input line 2
82.
)
\Hy@SectionHShift=\skip51
)
(/home/nlevisrael/texl/texlive-install/texmf-dist/tex/latex/oberdiek/transparen
t.sty
Package: transparent 2016/05/16 v1.1 Transparency via pdfTeX's color stack (HO)

)
\c@subs=\count159
\twolinebox=\box64

(/home/nlevisrael/texl/texlive-install/texmf-dist/tex/latex/tcolorbox/tcolorbox
.sty
Package: tcolorbox 2018/03/22 version 4.13 text color boxes

(/home/nlevisrael/texl/texlive-install/texmf-dist/tex/latex/tools/verbatim.sty
Package: verbatim 2014/10/28 v1.5q LaTeX2e package for verbatim enhancements
\every@verbatim=\toks42
\verbatim@line=\toks43
\verbatim@in@stream=\read2
)
\tcb@titlebox=\box65
\tcb@upperbox=\box66
\tcb@lowerbox=\box67
\tcb@phantombox=\box68
\c@tcbbreakpart=\count160
\c@tcblayer=\count161
\tcolorbox@number=\count162
\tcb@temp=\box69
\tcb@temp=\box70
\tcb@temp=\box71
\tcb@temp=\box72
\tcb@out=\write5
\tcb@record@out=\write6

(/home/nlevisrael/texl/texlive-install/texmf-dist/tex/latex/tcolorbox/tcbbreaka
ble.code.tex
Library (tcolorbox): 'tcbbreakable.code.tex' version '4.13'
\tcb@testbox=\box73
\tcb@totalupperbox=\box74
\tcb@totallowerbox=\box75
))
(/home/nlevisrael/texl/texlive-install/texmf-dist/tex/latex/amsmath/amsmath.sty
Package: amsmath 2017/09/02 v2.17a AMS math features
\@mathmargin=\skip52
For additional information on amsmath, use the `?' option.

(/home/nlevisrael/texl/texlive-install/texmf-dist/tex/latex/amsmath/amstext.sty
Package: amstext 2000/06/29 v2.01 AMS text
)
(/home/nlevisrael/texl/texlive-install/texmf-dist/tex/latex/amsmath/amsbsy.sty
Package: amsbsy 1999/11/29 v1.2d Bold Symbols
\pmbraise@=\dimen187
) (/home/nlevisrael/texl/texlive-install/texmf-dist/tex/latex/amsmath/amsopn.st
y
Package: amsopn 2016/03/08 v2.02 operator names
)
\inf@bad=\count163
LaTeX Info: Redefining \frac on input line 213.
\uproot@=\count164
\leftroot@=\count165
LaTeX Info: Redefining \overline on input line 375.
\classnum@=\count166
\DOTSCASE@=\count167
LaTeX Info: Redefining \ldots on input line 472.
LaTeX Info: Redefining \dots on input line 475.
LaTeX Info: Redefining \cdots on input line 596.
\Mathstrutbox@=\box76
\strutbox@=\box77
\big@size=\dimen188
LaTeX Font Info:    Redeclaring font encoding OML on input line 712.
LaTeX Font Info:    Redeclaring font encoding OMS on input line 713.
\macc@depth=\count168
\c@MaxMatrixCols=\count169
\dotsspace@=\muskip11
\c@parentequation=\count170
\dspbrk@lvl=\count171
\tag@help=\toks44
\row@=\count172
\column@=\count173
\maxfields@=\count174
\andhelp@=\toks45
\eqnshift@=\dimen189
\alignsep@=\dimen190
\tagshift@=\dimen191
\tagwidth@=\dimen192
\totwidth@=\dimen193
\lineht@=\dimen194
\@envbody=\toks46
\multlinegap=\skip53
\multlinetaggap=\skip54
\mathdisplay@stack=\toks47
LaTeX Info: Redefining \[ on input line 2817.
LaTeX Info: Redefining \] on input line 2818.
)) (./ctg.ngml.aux

LaTeX Warning: Label `' multiply defined.


LaTeX Warning: Label `' multiply defined.


LaTeX Warning: Label `' multiply defined.


LaTeX Warning: Label `' multiply defined.


LaTeX Warning: Label `' multiply defined.


LaTeX Warning: Label `' multiply defined.


LaTeX Warning: Label `' multiply defined.


LaTeX Warning: Label `' multiply defined.


LaTeX Warning: Label `' multiply defined.


LaTeX Warning: Label `' multiply defined.


LaTeX Warning: Label `' multiply defined.


LaTeX Warning: Label `' multiply defined.


LaTeX Warning: Label `' multiply defined.


LaTeX Warning: Label `' multiply defined.


LaTeX Warning: Label `' multiply defined.


LaTeX Warning: Label `' multiply defined.


LaTeX Warning: Label `' multiply defined.


LaTeX Warning: Label `' multiply defined.


LaTeX Warning: Label `' multiply defined.


LaTeX Warning: Label `' multiply defined.


LaTeX Warning: Label `' multiply defined.


LaTeX Warning: Label `' multiply defined.


LaTeX Warning: Label `' multiply defined.


LaTeX Warning: Label `' multiply defined.


LaTeX Warning: Label `' multiply defined.


LaTeX Warning: Label `' multiply defined.


LaTeX Warning: Label `' multiply defined.


LaTeX Warning: Label `' multiply defined.


LaTeX Warning: Label `' multiply defined.


LaTeX Warning: Label `' multiply defined.


LaTeX Warning: Label `' multiply defined.


LaTeX Warning: Label `' multiply defined.


LaTeX Warning: Label `' multiply defined.


LaTeX Warning: Label `' multiply defined.


LaTeX Warning: Label `' multiply defined.


LaTeX Warning: Label `' multiply defined.


LaTeX Warning: Label `' multiply defined.


LaTeX Warning: Label `' multiply defined.


LaTeX Warning: Label `' multiply defined.


LaTeX Warning: Label `' multiply defined.


LaTeX Warning: Label `' multiply defined.


LaTeX Warning: Label `' multiply defined.


LaTeX Warning: Label `' multiply defined.


LaTeX Warning: Label `' multiply defined.


LaTeX Warning: Label `' multiply defined.


LaTeX Warning: Label `' multiply defined.


LaTeX Warning: Label `' multiply defined.


LaTeX Warning: Label `' multiply defined.


LaTeX Warning: Label `' multiply defined.


LaTeX Warning: Label `' multiply defined.


LaTeX Warning: Label `' multiply defined.


LaTeX Warning: Label `' multiply defined.


LaTeX Warning: Label `' multiply defined.


LaTeX Warning: Label `' multiply defined.


LaTeX Warning: Label `' multiply defined.


LaTeX Warning: Label `' multiply defined.


LaTeX Warning: Label `' multiply defined.


LaTeX Warning: Label `' multiply defined.


LaTeX Warning: Label `' multiply defined.


LaTeX Warning: Label `' multiply defined.


LaTeX Warning: Label `' multiply defined.


LaTeX Warning: Label `' multiply defined.


LaTeX Warning: Label `' multiply defined.


LaTeX Warning: Label `' multiply defined.


LaTeX Warning: Label `' multiply defined.


LaTeX Warning: Label `' multiply defined.


LaTeX Warning: Label `' multiply defined.


LaTeX Warning: Label `' multiply defined.


LaTeX Warning: Label `' multiply defined.

)
\openout1 = `ctg.ngml.aux'.

LaTeX Font Info:    Checking defaults for OML/cmm/m/it on input line 14.
LaTeX Font Info:    ... okay on input line 14.
LaTeX Font Info:    Checking defaults for T1/cmr/m/n on input line 14.
LaTeX Font Info:    ... okay on input line 14.
LaTeX Font Info:    Checking defaults for OT1/cmr/m/n on input line 14.
LaTeX Font Info:    ... okay on input line 14.
LaTeX Font Info:    Checking defaults for OMS/cmsy/m/n on input line 14.
LaTeX Font Info:    ... okay on input line 14.
LaTeX Font Info:    Checking defaults for OMX/cmex/m/n on input line 14.
LaTeX Font Info:    ... okay on input line 14.
LaTeX Font Info:    Checking defaults for U/cmr/m/n on input line 14.
LaTeX Font Info:    ... okay on input line 14.
LaTeX Font Info:    Checking defaults for TS1/cmr/m/n on input line 14.
LaTeX Font Info:    Try loading font information for TS1+cmr on input line 14.
 (/home/nlevisrael/texl/texlive-install/texmf-dist/tex/latex/base/ts1cmr.fd
File: ts1cmr.fd 2014/09/29 v2.5h Standard LaTeX font definitions
)
LaTeX Font Info:    ... okay on input line 14.
LaTeX Font Info:    Checking defaults for PD1/pdf/m/n on input line 14.
LaTeX Font Info:    ... okay on input line 14.

(/home/nlevisrael/texl/texlive-install/texmf-dist/tex/latex/fmtcount/fc-english
.def
File: fc-english.def 2016/01/12
) ABD: EveryShipout initializing macros
(/home/nlevisrael/texl/texlive-install/texmf-dist/tex/context/base/mkii/supp-pd
f.mkii
[Loading MPS to PDF converter (version 2006.09.02).]
\scratchcounter=\count175
\scratchdimen=\dimen195
\scratchbox=\box78
\nofMPsegments=\count176
\nofMParguments=\count177
\everyMPshowfont=\toks48
\MPscratchCnt=\count178
\MPscratchDim=\dimen196
\MPnumerator=\count179
\makeMPintoPDFobject=\count180
\everyMPtoPDFconversion=\toks49
)
(/home/nlevisrael/texl/texlive-install/texmf-dist/tex/latex/oberdiek/epstopdf-b
ase.sty
Package: epstopdf-base 2016/05/15 v2.6 Base part for package epstopdf

(/home/nlevisrael/texl/texlive-install/texmf-dist/tex/latex/oberdiek/grfext.sty
Package: grfext 2016/05/16 v1.2 Manage graphics extensions (HO)
)
Package epstopdf-base Info: Redefining graphics rule for `.eps' on input line 4
38.
Package grfext Info: Graphics extension search list:
(grfext)             [.pdf,.png,.jpg,.mps,.jpeg,.jbig2,.jb2,.PDF,.PNG,.JPG,.JPE
G,.JBIG2,.JB2,.eps]
(grfext)             \AppendGraphicsExtensions on input line 456.

(/home/nlevisrael/texl/texlive-install/texmf-dist/tex/latex/latexconfig/epstopd
f-sys.cfg
File: epstopdf-sys.cfg 2010/07/13 v1.3 Configuration of (r)epstopdf for TeX Liv
e
))
\AtBeginShipoutBox=\box79

*geometry* driver: auto-detecting
*geometry* detected driver: pdftex
*geometry* verbose mode - [ preamble ] result:
* driver: pdftex
* paper: letterpaper
* layout: <same size as paper>
* layoutoffset:(h,v)=(0.0pt,0.0pt)
* modes: 
* h-part:(L,W,R)=(32.52127pt, 549.25246pt, 32.52127pt)
* v-part:(T,H,B)=(72.26999pt, 650.43001pt, 72.26999pt)
* \paperwidth=614.295pt
* \paperheight=794.96999pt
* \textwidth=549.25246pt
* \textheight=650.43001pt
* \oddsidemargin=-39.74872pt
* \evensidemargin=-39.74872pt
* \topmargin=-37.0pt
* \headheight=12.0pt
* \headsep=25.0pt
* \topskip=11.0pt
* \footskip=30.0pt
* \marginparwidth=4.0pt
* \marginparsep=10.0pt
* \columnsep=19.91692pt
* \skip\footins=10.0pt plus 4.0pt minus 2.0pt
* \hoffset=0.0pt
* \voffset=0.0pt
* \mag=1000
* \@twocolumntrue
* \@twosidefalse
* \@mparswitchfalse
* \@reversemarginfalse
* (1in=72.27pt=25.4mm, 1cm=28.453pt)

LaTeX Info: Redefining \microtypecontext on input line 14.
Package microtype Info: Generating PDF output.
Package microtype Info: Character protrusion enabled (level 2).
Package microtype Info: Using default protrusion set `alltext'.
Package microtype Info: Automatic font expansion enabled (level 2),
(microtype)             stretch: 20, shrink: 20, step: 1, non-selected.
Package microtype Info: Using default expansion set `basictext'.
Package microtype Info: No adjustment of tracking.
Package microtype Info: No adjustment of interword spacing.
Package microtype Info: No adjustment of character kerning.

(/home/nlevisrael/texl/texlive-install/texmf-dist/tex/latex/microtype/mt-cmr.cf
g
File: mt-cmr.cfg 2013/05/19 v2.2 microtype config. file: Computer Modern Roman 
(RS)
)
Package caption Info: Begin \AtBeginDocument code.
Package caption Info: hyperref package is loaded.
Package caption Info: End \AtBeginDocument code.
Package hyperref Info: Link coloring ON on input line 14.

(/home/nlevisrael/texl/texlive-install/texmf-dist/tex/latex/hyperref/nameref.st
y
Package: nameref 2016/05/21 v2.44 Cross-referencing by name of section

(/home/nlevisrael/texl/texlive-install/texmf-dist/tex/generic/oberdiek/gettitle
string.sty
Package: gettitlestring 2016/05/16 v1.5 Cleanup title references (HO)
)
\c@section@level=\count181
)
LaTeX Info: Redefining \ref on input line 14.
LaTeX Info: Redefining \pageref on input line 14.
LaTeX Info: Redefining \nameref on input line 14.
 (./ctg.ngml.out) (./ctg.ngml.out)
\@outlinefile=\write7
\openout7 = `ctg.ngml.out'.

\qboxi=\box80
\qboxii=\box81
LaTeX Font Info:    Try loading font information for U+wasy on input line 28.

(/home/nlevisrael/texl/texlive-install/texmf-dist/tex/latex/wasysym/uwasy.fd
File: uwasy.fd 2003/10/30 v2.0 Wasy-2 symbol font definitions
)
LaTeX Font Info:    Try loading font information for U+msa on input line 28.

(/home/nlevisrael/texl/texlive-install/texmf-dist/tex/latex/amsfonts/umsa.fd
File: umsa.fd 2013/01/14 v3.01 AMS symbols A
)
(/home/nlevisrael/texl/texlive-install/texmf-dist/tex/latex/microtype/mt-msa.cf
g
File: mt-msa.cfg 2006/02/04 v1.1 microtype config. file: AMS symbols (a) (RS)
)
LaTeX Font Info:    Try loading font information for U+msb on input line 28.
 (/home/nlevisrael/texl/texlive-install/texmf-dist/tex/latex/amsfonts/umsb.fd
File: umsb.fd 2013/01/14 v3.01 AMS symbols B
)
(/home/nlevisrael/texl/texlive-install/texmf-dist/tex/latex/microtype/mt-msb.cf
g
File: mt-msb.cfg 2005/06/01 v1.0 microtype config. file: AMS symbols (b) (RS)
)
Overfull \hbox (8.50012pt too wide) in paragraph at lines 20--28
 []$
 []


LaTeX Warning: Citation `DavidWoodruffSmith' on page 1 undefined on input line 
36.


Overfull \hbox (8.50012pt too wide) in paragraph at lines 31--37
 []$
 []


(/home/nlevisrael/texl/texlive-install/texmf-dist/tex/generic/pgfornament/vecto
rian/vectorian84.pgf) (./intro.ngml.tex [1{/home/nlevisrael/texl/texlive-instal
l/texmf-var/fonts/map/pdftex/updmap/pdftex.map}



\providecommand\tcolorbox@label[2]{}


]
\mxbox=\box82
 [2] [3]

LaTeX Warning: Citation `BlackwellPragmatics' on page 4 undefined on input line
 299.

) (./section1.ngml.tex
Underfull \hbox (badness 5475) in paragraph at lines 1--1
|[]\OT1/cmr/bx/n/14.4 Cognitive Trans-form Gram-mar
 []

[4]
Underfull \hbox (badness 3780) in paragraph at lines 66--66
[]\OT1/cmr/m/n/10.95 (+20) I con-tend, there-fore, that many conceptually-
 []

[5] [6] [7] [8] [9] [10]
Package microtype Info: Loading generic protrusion settings for font family
(microtype)             `cmtt' (encoding: OT1).
(microtype)             For optimal results, create family-specific settings.
(microtype)             See the microtype manual for details.
 [11]
Underfull \hbox (badness 2269) in paragraph at lines 664--664
\OT1/cmr/m/n/10 (+20) door to some scrap that had flicked from a plate.
 []

[12]) (./section2.ngml.tex

LaTeX Warning: Command \textfractionsolidus invalid in math mode on input line 
80.


LaTeX Warning: Command \textfractionsolidus invalid in math mode on input line 
80.


LaTeX Warning: Citation `AurelieRossi' on page 13 undefined on input line 116.

[13]
Underfull \hbox (badness 10000) in paragraph at lines 167--177
\OT1/cmr/m/n/10.95 (+20) the gloss \OT1/cmtt/m/n/10 (and (is ((The ('s city)) a
mbience)
 []


Underfull \hbox (badness 10000) in paragraph at lines 167--177
\OT1/cmtt/m/n/10 colonial) (is (the climate) tropical)) \OT1/cmr/m/n/10 (+20) s
um-ma-rizes
 []

[14]
Underfull \hbox (badness 1038) in paragraph at lines 239--256
\OT1/cmr/m/n/10 (+20) with gloss, as I take it, \OT1/cmtt/m/n/10 ((actually is)
 ((The (most
 []


Underfull \hbox (badness 10000) in paragraph at lines 239--256
\OT1/cmtt/m/n/10 popular)) lodging) ((on (the beaches)) camping))\OT1/cmr/m/n/1
0 (+20) .
 []

(./figactuallydbl.tex)

LaTeX Warning: Reference `itm:actually' on page 15 undefined on input line 291.



Package caption Warning: \label without proper reference on input line 3.
See the caption package documentation for explanation.


LaTeX Warning: Reference `fig:actuallydbl' on page 15 undefined on input line 2
91.

[15]

LaTeX Font Warning: Command \tiny invalid in math mode on input line 335.


LaTeX Font Warning: Command \tiny invalid in math mode on input line 335.


LaTeX Warning: Command \textgreater invalid in math mode on input line 335.

LaTeX Font Info:    Try loading font information for OML+cmr on input line 335.

(/home/nlevisrael/texl/texlive-install/texmf-dist/tex/latex/base/omlcmr.fd
File: omlcmr.fd 2014/09/29 v2.5h Standard LaTeX font definitions
)
LaTeX Font Info:    Font shape `OML/cmr/m/n' in size <10> not available
(Font)              Font shape `OML/cmm/m/it' tried instead on input line 335.


LaTeX Warning: Command \textgreater invalid in math mode on input line 335.


LaTeX Warning: Command \textgreater invalid in math mode on input line 335.


LaTeX Warning: Command \textgreater invalid in math mode on input line 335.

[16] (./figure.tex) [17] [18] [19]

LaTeX Warning: Command \textgreater invalid in math mode on input line 675.


LaTeX Warning: Command \textgreater invalid in math mode on input line 675.

) (./section3.ngml.tex [20]

Package hyperref Warning: The anchor of a bookmark and its parent's must not
(hyperref)                be the same. Added a new anchor on input line 32.

[21] [22] [23] [24] [25] [26] [27] [28] [29] [30] [31]

Package caption Warning: \label without proper reference on input line 3.
See the caption package documentation for explanation.


LaTeX Warning: Reference `fig:actuallydbl' on page 32 undefined on input line 1
508.


LaTeX Warning: Reference `itm:amibence' on page 32 undefined on input line 1533
.


LaTeX Warning: Reference `itm:actually' on page 32 undefined on input line 1545
.


LaTeX Warning: Reference `itm:amibence' on page 32 undefined on input line 1545
.

[32]) (./section4.ngml.tex
Underfull \hbox (badness 2088) in paragraph at lines 1--1
|[]\OT1/cmr/bx/n/14.4 Pragmatics and Log-i-cal In-com-
 []

[33] [34] [35] [36] [37]

LaTeX Warning: Reference `itm:coffeetable' on page 38 undefined on input line 5
82.


LaTeX Warning: Reference `itm:coffeepot' on page 38 undefined on input line 582
.

[38] [39] [40] (./figure2.tex) [41] [42]
LaTeX Font Info:    Try loading font information for U+euf on input line 1044.

(/home/nlevisrael/texl/texlive-install/texmf-dist/tex/latex/amsfonts/ueuf.fd
File: ueuf.fd 2013/01/14 v3.01 Euler Fraktur
)
(/home/nlevisrael/texl/texlive-install/texmf-dist/tex/latex/microtype/mt-euf.cf
g
File: mt-euf.cfg 2006/07/03 v1.1 microtype config. file: AMS Euler Fraktur (RS)

) [43] [44] [45]) (./conclusion.ngml.tex [46]) (./biblio.tex
LaTeX Font Info:    Try loading font information for OT1+lmtt on input line 4.

(/home/nlevisrael/texl/texlive-install/texmf-dist/tex/latex/lm/ot1lmtt.fd
File: ot1lmtt.fd 2009/10/30 v1.6 Font defs for Latin Modern
)
Package microtype Info: Loading generic protrusion settings for font family
(microtype)             `lmtt' (encoding: OT1).
(microtype)             For optimal results, create family-specific settings.
(microtype)             See the microtype manual for details.
LaTeX Font Info:    Try loading font information for OT1+gar on input line 8.
LaTeX Font Info:    No file OT1gar.fd. on input line 8.


LaTeX Font Warning: Font shape `OT1/gar/m/n' undefined
(Font)              using `OT1/cmr/m/n' instead on input line 8.

Package microtype Info: Loading generic protrusion settings for font family
(microtype)             `gar' (encoding: OT1).
(microtype)             For optimal results, create family-specific settings.
(microtype)             See the microtype manual for details.
LaTeX Font Info:    Try loading font information for TS1+lmtt on input line 45.

(/home/nlevisrael/texl/texlive-install/texmf-dist/tex/latex/lm/ts1lmtt.fd
File: ts1lmtt.fd 2009/10/30 v1.6 Font defs for Latin Modern
)
Package microtype Info: Loading generic protrusion settings for font family
(microtype)             `lmtt' (encoding: TS1).
(microtype)             For optimal results, create family-specific settings.
(microtype)             See the microtype manual for details.
Package microtype Info: Character `texttrademark ' is missing
(microtype)             in font `TS1/lmtt/m/n/8'.
(microtype)             Ignoring protrusion settings for this character.

[47]
Package microtype Info: Character `texttrademark ' is missing
(microtype)             in font `TS1/lmtt/m/n/10.95'.
(microtype)             Ignoring protrusion settings for this character.
 [48])
Package atveryend Info: Empty hook `BeforeClearDocument' on input line 55.
 [49

]
Package atveryend Info: Empty hook `AfterLastShipout' on input line 55.
 (./ctg.ngml.aux)
Package atveryend Info: Executing hook `AtVeryEndDocument' on input line 55.
Package atveryend Info: Executing hook `AtEndAfterFileList' on input line 55.
Package rerunfilecheck Info: File `ctg.ngml.out' has not changed.
(rerunfilecheck)             Checksum: 2928CC4B7932F805AE9910ED169E03D6;1330.


LaTeX Font Warning: Some font shapes were not available, defaults substituted.


LaTeX Warning: There were undefined references.


LaTeX Warning: There were multiply-defined labels.

 ) 
Here is how much of TeX's memory you used:
 30146 strings out of 492649
 623680 string characters out of 6122986
 831262 words of memory out of 5000000
 32799 multiletter control sequences out of 15000+600000
 42899 words of font info for 281 fonts, out of 8000000 for 9000
 1142 hyphenation exceptions out of 8191
 66i,21n,104p,1009b,1136s stack positions out of 5000i,500n,10000p,200000b,80000s
{/home/nlevisrael/texl/texlive-install/texmf-dist/fonts/enc/dvips/lm/lm-ts1.e
nc}{/home/nlevisrael/texl/texlive-install/texmf-dist/fonts/enc/dvips/lm/lm-rmtt
.enc}{/home/nlevisrael/texl/texlive-install/texmf-dist/fonts/enc/dvips/cm-super
/cm-super-ts1.enc}</home/nlevisrael/texl/texlive-install/texmf-dist/fonts/type1
/public/amsfonts/cm/cmbx10.pfb></home/nlevisrael/texl/texlive-install/texmf-dis
t/fonts/type1/public/amsfonts/cm/cmbx12.pfb></home/nlevisrael/texl/texlive-inst
all/texmf-dist/fonts/type1/public/amsfonts/cm/cmbx8.pfb></home/nlevisrael/texl/
texlive-install/texmf-dist/fonts/type1/public/amsfonts/cm/cmbxti10.pfb></home/n
levisrael/texl/texlive-install/texmf-dist/fonts/type1/public/amsfonts/cm/cmcsc1
0.pfb></home/nlevisrael/texl/texlive-install/texmf-dist/fonts/type1/public/amsf
onts/cm/cmitt10.pfb></home/nlevisrael/texl/texlive-install/texmf-dist/fonts/typ
e1/public/amsfonts/cm/cmmi10.pfb></home/nlevisrael/texl/texlive-install/texmf-d
ist/fonts/type1/public/amsfonts/cm/cmmi8.pfb></home/nlevisrael/texl/texlive-ins
tall/texmf-dist/fonts/type1/public/amsfonts/cm/cmr10.pfb></home/nlevisrael/texl
/texlive-install/texmf-dist/fonts/type1/public/amsfonts/cm/cmr12.pfb></home/nle
visrael/texl/texlive-install/texmf-dist/fonts/type1/public/amsfonts/cm/cmr17.pf
b></home/nlevisrael/texl/texlive-install/texmf-dist/fonts/type1/public/amsfonts
/cm/cmr6.pfb></home/nlevisrael/texl/texlive-install/texmf-dist/fonts/type1/publ
ic/amsfonts/cm/cmr7.pfb></home/nlevisrael/texl/texlive-install/texmf-dist/fonts
/type1/public/amsfonts/cm/cmr8.pfb></home/nlevisrael/texl/texlive-install/texmf
-dist/fonts/type1/public/amsfonts/cm/cmsy10.pfb></home/nlevisrael/texl/texlive-
install/texmf-dist/fonts/type1/public/amsfonts/cm/cmsy8.pfb></home/nlevisrael/t
exl/texlive-install/texmf-dist/fonts/type1/public/amsfonts/cm/cmti10.pfb></home
/nlevisrael/texl/texlive-install/texmf-dist/fonts/type1/public/amsfonts/cm/cmti
12.pfb></home/nlevisrael/texl/texlive-install/texmf-dist/fonts/type1/public/ams
fonts/cm/cmti8.pfb></home/nlevisrael/texl/texlive-install/texmf-dist/fonts/type
1/public/amsfonts/cm/cmtt10.pfb></home/nlevisrael/texl/texlive-install/texmf-di
st/fonts/type1/public/amsfonts/cm/cmtt8.pfb></home/nlevisrael/texl/texlive-inst
all/texmf-dist/fonts/type1/public/amsfonts/euler/eufm10.pfb></home/nlevisrael/t
exl/texlive-install/texmf-dist/fonts/type1/public/lm/lmtt10.pfb></home/nlevisra
el/texl/texlive-install/texmf-dist/fonts/type1/public/lm/lmtt8.pfb></home/nlevi
srael/texl/texlive-install/texmf-dist/fonts/type1/public/lm/lmtti10.pfb></home/
nlevisrael/texl/texlive-install/texmf-dist/fonts/type1/public/amsfonts/symbols/
msam10.pfb></home/nlevisrael/texl/texlive-install/texmf-dist/fonts/type1/public
/amsfonts/symbols/msam7.pfb></home/nlevisrael/texl/texlive-install/texmf-dist/f
onts/type1/public/cm-super/sfrm1000.pfb></home/nlevisrael/texl/texlive-install/
texmf-dist/fonts/type1/public/cm-super/sfrm1095.pfb>
Output written on ctg.ngml.pdf (49 pages, 695486 bytes).
PDF statistics:
 927 PDF objects out of 1000 (max. 8388607)
 836 compressed objects within 9 object streams
 267 named destinations out of 1000 (max. 500000)
 45729 words of extra memory for PDF output out of 51595 (max. 10000000)

