This is pdfTeX, Version 3.14159265-2.6-1.40.19 (TeX Live 2018) (preloaded format=pdflatex 2019.5.4)  11 FEB 2020 17:36
entering extended mode
 \write18 enabled.
 %&-line parsing enabled.
**slide4b.tex
(./slide4b.tex
LaTeX2e <2018-04-01> patch level 2
Babel <3.18> and hyphenation patterns for 84 language(s) loaded.

! LaTeX Error: Missing \begin{document}.

See the LaTeX manual or LaTeX Companion for explanation.
Type  H <return>  for immediate help.
 ...                                              
                                                  
l.3 ...t{Overview of Software Development Market}}
                                                  
You're in trouble here.  Try typing  <return>  to proceed.
If that doesn't work, type  X <return>  to quit.

! Undefined control sequence.
<argument> \ft 
               {Overview of Software Development Market}
l.3 ...t{Overview of Software Development Market}}
                                                  
The control sequence at the end of the top line
of your error message was never \def'ed. If you have
misspelled it (e.g., `\hobx'), type `I' and the correct
spelling (e.g., `I\hbox'). Otherwise just continue,
and I'll forget about whatever was undefined.

Missing character: There is no O in font nullfont!
Missing character: There is no v in font nullfont!
Missing character: There is no e in font nullfont!
Missing character: There is no r in font nullfont!
Missing character: There is no v in font nullfont!
Missing character: There is no i in font nullfont!
Missing character: There is no e in font nullfont!
Missing character: There is no w in font nullfont!
Missing character: There is no o in font nullfont!
Missing character: There is no f in font nullfont!
Missing character: There is no S in font nullfont!
Missing character: There is no o in font nullfont!
Missing character: There is no f in font nullfont!
Missing character: There is no t in font nullfont!
Missing character: There is no w in font nullfont!
Missing character: There is no a in font nullfont!
Missing character: There is no r in font nullfont!
Missing character: There is no e in font nullfont!
Missing character: There is no D in font nullfont!
Missing character: There is no e in font nullfont!
Missing character: There is no v in font nullfont!
Missing character: There is no e in font nullfont!
Missing character: There is no l in font nullfont!
Missing character: There is no o in font nullfont!
Missing character: There is no p in font nullfont!
Missing character: There is no m in font nullfont!
Missing character: There is no e in font nullfont!
Missing character: There is no n in font nullfont!
Missing character: There is no t in font nullfont!
Missing character: There is no M in font nullfont!
Missing character: There is no a in font nullfont!
Missing character: There is no r in font nullfont!
Missing character: There is no k in font nullfont!
Missing character: There is no e in font nullfont!
Missing character: There is no t in font nullfont!

Overfull \hbox (20.0pt too wide) in paragraph at lines 3--4
[][] 
 []


! LaTeX Error: Environment tikzpicture undefined.

See the LaTeX manual or LaTeX Companion for explanation.
Type  H <return>  for immediate help.
 ...                                              
                                                  
l.9 \begin{tikzpicture}
                       
Your command was ignored.
Type  I <command> <return>  to replace it with another command,
or  <return>  to continue without it.

! Undefined control sequence.
l.12 \pie
          [rotate = 180,
The control sequence at the end of the top line
of your error message was never \def'ed. If you have
misspelled it (e.g., `\hobx'), type `I' and the correct
spelling (e.g., `I\hbox'). Otherwise just continue,
and I'll forget about whatever was undefined.


! LaTeX Error: Missing \begin{document}.

See the LaTeX manual or LaTeX Companion for explanation.
Type  H <return>  for immediate help.
 ...                                              
                                                  
l.12 \pie [
           rotate = 180,
You're in trouble here.  Try typing  <return>  to proceed.
If that doesn't work, type  X <return>  to quit.

Missing character: There is no [ in font nullfont!
Missing character: There is no r in font nullfont!
Missing character: There is no o in font nullfont!
Missing character: There is no t in font nullfont!
Missing character: There is no a in font nullfont!
Missing character: There is no t in font nullfont!
Missing character: There is no e in font nullfont!
Missing character: There is no = in font nullfont!
Missing character: There is no 1 in font nullfont!
Missing character: There is no 8 in font nullfont!
Missing character: There is no 0 in font nullfont!
Missing character: There is no , in font nullfont!
Missing character: There is no / in font nullfont!
Missing character: There is no t in font nullfont!
Missing character: There is no i in font nullfont!
Missing character: There is no k in font nullfont!
Missing character: There is no z in font nullfont!
Missing character: There is no / in font nullfont!
Missing character: There is no n in font nullfont!
Missing character: There is no o in font nullfont!
Missing character: There is no d in font nullfont!
Missing character: There is no e in font nullfont!
Missing character: There is no s in font nullfont!
Missing character: There is no = in font nullfont!
Missing character: There is no t in font nullfont!
Missing character: There is no e in font nullfont!
Missing character: There is no x in font nullfont!
Missing character: There is no t in font nullfont!
Missing character: There is no = in font nullfont!
Missing character: There is no w in font nullfont!
Missing character: There is no h in font nullfont!
Missing character: There is no i in font nullfont!
Missing character: There is no t in font nullfont!
Missing character: There is no e in font nullfont!
Missing character: There is no , in font nullfont!
Missing character: There is no f in font nullfont!
Missing character: There is no o in font nullfont!
Missing character: There is no n in font nullfont!
Missing character: There is no t in font nullfont!
Missing character: There is no = in font nullfont!
Missing character: There is no , in font nullfont!
Missing character: There is no t in font nullfont!
Missing character: There is no e in font nullfont!
Missing character: There is no x in font nullfont!
Missing character: There is no t in font nullfont!
Missing character: There is no = in font nullfont!
Missing character: There is no l in font nullfont!
Missing character: There is no e in font nullfont!
Missing character: There is no g in font nullfont!
Missing character: There is no e in font nullfont!
Missing character: There is no n in font nullfont!
Missing character: There is no d in font nullfont!
Missing character: There is no , in font nullfont!
Missing character: There is no r in font nullfont!
Missing character: There is no a in font nullfont!
Missing character: There is no d in font nullfont!
Missing character: There is no i in font nullfont!
Missing character: There is no u in font nullfont!
Missing character: There is no s in font nullfont!
Missing character: There is no = in font nullfont!
Missing character: There is no 7 in font nullfont!
Missing character: There is no , in font nullfont!
Missing character: There is no c in font nullfont!
Missing character: There is no o in font nullfont!
Missing character: There is no l in font nullfont!
Missing character: There is no o in font nullfont!
Missing character: There is no r in font nullfont!
Missing character: There is no = in font nullfont!
Missing character: There is no r in font nullfont!
Missing character: There is no g in font nullfont!
Missing character: There is no b in font nullfont!
Missing character: There is no : in font nullfont!
Missing character: There is no r in font nullfont!
Missing character: There is no e in font nullfont!
Missing character: There is no d in font nullfont!
Missing character: There is no , in font nullfont!
Missing character: There is no 0 in font nullfont!
Missing character: There is no . in font nullfont!
Missing character: There is no 2 in font nullfont!
Missing character: There is no ; in font nullfont!
Missing character: There is no g in font nullfont!
Missing character: There is no r in font nullfont!
Missing character: There is no e in font nullfont!
Missing character: There is no e in font nullfont!
Missing character: There is no n in font nullfont!
Missing character: There is no , in font nullfont!
Missing character: There is no 0 in font nullfont!
Missing character: There is no ; in font nullfont!
Missing character: There is no b in font nullfont!
Missing character: There is no l in font nullfont!
Missing character: There is no u in font nullfont!
Missing character: There is no e in font nullfont!
Missing character: There is no , in font nullfont!
Missing character: There is no 0 in font nullfont!
Missing character: There is no . in font nullfont!
Missing character: There is no 5 in font nullfont!
Missing character: There is no , in font nullfont!
Missing character: There is no r in font nullfont!
Missing character: There is no g in font nullfont!
Missing character: There is no b in font nullfont!
Missing character: There is no : in font nullfont!
Missing character: There is no r in font nullfont!
Missing character: There is no e in font nullfont!
Missing character: There is no d in font nullfont!
Missing character: There is no , in font nullfont!
Missing character: There is no 0 in font nullfont!
Missing character: There is no ; in font nullfont!
Missing character: There is no g in font nullfont!
Missing character: There is no r in font nullfont!
Missing character: There is no e in font nullfont!
Missing character: There is no e in font nullfont!
Missing character: There is no n in font nullfont!
Missing character: There is no , in font nullfont!
Missing character: There is no 0 in font nullfont!
Missing character: There is no . in font nullfont!
Missing character: There is no 2 in font nullfont!
Missing character: There is no 4 in font nullfont!
Missing character: There is no ; in font nullfont!
Missing character: There is no b in font nullfont!
Missing character: There is no l in font nullfont!
Missing character: There is no u in font nullfont!
Missing character: There is no e in font nullfont!
Missing character: There is no , in font nullfont!
Missing character: There is no 0 in font nullfont!
Missing character: There is no . in font nullfont!
Missing character: There is no 2 in font nullfont!
Missing character: There is no 5 in font nullfont!
Missing character: There is no , in font nullfont!
Missing character: There is no l in font nullfont!
Missing character: There is no q in font nullfont!
Missing character: There is no b in font nullfont!
Missing character: There is no o in font nullfont!
Missing character: There is no u in font nullfont!
Missing character: There is no t in font nullfont!
Missing character: There is no e in font nullfont!
Missing character: There is no r in font nullfont!
Missing character: There is no c in font nullfont!
Missing character: There is no o in font nullfont!
Missing character: There is no l in font nullfont!
Missing character: There is no o in font nullfont!
Missing character: There is no r in font nullfont!
Missing character: There is no ! in font nullfont!
Missing character: There is no 3 in font nullfont!
Missing character: There is no 0 in font nullfont!
Missing character: There is no ! in font nullfont!
Missing character: There is no p in font nullfont!
Missing character: There is no u in font nullfont!
Missing character: There is no r in font nullfont!
Missing character: There is no p in font nullfont!
Missing character: There is no l in font nullfont!
Missing character: There is no e in font nullfont!
Missing character: There is no , in font nullfont!
Missing character: There is no l in font nullfont!
Missing character: There is no q in font nullfont!
Missing character: There is no b in font nullfont!
Missing character: There is no o in font nullfont!
Missing character: There is no u in font nullfont!
Missing character: There is no t in font nullfont!
Missing character: There is no e in font nullfont!
Missing character: There is no r in font nullfont!
Missing character: There is no c in font nullfont!
Missing character: There is no o in font nullfont!
Missing character: There is no l in font nullfont!
Missing character: There is no o in font nullfont!
Missing character: There is no r in font nullfont!
Missing character: There is no ! in font nullfont!
Missing character: There is no 3 in font nullfont!
Missing character: There is no 0 in font nullfont!
Missing character: There is no ! in font nullfont!
Missing character: There is no b in font nullfont!
Missing character: There is no l in font nullfont!
Missing character: There is no u in font nullfont!
Missing character: There is no e in font nullfont!
Missing character: There is no , in font nullfont!
Missing character: There is no r in font nullfont!
Missing character: There is no e in font nullfont!
Missing character: There is no d in font nullfont!
Missing character: There is no ! in font nullfont!
Missing character: There is no 4 in font nullfont!
Missing character: There is no 0 in font nullfont!
Missing character: There is no ! in font nullfont!
Missing character: There is no g in font nullfont!
Missing character: There is no r in font nullfont!
Missing character: There is no e in font nullfont!
Missing character: There is no e in font nullfont!
Missing character: There is no n in font nullfont!
Missing character: There is no , in font nullfont!
Missing character: There is no p in font nullfont!
Missing character: There is no o in font nullfont!
Missing character: There is no l in font nullfont!
Missing character: There is no a in font nullfont!
Missing character: There is no r in font nullfont!
Missing character: There is no , in font nullfont!
Missing character: There is no e in font nullfont!
Missing character: There is no x in font nullfont!
Missing character: There is no p in font nullfont!
Missing character: There is no l in font nullfont!
Missing character: There is no o in font nullfont!
Missing character: There is no d in font nullfont!
Missing character: There is no e in font nullfont!
Missing character: There is no = in font nullfont!
Missing character: There is no 0 in font nullfont!
Missing character: There is no . in font nullfont!
Missing character: There is no 2 in font nullfont!
Missing character: There is no ] in font nullfont!
Missing character: There is no 1 in font nullfont!
Missing character: There is no 4 in font nullfont!
Missing character: There is no / in font nullfont!
Missing character: There is no Q in font nullfont!
Missing character: There is no t in font nullfont!
Missing character: There is no , in font nullfont!
Missing character: There is no 6 in font nullfont!
Missing character: There is no 0 in font nullfont!
Missing character: There is no / in font nullfont!
Missing character: There is no W in font nullfont!
Missing character: There is no i in font nullfont!
Missing character: There is no n in font nullfont!
Missing character: There is no d in font nullfont!
Missing character: There is no o in font nullfont!
Missing character: There is no w in font nullfont!
Missing character: There is no s in font nullfont!
Missing character: There is no M in font nullfont!
Missing character: There is no F in font nullfont!
Missing character: There is no C in font nullfont!
Missing character: There is no , in font nullfont!
Missing character: There is no 1 in font nullfont!
Missing character: There is no 2 in font nullfont!
Missing character: There is no / in font nullfont!
Missing character: There is no A in font nullfont!
Missing character: There is no p in font nullfont!
Missing character: There is no p in font nullfont!
Missing character: There is no l in font nullfont!
Missing character: There is no e in font nullfont!
Missing character: There is no X in font nullfont!
Missing character: There is no C in font nullfont!
Missing character: There is no o in font nullfont!
Missing character: There is no d in font nullfont!
Missing character: There is no e in font nullfont!
Missing character: There is no , in font nullfont!
Missing character: There is no 7 in font nullfont!
Missing character: There is no / in font nullfont!
Missing character: There is no J in font nullfont!
Missing character: There is no a in font nullfont!
Missing character: There is no v in font nullfont!
Missing character: There is no a in font nullfont!
Missing character: There is no , in font nullfont!
Missing character: There is no 7 in font nullfont!
Missing character: There is no / in font nullfont!
Missing character: There is no O in font nullfont!
Missing character: There is no t in font nullfont!
Missing character: There is no h in font nullfont!
Missing character: There is no e in font nullfont!
Missing character: There is no r in font nullfont!
Missing character: There is no ; in font nullfont!

Overfull \hbox (20.0pt too wide) in paragraph at lines 12--24
[]
 []

! Undefined control sequence.
l.25  \node
            [anchor=west,inner sep=15, text width=20cm,
The control sequence at the end of the top line
of your error message was never \def'ed. If you have
misspelled it (e.g., `\hobx'), type `I' and the correct
spelling (e.g., `I\hbox'). Otherwise just continue,
and I'll forget about whatever was undefined.


! LaTeX Error: Missing \begin{document}.

See the LaTeX manual or LaTeX Companion for explanation.
Type  H <return>  for immediate help.
 ...                                              
                                                  
l.25  \node [
             anchor=west,inner sep=15, text width=20cm,
You're in trouble here.  Try typing  <return>  to proceed.
If that doesn't work, type  X <return>  to quit.

Missing character: There is no [ in font nullfont!
Missing character: There is no a in font nullfont!
Missing character: There is no n in font nullfont!
Missing character: There is no c in font nullfont!
Missing character: There is no h in font nullfont!
Missing character: There is no o in font nullfont!
Missing character: There is no r in font nullfont!
Missing character: There is no = in font nullfont!
Missing character: There is no w in font nullfont!
Missing character: There is no e in font nullfont!
Missing character: There is no s in font nullfont!
Missing character: There is no t in font nullfont!
Missing character: There is no , in font nullfont!
Missing character: There is no i in font nullfont!
Missing character: There is no n in font nullfont!
Missing character: There is no n in font nullfont!
Missing character: There is no e in font nullfont!
Missing character: There is no r in font nullfont!
Missing character: There is no s in font nullfont!
Missing character: There is no e in font nullfont!
Missing character: There is no p in font nullfont!
Missing character: There is no = in font nullfont!
Missing character: There is no 1 in font nullfont!
Missing character: There is no 5 in font nullfont!
Missing character: There is no , in font nullfont!
Missing character: There is no t in font nullfont!
Missing character: There is no e in font nullfont!
Missing character: There is no x in font nullfont!
Missing character: There is no t in font nullfont!
Missing character: There is no w in font nullfont!
Missing character: There is no i in font nullfont!
Missing character: There is no d in font nullfont!
Missing character: There is no t in font nullfont!
Missing character: There is no h in font nullfont!
Missing character: There is no = in font nullfont!
Missing character: There is no 2 in font nullfont!
Missing character: There is no 0 in font nullfont!
Missing character: There is no c in font nullfont!
Missing character: There is no m in font nullfont!
Missing character: There is no , in font nullfont!
Missing character: There is no d in font nullfont!
Missing character: There is no r in font nullfont!
Missing character: There is no a in font nullfont!
Missing character: There is no w in font nullfont!
Missing character: There is no = in font nullfont!
Missing character: There is no p in font nullfont!
Missing character: There is no i in font nullfont!
Missing character: There is no n in font nullfont!
Missing character: There is no k in font nullfont!
Missing character: There is no ! in font nullfont!
Missing character: There is no 2 in font nullfont!
Missing character: There is no 0 in font nullfont!
Missing character: There is no ! in font nullfont!
Missing character: There is no b in font nullfont!
Missing character: There is no l in font nullfont!
Missing character: There is no a in font nullfont!
Missing character: There is no c in font nullfont!
Missing character: There is no k in font nullfont!
Missing character: There is no , in font nullfont!
Missing character: There is no t in font nullfont!
Missing character: There is no o in font nullfont!
Missing character: There is no p in font nullfont!
Missing character: There is no c in font nullfont!
Missing character: There is no o in font nullfont!
Missing character: There is no l in font nullfont!
Missing character: There is no o in font nullfont!
Missing character: There is no r in font nullfont!
Missing character: There is no = in font nullfont!
Missing character: There is no w in font nullfont!
Missing character: There is no h in font nullfont!
Missing character: There is no i in font nullfont!
Missing character: There is no t in font nullfont!
Missing character: There is no e in font nullfont!
Missing character: There is no , in font nullfont!
Missing character: There is no t in font nullfont!
Missing character: There is no e in font nullfont!
Missing character: There is no x in font nullfont!
Missing character: There is no t in font nullfont!
Missing character: There is no = in font nullfont!
Missing character: There is no b in font nullfont!
Missing character: There is no l in font nullfont!
Missing character: There is no a in font nullfont!
Missing character: There is no c in font nullfont!
Missing character: There is no k in font nullfont!
Missing character: There is no , in font nullfont!
Missing character: There is no b in font nullfont!
Missing character: There is no o in font nullfont!
Missing character: There is no t in font nullfont!
Missing character: There is no t in font nullfont!
Missing character: There is no o in font nullfont!
Missing character: There is no m in font nullfont!
Missing character: There is no c in font nullfont!
Missing character: There is no o in font nullfont!
Missing character: There is no l in font nullfont!
Missing character: There is no o in font nullfont!
Missing character: There is no r in font nullfont!
Missing character: There is no = in font nullfont!
Missing character: There is no p in font nullfont!
Missing character: There is no i in font nullfont!
Missing character: There is no n in font nullfont!
Missing character: There is no k in font nullfont!
Missing character: There is no ! in font nullfont!
Missing character: There is no 4 in font nullfont!
Missing character: There is no 0 in font nullfont!
Missing character: There is no , in font nullfont!
Missing character: There is no r in font nullfont!
Missing character: There is no o in font nullfont!
Missing character: There is no u in font nullfont!
Missing character: There is no n in font nullfont!
Missing character: There is no d in font nullfont!
Missing character: There is no e in font nullfont!
Missing character: There is no d in font nullfont!
Missing character: There is no c in font nullfont!
Missing character: There is no o in font nullfont!
Missing character: There is no r in font nullfont!
Missing character: There is no n in font nullfont!
Missing character: There is no e in font nullfont!
Missing character: There is no r in font nullfont!
Missing character: There is no s in font nullfont!
Missing character: There is no = in font nullfont!
Missing character: There is no 6 in font nullfont!
Missing character: There is no p in font nullfont!
Missing character: There is no t in font nullfont!
Missing character: There is no ] in font nullfont!
Missing character: There is no ( in font nullfont!
Missing character: There is no l in font nullfont!
Missing character: There is no o in font nullfont!
Missing character: There is no n in font nullfont!
Missing character: There is no g in font nullfont!
Missing character: There is no n in font nullfont!
Missing character: There is no o in font nullfont!
Missing character: There is no t in font nullfont!
Missing character: There is no e in font nullfont!
Missing character: There is no ) in font nullfont!
Missing character: There is no a in font nullfont!
Missing character: There is no t in font nullfont!
Missing character: There is no ( in font nullfont!
Missing character: There is no - in font nullfont!
Missing character: There is no 2 in font nullfont!
Missing character: There is no , in font nullfont!
Missing character: There is no 5 in font nullfont!
Missing character: There is no ) in font nullfont!
! Undefined control sequence.
l.33  	{\LARGE
               \textbf{This slide offers a rough
The control sequence at the end of the top line
of your error message was never \def'ed. If you have
misspelled it (e.g., `\hobx'), type `I' and the correct
spelling (e.g., `I\hbox'). Otherwise just continue,
and I'll forget about whatever was undefined.


Overfull \hbox (20.0pt too wide) in paragraph at lines 25--38
[]
 []


Overfull \hbox (22.11931pt too wide) in paragraph at lines 25--38
\OT1/cmr/bx/n/10 This
 []


Overfull \hbox (22.5846pt too wide) in paragraph at lines 25--38
\OT1/cmr/bx/n/10 slide
 []


Overfull \hbox (13.09715pt too wide) in paragraph at lines 25--38
\OT1/cmr/bx/n/10 of-
 []


Overfull \hbox (18.05685pt too wide) in paragraph at lines 25--38
\OT1/cmr/bx/n/10 fers
 []


Overfull \hbox (5.59023pt too wide) in paragraph at lines 25--38
\OT1/cmr/bx/n/10 a
 []


Overfull \hbox (29.01375pt too wide) in paragraph at lines 25--38
\OT1/cmr/bx/n/10 rough
 []


Overfull \hbox (31.88872pt too wide) in paragraph at lines 25--38
\OT1/cmr/bx/n/10 break-
 []


Overfull \hbox (26.51375pt too wide) in paragraph at lines 25--38
\OT1/cmr/bx/n/10 down
 []


Overfull \hbox (9.26384pt too wide) in paragraph at lines 25--38
\OT1/cmr/bx/n/10 of
 []


Overfull \hbox (16.13187pt too wide) in paragraph at lines 25--38
\OT1/cmr/bx/n/10 the
 []


Overfull \hbox (22.10542pt too wide) in paragraph at lines 25--38
\OT1/cmr/bx/n/10 soft-
 []


Overfull \hbox (23.5832pt too wide) in paragraph at lines 25--38
\OT1/cmr/bx/n/10 ware
 []


Overfull \hbox (15.49298pt too wide) in paragraph at lines 25--38
\OT1/cmr/bx/n/10 de-
 []


Overfull \hbox (18.04852pt too wide) in paragraph at lines 25--38
\OT1/cmr/bx/n/10 vel-
 []


Overfull \hbox (15.97214pt too wide) in paragraph at lines 25--38
\OT1/cmr/bx/n/10 op-
 []


Overfull \hbox (25.3957pt too wide) in paragraph at lines 25--38
\OT1/cmr/bx/n/10 ment
 []


Overfull \hbox (23.74292pt too wide) in paragraph at lines 25--38
\OT1/cmr/bx/n/10 mar-
 []


Overfull \hbox (18.68741pt too wide) in paragraph at lines 25--38
\OT1/cmr/bx/n/10 ket,
 []


Overfull \hbox (18.1124pt too wide) in paragraph at lines 25--38
\OT1/cmr/bx/n/10 (es-
 []


Overfull \hbox (11.49994pt too wide) in paragraph at lines 25--38
\OT1/cmr/bx/n/10 ti-
 []


Overfull \hbox (31.30537pt too wide) in paragraph at lines 25--38
\OT1/cmr/bx/n/10 mated
 []


Overfull \hbox (10.06242pt too wide) in paragraph at lines 25--38
\OT1/cmr/bx/n/10 at
 []


Overfull \hbox (22.99988pt too wide) in paragraph at lines 25--38
\OT1/cmr/bx/n/10 $350
 []


Overfull \hbox (18.40268pt too wide) in paragraph at lines 25--38
\OT1/cmr/bx/n/10 Bil-
 []


Overfull \hbox (26.1943pt too wide) in paragraph at lines 25--38
\OT1/cmr/bx/n/10 lion),
 []


Overfull \hbox (13.84023pt too wide) in paragraph at lines 25--38
\OT1/cmr/bx/n/10 re-
 []


Overfull \hbox (38.18175pt too wide) in paragraph at lines 25--38
\OT1/cmr/bx/n/10 stricted
 []


Overfull \hbox (10.22217pt too wide) in paragraph at lines 25--38
\OT1/cmr/bx/n/10 to
 []


Overfull \hbox (26.09846pt too wide) in paragraph at lines 25--38
\OT1/cmr/bx/n/10 desk-
 []


Overfull \hbox (16.61102pt too wide) in paragraph at lines 25--38
\OT1/cmr/bx/n/10 top
 []


Overfull \hbox (22.10542pt too wide) in paragraph at lines 25--38
\OT1/cmr/bx/n/10 soft-
 []


Overfull \hbox (23.5832pt too wide) in paragraph at lines 25--38
\OT1/cmr/bx/n/10 ware
 []


Overfull \hbox (42.74979pt too wide) in paragraph at lines 25--38
\OT1/cmr/bx/n/10 (roughly
 []


Overfull \hbox (21.24295pt too wide) in paragraph at lines 25--38
\OT1/cmr/bx/n/10 one-
 []


Overfull \hbox (18.68738pt too wide) in paragraph at lines 25--38
\OT1/cmr/bx/n/10 half
 []


Overfull \hbox (16.13187pt too wide) in paragraph at lines 25--38
\OT1/cmr/bx/n/10 the
 []


Overfull \hbox (14.05548pt too wide) in paragraph at lines 25--38
\OT1/cmr/bx/n/10 to-
 []


Overfull \hbox (13.25685pt too wide) in paragraph at lines 25--38
\OT1/cmr/bx/n/10 tal
 []


Overfull \hbox (23.74292pt too wide) in paragraph at lines 25--38
\OT1/cmr/bx/n/10 mar-
 []


Overfull \hbox (23.1596pt too wide) in paragraph at lines 25--38
\OT1/cmr/bx/n/10 ket),
 []


Overfull \hbox (13.4166pt too wide) in paragraph at lines 25--38
\OT1/cmr/bx/n/10 in-
 []


Overfull \hbox (24.91653pt too wide) in paragraph at lines 25--38
\OT1/cmr/bx/n/10 clud-
 []


Overfull \hbox (15.33325pt too wide) in paragraph at lines 25--38
\OT1/cmr/bx/n/10 ing
 []


Overfull \hbox (23.31932pt too wide) in paragraph at lines 25--38
\OT1/cmr/bx/n/10 both
 []


Overfull \hbox (28.50261pt too wide) in paragraph at lines 25--38
\OT1/cmr/bx/n/10 cross-
 []


Overfull \hbox (43.22893pt too wide) in paragraph at lines 25--38
\OT1/cmr/bx/n/10 platform
 []


Overfull \hbox (18.36794pt too wide) in paragraph at lines 25--38
\OT1/cmr/bx/n/10 and
 []


Overfull \hbox (32.16788pt too wide) in paragraph at lines 25--38
\OT1/cmr/bx/n/10 single-
 []


Overfull \hbox (43.22893pt too wide) in paragraph at lines 25--38
\OT1/cmr/bx/n/10 platform
 []


Overfull \hbox (14.11935pt too wide) in paragraph at lines 25--38
\OT1/cmr/bx/n/10 so-
 []


Overfull \hbox (13.4166pt too wide) in paragraph at lines 25--38
\OT1/cmr/bx/n/10 lu-
 []


Overfull \hbox (27.53595pt too wide) in paragraph at lines 25--38
\OT1/cmr/bx/n/10 tions. 
 []


! LaTeX Error: The font size command \normalsize is not defined:
               there is probably something wrong with the class file.

See the LaTeX manual or LaTeX Companion for explanation.
Type  H <return>  for immediate help.
 ...                                              
                                                  
l.38  and single-platform solutions.}}\par
                                          };
Your command was ignored.
Type  I <command> <return>  to replace it with another command,
or  <return>  to continue without it.

[1{/home/nlevisrael/texl/texlive-install/texmf-var/fonts/map/pdftex/updmap/pdft
ex.map}]

! LaTeX Error: Missing \begin{document}.

See the LaTeX manual or LaTeX Companion for explanation.
Type  H <return>  for immediate help.
 ...                                              
                                                  
l.38  and single-platform solutions.}}\par};
                                            
You're in trouble here.  Try typing  <return>  to proceed.
If that doesn't work, type  X <return>  to quit.

Missing character: There is no ; in font nullfont!

Overfull \hbox (20.0pt too wide) in paragraph at lines 38--40
[] 
 []

! Undefined control sequence.
l.41  \node
            [anchor=west,inner sep=15, text width=8.5cm,
The control sequence at the end of the top line
of your error message was never \def'ed. If you have
misspelled it (e.g., `\hobx'), type `I' and the correct
spelling (e.g., `I\hbox'). Otherwise just continue,
and I'll forget about whatever was undefined.


! LaTeX Error: Missing \begin{document}.

See the LaTeX manual or LaTeX Companion for explanation.
Type  H <return>  for immediate help.
 ...                                              
                                                  
l.41  \node [
             anchor=west,inner sep=15, text width=8.5cm,
You're in trouble here.  Try typing  <return>  to proceed.
If that doesn't work, type  X <return>  to quit.

Missing character: There is no [ in font nullfont!
Missing character: There is no a in font nullfont!
Missing character: There is no n in font nullfont!
Missing character: There is no c in font nullfont!
Missing character: There is no h in font nullfont!
Missing character: There is no o in font nullfont!
Missing character: There is no r in font nullfont!
Missing character: There is no = in font nullfont!
Missing character: There is no w in font nullfont!
Missing character: There is no e in font nullfont!
Missing character: There is no s in font nullfont!
Missing character: There is no t in font nullfont!
Missing character: There is no , in font nullfont!
Missing character: There is no i in font nullfont!
Missing character: There is no n in font nullfont!
Missing character: There is no n in font nullfont!
Missing character: There is no e in font nullfont!
Missing character: There is no r in font nullfont!
Missing character: There is no s in font nullfont!
Missing character: There is no e in font nullfont!
Missing character: There is no p in font nullfont!
Missing character: There is no = in font nullfont!
Missing character: There is no 1 in font nullfont!
Missing character: There is no 5 in font nullfont!
Missing character: There is no , in font nullfont!
Missing character: There is no t in font nullfont!
Missing character: There is no e in font nullfont!
Missing character: There is no x in font nullfont!
Missing character: There is no t in font nullfont!
Missing character: There is no w in font nullfont!
Missing character: There is no i in font nullfont!
Missing character: There is no d in font nullfont!
Missing character: There is no t in font nullfont!
Missing character: There is no h in font nullfont!
Missing character: There is no = in font nullfont!
Missing character: There is no 8 in font nullfont!
Missing character: There is no . in font nullfont!
Missing character: There is no 5 in font nullfont!
Missing character: There is no c in font nullfont!
Missing character: There is no m in font nullfont!
Missing character: There is no , in font nullfont!
Missing character: There is no d in font nullfont!
Missing character: There is no r in font nullfont!
Missing character: There is no a in font nullfont!
Missing character: There is no w in font nullfont!
Missing character: There is no = in font nullfont!
Missing character: There is no g in font nullfont!
Missing character: There is no r in font nullfont!
Missing character: There is no e in font nullfont!
Missing character: There is no e in font nullfont!
Missing character: There is no n in font nullfont!
Missing character: There is no ! in font nullfont!
Missing character: There is no 4 in font nullfont!
Missing character: There is no 0 in font nullfont!
Missing character: There is no ! in font nullfont!
Missing character: There is no b in font nullfont!
Missing character: There is no l in font nullfont!
Missing character: There is no a in font nullfont!
Missing character: There is no c in font nullfont!
Missing character: There is no k in font nullfont!
Missing character: There is no , in font nullfont!
Missing character: There is no s in font nullfont!
Missing character: There is no h in font nullfont!
Missing character: There is no a in font nullfont!
Missing character: There is no d in font nullfont!
Missing character: There is no i in font nullfont!
Missing character: There is no n in font nullfont!
Missing character: There is no g in font nullfont!
Missing character: There is no = in font nullfont!
Missing character: There is no a in font nullfont!
Missing character: There is no x in font nullfont!
Missing character: There is no i in font nullfont!
Missing character: There is no s in font nullfont!
Missing character: There is no , in font nullfont!
Missing character: There is no s in font nullfont!
Missing character: There is no h in font nullfont!
Missing character: There is no a in font nullfont!
Missing character: There is no d in font nullfont!
Missing character: There is no i in font nullfont!
Missing character: There is no n in font nullfont!
Missing character: There is no g in font nullfont!
Missing character: There is no a in font nullfont!
Missing character: There is no n in font nullfont!
Missing character: There is no g in font nullfont!
Missing character: There is no l in font nullfont!
Missing character: There is no e in font nullfont!
Missing character: There is no = in font nullfont!
Missing character: There is no 1 in font nullfont!
Missing character: There is no 0 in font nullfont!
Missing character: There is no 8 in font nullfont!
Missing character: There is no , in font nullfont!
Missing character: There is no r in font nullfont!
Missing character: There is no i in font nullfont!
Missing character: There is no g in font nullfont!
Missing character: There is no h in font nullfont!
Missing character: There is no t in font nullfont!
Missing character: There is no c in font nullfont!
Missing character: There is no o in font nullfont!
Missing character: There is no l in font nullfont!
Missing character: There is no o in font nullfont!
Missing character: There is no r in font nullfont!
Missing character: There is no = in font nullfont!
Missing character: There is no y in font nullfont!
Missing character: There is no e in font nullfont!
Missing character: There is no l in font nullfont!
Missing character: There is no l in font nullfont!
Missing character: There is no o in font nullfont!
Missing character: There is no w in font nullfont!
Missing character: There is no ! in font nullfont!
Missing character: There is no 2 in font nullfont!
Missing character: There is no 0 in font nullfont!
Missing character: There is no , in font nullfont!
Missing character: There is no t in font nullfont!
Missing character: There is no e in font nullfont!
Missing character: There is no x in font nullfont!
Missing character: There is no t in font nullfont!
Missing character: There is no = in font nullfont!
Missing character: There is no b in font nullfont!
Missing character: There is no l in font nullfont!
Missing character: There is no a in font nullfont!
Missing character: There is no c in font nullfont!
Missing character: There is no k in font nullfont!
Missing character: There is no , in font nullfont!
Missing character: There is no l in font nullfont!
Missing character: There is no e in font nullfont!
Missing character: There is no f in font nullfont!
Missing character: There is no t in font nullfont!
Missing character: There is no c in font nullfont!
Missing character: There is no o in font nullfont!
Missing character: There is no l in font nullfont!
Missing character: There is no o in font nullfont!
Missing character: There is no r in font nullfont!
Missing character: There is no = in font nullfont!
Missing character: There is no g in font nullfont!
Missing character: There is no r in font nullfont!
Missing character: There is no e in font nullfont!
Missing character: There is no e in font nullfont!
Missing character: There is no n in font nullfont!
Missing character: There is no ! in font nullfont!
Missing character: There is no 1 in font nullfont!
Missing character: There is no 0 in font nullfont!
Missing character: There is no , in font nullfont!
Missing character: There is no r in font nullfont!
Missing character: There is no o in font nullfont!
Missing character: There is no u in font nullfont!
Missing character: There is no n in font nullfont!
Missing character: There is no d in font nullfont!
Missing character: There is no e in font nullfont!
Missing character: There is no d in font nullfont!
Missing character: There is no c in font nullfont!
Missing character: There is no o in font nullfont!
Missing character: There is no r in font nullfont!
Missing character: There is no n in font nullfont!
Missing character: There is no e in font nullfont!
Missing character: There is no r in font nullfont!
Missing character: There is no s in font nullfont!
Missing character: There is no = in font nullfont!
Missing character: There is no 6 in font nullfont!
Missing character: There is no p in font nullfont!
Missing character: There is no t in font nullfont!
Missing character: There is no ] in font nullfont!
Missing character: There is no ( in font nullfont!
Missing character: There is no l in font nullfont!
Missing character: There is no o in font nullfont!
Missing character: There is no n in font nullfont!
Missing character: There is no g in font nullfont!
Missing character: There is no n in font nullfont!
Missing character: There is no o in font nullfont!
Missing character: There is no t in font nullfont!
Missing character: There is no e in font nullfont!
Missing character: There is no ) in font nullfont!
Missing character: There is no a in font nullfont!
Missing character: There is no t in font nullfont!
Missing character: There is no ( in font nullfont!
Missing character: There is no 1 in font nullfont!
Missing character: There is no 0 in font nullfont!
Missing character: There is no , in font nullfont!
Missing character: There is no - in font nullfont!
Missing character: There is no 1 in font nullfont!
Missing character: There is no ) in font nullfont!
! Undefined control sequence.
l.49  	{\LARGE
               \textbf{Taking the
The control sequence at the end of the top line
of your error message was never \def'ed. If you have
misspelled it (e.g., `\hobx'), type `I' and the correct
spelling (e.g., `I\hbox'). Otherwise just continue,
and I'll forget about whatever was undefined.


Overfull \hbox (20.0pt too wide) in paragraph at lines 41--55
[]
 []


Overfull \hbox (22.53458pt too wide) in paragraph at lines 41--55
\OT1/cmr/bx/n/10 Tak-
 []


Overfull \hbox (15.33325pt too wide) in paragraph at lines 41--55
\OT1/cmr/bx/n/10 ing
 []


Overfull \hbox (16.13187pt too wide) in paragraph at lines 41--55
\OT1/cmr/bx/n/10 the
 []


Overfull \hbox (13.11104pt too wide) in paragraph at lines 41--55
\OT1/cmr/bx/n/10 Qt
 []


Overfull \hbox (16.61102pt too wide) in paragraph at lines 41--55
\OT1/cmr/bx/n/10 im-
 []


Overfull \hbox (18.68741pt too wide) in paragraph at lines 41--55
\OT1/cmr/bx/n/10 ple-
 []


Overfull \hbox (25.07626pt too wide) in paragraph at lines 41--55
\OT1/cmr/bx/n/10 men-
 []


Overfull \hbox (13.89574pt too wide) in paragraph at lines 41--55
\OT1/cmr/bx/n/10 ta-
 []


Overfull \hbox (24.34152pt too wide) in paragraph at lines 41--55
\OT1/cmr/bx/n/10 tions
 []


Overfull \hbox (9.26384pt too wide) in paragraph at lines 41--55
\OT1/cmr/bx/n/10 of
 []


Overfull \hbox (16.13187pt too wide) in paragraph at lines 41--55
\OT1/cmr/bx/n/10 the
 []


Overfull \hbox (26.30542pt too wide) in paragraph at lines 41--55
\OT1/cmr/bx/n/10 NCN
 []


Overfull \hbox (18.36794pt too wide) in paragraph at lines 41--55
\OT1/cmr/bx/n/10 and
 []


Overfull \hbox (23.06932pt too wide) in paragraph at lines 41--55
\OT1/cmr/bx/n/10 A3R
 []


Overfull \hbox (20.70824pt too wide) in paragraph at lines 41--55
\OT1/cmr/bx/n/10 pro-
 []


Overfull \hbox (14.05548pt too wide) in paragraph at lines 41--55
\OT1/cmr/bx/n/10 to-
 []


Overfull \hbox (18.59155pt too wide) in paragraph at lines 41--55
\OT1/cmr/bx/n/10 cols
 []


Overfull \hbox (10.1263pt too wide) in paragraph at lines 41--55
\OT1/cmr/bx/n/10 as
 []


Overfull \hbox (5.59023pt too wide) in paragraph at lines 41--55
\OT1/cmr/bx/n/10 a
 []


Overfull \hbox (20.70824pt too wide) in paragraph at lines 41--55
\OT1/cmr/bx/n/10 pro-
 []


Overfull \hbox (14.05548pt too wide) in paragraph at lines 41--55
\OT1/cmr/bx/n/10 to-
 []


Overfull \hbox (25.3957pt too wide) in paragraph at lines 41--55
\OT1/cmr/bx/n/10 type,
 []


Overfull \hbox (24.59705pt too wide) in paragraph at lines 41--55
\OT1/cmr/bx/n/10 anal-
 []


Overfull \hbox (9.58328pt too wide) in paragraph at lines 41--55
\OT1/cmr/bx/n/10 o-
 []


Overfull \hbox (22.42487pt too wide) in paragraph at lines 41--55
\OT1/cmr/bx/n/10 gous
 []


Overfull \hbox (16.61102pt too wide) in paragraph at lines 41--55
\OT1/cmr/bx/n/10 im-
 []


Overfull \hbox (18.68741pt too wide) in paragraph at lines 41--55
\OT1/cmr/bx/n/10 ple-
 []


Overfull \hbox (25.07626pt too wide) in paragraph at lines 41--55
\OT1/cmr/bx/n/10 men-
 []


Overfull \hbox (13.89574pt too wide) in paragraph at lines 41--55
\OT1/cmr/bx/n/10 ta-
 []


Overfull \hbox (24.34152pt too wide) in paragraph at lines 41--55
\OT1/cmr/bx/n/10 tions
 []


Overfull \hbox (20.92348pt too wide) in paragraph at lines 41--55
\OT1/cmr/bx/n/10 may
 []


Overfull \hbox (11.97911pt too wide) in paragraph at lines 41--55
\OT1/cmr/bx/n/10 be
 []


Overfull \hbox (23.63876pt too wide) in paragraph at lines 41--55
\OT1/cmr/bx/n/10 built
 []


Overfull \hbox (18.63184pt too wide) in paragraph at lines 41--55
\OT1/cmr/bx/n/10 tar-
 []


Overfull \hbox (19.3263pt too wide) in paragraph at lines 41--55
\OT1/cmr/bx/n/10 get-
 []


Overfull \hbox (15.33325pt too wide) in paragraph at lines 41--55
\OT1/cmr/bx/n/10 ing
 []


Overfull \hbox (26.61794pt too wide) in paragraph at lines 41--55
\OT1/cmr/bx/n/10 other
 []


Overfull \hbox (22.68044pt too wide) in paragraph at lines 41--55
\OT1/cmr/bx/n/10 pop-
 []


Overfull \hbox (10.22217pt too wide) in paragraph at lines 41--55
\OT1/cmr/bx/n/10 u-
 []


Overfull \hbox (13.52075pt too wide) in paragraph at lines 41--55
\OT1/cmr/bx/n/10 lar
 []


Overfull \hbox (45.36919pt too wide) in paragraph at lines 41--55
\OT1/cmr/bx/n/10 software-
 []


Overfull \hbox (63.40941pt too wide) in paragraph at lines 41--55
\OT1/cmr/bx/n/10 development
 []


Overfull \hbox (23.47902pt too wide) in paragraph at lines 41--55
\OT1/cmr/bx/n/10 plat-
 []


Overfull \hbox (28.1193pt too wide) in paragraph at lines 41--55
\OT1/cmr/bx/n/10 forms
 []


Overfull \hbox (19.5499pt too wide) in paragraph at lines 41--55
\OT1/cmr/bx/n/10 (see
 []


Overfull \hbox (22.20128pt too wide) in paragraph at lines 41--55
\OT1/cmr/bx/n/10 next
 []


Overfull \hbox (22.5846pt too wide) in paragraph at lines 41--55
\OT1/cmr/bx/n/10 slide
 []


Overfull \hbox (13.99994pt too wide) in paragraph at lines 41--55
\OT1/cmr/bx/n/10 for
 []


Overfull \hbox (5.59023pt too wide) in paragraph at lines 41--55
\OT1/cmr/bx/n/10 a
 []


Overfull \hbox (25.34016pt too wide) in paragraph at lines 41--55
\OT1/cmr/bx/n/10 more
 []


Overfull \hbox (15.49298pt too wide) in paragraph at lines 41--55
\OT1/cmr/bx/n/10 de-
 []


Overfull \hbox (28.11095pt too wide) in paragraph at lines 41--55
\OT1/cmr/bx/n/10 tailed
 []


Overfull \hbox (20.44434pt too wide) in paragraph at lines 41--55
\OT1/cmr/bx/n/10 out-
 []


Overfull \hbox (25.71515pt too wide) in paragraph at lines 41--55
\OT1/cmr/bx/n/10 line). 
 []


! LaTeX Error: Missing \begin{document}.

See the LaTeX manual or LaTeX Companion for explanation.
Type  H <return>  for immediate help.
 ...                                              
                                                  
l.55 ...lide for a more detailed outline).}}\par};
                                                  
You're in trouble here.  Try typing  <return>  to proceed.
If that doesn't work, type  X <return>  to quit.

Missing character: There is no ; in font nullfont!

Overfull \hbox (20.0pt too wide) in paragraph at lines 55--56
[] 
 []

! Undefined control sequence.
l.58  \node
            [anchor=west,inner sep=15, text width=16cm,
The control sequence at the end of the top line
of your error message was never \def'ed. If you have
misspelled it (e.g., `\hobx'), type `I' and the correct
spelling (e.g., `I\hbox'). Otherwise just continue,
and I'll forget about whatever was undefined.


! LaTeX Error: Missing \begin{document}.

See the LaTeX manual or LaTeX Companion for explanation.
Type  H <return>  for immediate help.
 ...                                              
                                                  
l.58  \node [
             anchor=west,inner sep=15, text width=16cm,
You're in trouble here.  Try typing  <return>  to proceed.
If that doesn't work, type  X <return>  to quit.

Missing character: There is no [ in font nullfont!
Missing character: There is no a in font nullfont!
Missing character: There is no n in font nullfont!
Missing character: There is no c in font nullfont!
Missing character: There is no h in font nullfont!
Missing character: There is no o in font nullfont!
Missing character: There is no r in font nullfont!
Missing character: There is no = in font nullfont!
Missing character: There is no w in font nullfont!
Missing character: There is no e in font nullfont!
Missing character: There is no s in font nullfont!
Missing character: There is no t in font nullfont!
Missing character: There is no , in font nullfont!
Missing character: There is no i in font nullfont!
Missing character: There is no n in font nullfont!
Missing character: There is no n in font nullfont!
Missing character: There is no e in font nullfont!
Missing character: There is no r in font nullfont!
Missing character: There is no s in font nullfont!
Missing character: There is no e in font nullfont!
Missing character: There is no p in font nullfont!
Missing character: There is no = in font nullfont!
Missing character: There is no 1 in font nullfont!
Missing character: There is no 5 in font nullfont!
Missing character: There is no , in font nullfont!
Missing character: There is no t in font nullfont!
Missing character: There is no e in font nullfont!
Missing character: There is no x in font nullfont!
Missing character: There is no t in font nullfont!
Missing character: There is no w in font nullfont!
Missing character: There is no i in font nullfont!
Missing character: There is no d in font nullfont!
Missing character: There is no t in font nullfont!
Missing character: There is no h in font nullfont!
Missing character: There is no = in font nullfont!
Missing character: There is no 1 in font nullfont!
Missing character: There is no 6 in font nullfont!
Missing character: There is no c in font nullfont!
Missing character: There is no m in font nullfont!
Missing character: There is no , in font nullfont!
Missing character: There is no d in font nullfont!
Missing character: There is no r in font nullfont!
Missing character: There is no a in font nullfont!
Missing character: There is no w in font nullfont!
Missing character: There is no = in font nullfont!
Missing character: There is no b in font nullfont!
Missing character: There is no l in font nullfont!
Missing character: There is no u in font nullfont!
Missing character: There is no e in font nullfont!
Missing character: There is no ! in font nullfont!
Missing character: There is no 2 in font nullfont!
Missing character: There is no 0 in font nullfont!
Missing character: There is no ! in font nullfont!
Missing character: There is no b in font nullfont!
Missing character: There is no l in font nullfont!
Missing character: There is no a in font nullfont!
Missing character: There is no c in font nullfont!
Missing character: There is no k in font nullfont!
Missing character: There is no , in font nullfont!
Missing character: There is no t in font nullfont!
Missing character: There is no o in font nullfont!
Missing character: There is no p in font nullfont!
Missing character: There is no c in font nullfont!
Missing character: There is no o in font nullfont!
Missing character: There is no l in font nullfont!
Missing character: There is no o in font nullfont!
Missing character: There is no r in font nullfont!
Missing character: There is no = in font nullfont!
Missing character: There is no w in font nullfont!
Missing character: There is no h in font nullfont!
Missing character: There is no i in font nullfont!
Missing character: There is no t in font nullfont!
Missing character: There is no e in font nullfont!
Missing character: There is no , in font nullfont!
Missing character: There is no t in font nullfont!
Missing character: There is no e in font nullfont!
Missing character: There is no x in font nullfont!
Missing character: There is no t in font nullfont!
Missing character: There is no = in font nullfont!
Missing character: There is no b in font nullfont!
Missing character: There is no l in font nullfont!
Missing character: There is no a in font nullfont!
Missing character: There is no c in font nullfont!
Missing character: There is no k in font nullfont!
Missing character: There is no , in font nullfont!
Missing character: There is no b in font nullfont!
Missing character: There is no o in font nullfont!
Missing character: There is no t in font nullfont!
Missing character: There is no t in font nullfont!
Missing character: There is no o in font nullfont!
Missing character: There is no m in font nullfont!
Missing character: There is no c in font nullfont!
Missing character: There is no o in font nullfont!
Missing character: There is no l in font nullfont!
Missing character: There is no o in font nullfont!
Missing character: There is no r in font nullfont!
Missing character: There is no = in font nullfont!
Missing character: There is no b in font nullfont!
Missing character: There is no l in font nullfont!
Missing character: There is no u in font nullfont!
Missing character: There is no e in font nullfont!
Missing character: There is no ! in font nullfont!
Missing character: There is no 4 in font nullfont!
Missing character: There is no 0 in font nullfont!
Missing character: There is no , in font nullfont!
Missing character: There is no r in font nullfont!
Missing character: There is no o in font nullfont!
Missing character: There is no u in font nullfont!
Missing character: There is no n in font nullfont!
Missing character: There is no d in font nullfont!
Missing character: There is no e in font nullfont!
Missing character: There is no d in font nullfont!
Missing character: There is no c in font nullfont!
Missing character: There is no o in font nullfont!
Missing character: There is no r in font nullfont!
Missing character: There is no n in font nullfont!
Missing character: There is no e in font nullfont!
Missing character: There is no r in font nullfont!
Missing character: There is no s in font nullfont!
Missing character: There is no = in font nullfont!
Missing character: There is no 6 in font nullfont!
Missing character: There is no p in font nullfont!
Missing character: There is no t in font nullfont!
Missing character: There is no ] in font nullfont!
Missing character: There is no ( in font nullfont!
Missing character: There is no l in font nullfont!
Missing character: There is no o in font nullfont!
Missing character: There is no n in font nullfont!
Missing character: There is no g in font nullfont!
Missing character: There is no n in font nullfont!
Missing character: There is no o in font nullfont!
Missing character: There is no t in font nullfont!
Missing character: There is no e in font nullfont!
Missing character: There is no ) in font nullfont!
Missing character: There is no a in font nullfont!
Missing character: There is no t in font nullfont!
Missing character: There is no ( in font nullfont!
Missing character: There is no 0 in font nullfont!
Missing character: There is no , in font nullfont!
Missing character: There is no - in font nullfont!
Missing character: There is no 7 in font nullfont!
Missing character: There is no ) in font nullfont!
! Undefined control sequence.
l.66  	{\LARGE
               \textbf{This breakdown of
The control sequence at the end of the top line
of your error message was never \def'ed. If you have
misspelled it (e.g., `\hobx'), type `I' and the correct
spelling (e.g., `I\hbox'). Otherwise just continue,
and I'll forget about whatever was undefined.


Overfull \hbox (20.0pt too wide) in paragraph at lines 58--70
[]
 []


Overfull \hbox (22.11931pt too wide) in paragraph at lines 58--70
\OT1/cmr/bx/n/10 This
 []


Overfull \hbox (31.88872pt too wide) in paragraph at lines 58--70
\OT1/cmr/bx/n/10 break-
 []


Overfull \hbox (26.51375pt too wide) in paragraph at lines 58--70
\OT1/cmr/bx/n/10 down
 []


Overfull \hbox (9.26384pt too wide) in paragraph at lines 58--70
\OT1/cmr/bx/n/10 of
 []


Overfull \hbox (16.13187pt too wide) in paragraph at lines 58--70
\OT1/cmr/bx/n/10 the
 []


Overfull \hbox (25.02072pt too wide) in paragraph at lines 58--70
\OT1/cmr/bx/n/10 over-
 []


Overfull \hbox (11.97908pt too wide) in paragraph at lines 58--70
\OT1/cmr/bx/n/10 all
 []


Overfull \hbox (26.09846pt too wide) in paragraph at lines 58--70
\OT1/cmr/bx/n/10 desk-
 []


Overfull \hbox (16.61102pt too wide) in paragraph at lines 58--70
\OT1/cmr/bx/n/10 top
 []


Overfull \hbox (59.09686pt too wide) in paragraph at lines 58--70
\OT1/cmr/bx/n/10 application-
 []


Overfull \hbox (63.40941pt too wide) in paragraph at lines 58--70
\OT1/cmr/bx/n/10 development
 []


Overfull \hbox (23.74292pt too wide) in paragraph at lines 58--70
\OT1/cmr/bx/n/10 mar-
 []


Overfull \hbox (15.49298pt too wide) in paragraph at lines 58--70
\OT1/cmr/bx/n/10 ket
 []


Overfull \hbox (13.4166pt too wide) in paragraph at lines 58--70
\OT1/cmr/bx/n/10 in-
 []


Overfull \hbox (13.4166pt too wide) in paragraph at lines 58--70
\OT1/cmr/bx/n/10 di-
 []


Overfull \hbox (24.9804pt too wide) in paragraph at lines 58--70
\OT1/cmr/bx/n/10 cates
 []


Overfull \hbox (16.13187pt too wide) in paragraph at lines 58--70
\OT1/cmr/bx/n/10 the
 []


Overfull \hbox (17.03465pt too wide) in paragraph at lines 58--70
\OT1/cmr/bx/n/10 rel-
 []


Overfull \hbox (9.42354pt too wide) in paragraph at lines 58--70
\OT1/cmr/bx/n/10 a-
 []


Overfull \hbox (18.68741pt too wide) in paragraph at lines 58--70
\OT1/cmr/bx/n/10 tive
 []


Overfull \hbox (23.74292pt too wide) in paragraph at lines 58--70
\OT1/cmr/bx/n/10 mar-
 []


Overfull \hbox (15.49298pt too wide) in paragraph at lines 58--70
\OT1/cmr/bx/n/10 ket
 []


Overfull \hbox (26.52206pt too wide) in paragraph at lines 58--70
\OT1/cmr/bx/n/10 share
 []


Overfull \hbox (9.26384pt too wide) in paragraph at lines 58--70
\OT1/cmr/bx/n/10 of
 []


Overfull \hbox (16.93047pt too wide) in paragraph at lines 58--70
\OT1/cmr/bx/n/10 dif-
 []


Overfull \hbox (17.3541pt too wide) in paragraph at lines 58--70
\OT1/cmr/bx/n/10 fer-
 []


Overfull \hbox (15.81242pt too wide) in paragraph at lines 58--70
\OT1/cmr/bx/n/10 ent
 []


Overfull \hbox (23.47902pt too wide) in paragraph at lines 58--70
\OT1/cmr/bx/n/10 plat-
 []


Overfull \hbox (28.1193pt too wide) in paragraph at lines 58--70
\OT1/cmr/bx/n/10 forms
 []


Overfull \hbox (35.52197pt too wide) in paragraph at lines 58--70
\OT1/cmr/bx/n/10 against
 []


Overfull \hbox (29.06929pt too wide) in paragraph at lines 58--70
\OT1/cmr/bx/n/10 which
 []


Overfull \hbox (16.13187pt too wide) in paragraph at lines 58--70
\OT1/cmr/bx/n/10 the
 []


Overfull \hbox (23.44432pt too wide) in paragraph at lines 58--70
\OT1/cmr/bx/n/10 NA3
 []


Overfull \hbox (20.70824pt too wide) in paragraph at lines 58--70
\OT1/cmr/bx/n/10 pro-
 []


Overfull \hbox (14.05548pt too wide) in paragraph at lines 58--70
\OT1/cmr/bx/n/10 to-
 []


Overfull \hbox (18.59155pt too wide) in paragraph at lines 58--70
\OT1/cmr/bx/n/10 cols
 []


Overfull \hbox (20.92348pt too wide) in paragraph at lines 58--70
\OT1/cmr/bx/n/10 may
 []


Overfull \hbox (11.97911pt too wide) in paragraph at lines 58--70
\OT1/cmr/bx/n/10 be
 []


Overfull \hbox (16.61102pt too wide) in paragraph at lines 58--70
\OT1/cmr/bx/n/10 im-
 []


Overfull \hbox (18.68741pt too wide) in paragraph at lines 58--70
\OT1/cmr/bx/n/10 ple-
 []


Overfull \hbox (40.2498pt too wide) in paragraph at lines 58--70
\OT1/cmr/bx/n/10 mented. 
 []


! LaTeX Error: Missing \begin{document}.

See the LaTeX manual or LaTeX Companion for explanation.
Type  H <return>  for immediate help.
 ...                                              
                                                  
l.70 the NA3 protocols may be implemented.}}\par};
                                                  
You're in trouble here.  Try typing  <return>  to proceed.
If that doesn't work, type  X <return>  to quit.

Missing character: There is no ; in font nullfont!

Overfull \hbox (20.0pt too wide) in paragraph at lines 70--71
[] 
 []


! LaTeX Error: \begin{frame} on input line 3 ended by \end{tikzpicture}.

See the LaTeX manual or LaTeX Companion for explanation.
Type  H <return>  for immediate help.
 ...                                              
                                                  
l.72 \end{tikzpicture}
                      
Your command was ignored.
Type  I <command> <return>  to replace it with another command,
or  <return>  to continue without it.

)
! Emergency stop.
<*> slide4b.tex
               
*** (job aborted, no legal \end found)

 
Here is how much of TeX's memory you used:
 13 strings out of 492649
 197 string characters out of 6122986
 59400 words of memory out of 5000000
 3993 multiletter control sequences out of 15000+600000
 3948 words of font info for 15 fonts, out of 8000000 for 9000
 1141 hyphenation exceptions out of 8191
 18i,4n,14p,84b,129s stack positions out of 5000i,500n,10000p,200000b,80000s
!  ==> Fatal error occurred, no output PDF file produced!
