\BOOKMARK [1][]{Outline1}{ScreenShots}{}% 1
\BOOKMARK [2][]{Outline1.1}{Intro}{Outline1}% 2
\BOOKMARK [2][]{Outline1.2}{Dataset Applications}{Outline1}% 3
\BOOKMARK [2][]{Outline1.3}{Group 1: Intro}{Outline1}% 4
\BOOKMARK [2][]{Outline1.4}{Group 1: Initial Application Window}{Outline1}% 5
\BOOKMARK [2][]{Outline1.5}{Group 1: Interacting with the Main Window}{Outline1}% 6
\BOOKMARK [2][]{Outline1.6}{Group 1: Coordinated Data Visualization}{Outline1}% 7
\BOOKMARK [2][]{Outline1.7}{Group 1: Interacting with the Visuals}{Outline1}% 8
\BOOKMARK [2][]{Outline1.8}{Group 1: Obtaining Information About Parameters}{Outline1}% 9
\BOOKMARK [2][]{Outline1.9}{Group 1: Embedding XPDF}{Outline1}% 10
\BOOKMARK [2][]{Outline1.10}{Group 1: Configuring the Data Set Application}{Outline1}% 11
\BOOKMARK [2][]{Outline1.11}{Group 1: Testing the Data Set Application}{Outline1}% 12
\BOOKMARK [2][]{Outline1.12}{Group 2: Creating a Data Set from a Book}{Outline1}% 13
\BOOKMARK [2][]{Outline1.13}{Group 2: Interacting with Data Samples}{Outline1}% 14
\BOOKMARK [2][]{Outline1.14}{Group 2: Linking Back to the Book}{Outline1}% 15
\BOOKMARK [2][]{Outline1.15}{Group 2: Building Parsing Models}{Outline1}% 16
\BOOKMARK [2][]{Outline1.16}{Group 2: Using Dock Widgets For Flexible Layout}{Outline1}% 17
\BOOKMARK [2][]{Outline1.17}{Group 2: Link and Dependency Grammar Annotations}{Outline1}% 18
\BOOKMARK [1][]{Outline2}{Publishing}{}% 19
\BOOKMARK [2][]{Outline2.18}{Components}{Outline2}% 20
\BOOKMARK [2][]{Outline2.19}{Publishing Slide 1}{Outline2}% 21
\BOOKMARK [2][]{Outline2.20}{Publishing Slide 2}{Outline2}% 22
\BOOKMARK [2][]{Outline2.21}{Publishing Slide 3}{Outline2}% 23
\BOOKMARK [2][]{Outline2.22}{Publishing Slide 4}{Outline2}% 24
\BOOKMARK [1][]{Outline3}{Mosaic}{}% 25
\BOOKMARK [2][]{Outline3.23}{Mosaic}{Outline3}% 26
\BOOKMARK [2][]{Outline3.24}{Semantic Web}{Outline3}% 27
\BOOKMARK [2][]{Outline3.25}{Mosaic \205 Intro}{Outline3}% 28
\BOOKMARK [2][]{Outline3.26}{MPF \205 Interop}{Outline3}% 29
\BOOKMARK [2][]{Outline3.27}{MPF \205 Common Functionality}{Outline3}% 30
\BOOKMARK [2][]{Outline3.28}{MPF \205 Request}{Outline3}% 31
\BOOKMARK [2][]{Outline3.29}{MPF \205 Tracking}{Outline3}% 32
\BOOKMARK [2][]{Outline3.30}{Mosaic \205 Reloading}{Outline3}% 33
\BOOKMARK [1][]{Outline4}{Thanks}{}% 34
\BOOKMARK [2][]{Outline4.31}{Thanks}{Outline4}% 35
