\BOOKMARK [1][-]{section.1}{Executive Summary}{}% 1
\BOOKMARK [0][-]{part.1}{I: The Covid-19 Repository}{}% 2
\BOOKMARK [1][-]{section.2}{Introduction}{part.1}% 3
\BOOKMARK [1][-]{section.3}{The Cross-Disciplinary Repository for Covid-19 Research}{part.1}% 4
\BOOKMARK [1][-]{section.4}{Methodology for Covid-19 Data Integration}{part.1}% 5
\BOOKMARK [1][-]{section.5}{Hypergraph Data Models and Multi-Application Networks}{part.1}% 6
\BOOKMARK [1][-]{section.6}{A New Paradigm for Data Sharing and Data Transparency}{part.1}% 7
\BOOKMARK [1][-]{section.7}{Supporting Data Micro-Citations to Improve Machine Readability}{part.1}% 8
\BOOKMARK [1][-]{section.8}{Code Libraries and Data Sets for Analytic Methodology}{part.1}% 9
\BOOKMARK [1][-]{section.9}{Adding Patient Narratives to Covid-19 Data}{part.1}% 10
\BOOKMARK [0][-]{part.2}{II: Computational Notebooks and the MOSAIC Data-Set Explorer}{}% 11
\BOOKMARK [1][-]{section.10}{Data Sets and Data Publishing: bridging the gap}{part.2}% 12
\BOOKMARK [1][-]{section.11}{The Structure of MdsX Notebooks}{part.2}% 13
\BOOKMARK [1][-]{section.12}{Image Analysis and Data Visualization}{part.2}% 14
\BOOKMARK [1][-]{section.13}{MdsX Meta-Procedure Controllers}{part.2}% 15
\BOOKMARK [1][-]{section.14}{MdsX Data Controllers: Viewing Data Files in MdsX}{part.2}% 16
\BOOKMARK [0][-]{part.3}{III: Hypergraph Models for Database Engineering and Multi-Application Networking}{}% 17
\BOOKMARK [1][-]{section.15}{Hypergraph Multi-Application Configuration Language}{part.3}% 18
\BOOKMARK [1][-]{section.16}{Native/Desktop Application Development with THQL}{part.3}% 19
\BOOKMARK [1][-]{section.17}{Hypergraph Ontologies}{part.3}% 20
\BOOKMARK [1][-]{section.18}{Dataset Creator and the Annotation Exchange Format}{part.3}% 21
\BOOKMARK [2][-]{subsection.18.1}{AXF and AXF Documents}{section.18}% 22
\BOOKMARK [2][-]{subsection.18.2}{Dataset Creator}{section.18}% 23
\BOOKMARK [2][-]{subsection.18.3}{The Hypergraph Text Encoding Protocol \(HTXN\)}{section.18}% 24
\BOOKMARK [0][-]{part.4}{IV: Case-Studies in Biomedical Data Integration}{}% 25
\BOOKMARK [1][-]{section.19}{Integrating Clinical Outcomes with Radiological Data}{part.4}% 26
\BOOKMARK [1][-]{section.20}{Image Analysis and GIS Imaging in Vaccine and Immunology Research}{part.4}% 27
\BOOKMARK [2][-]{subsection.20.1}{A Pure-C++ Library for Cytometry}{section.20}% 28
\BOOKMARK [2][-]{subsection.20.2}{Vaccine Data and Geographic Information Systems}{section.20}% 29
