\BOOKMARK [1][-]{Doc-Start}{Hypergraph-Based Type Theory ...}{}% 1
\BOOKMARK [1][-]{section.1}{Gatekeeper Code}{}% 2
\BOOKMARK [2][-]{section*.2}{Gatekeeper Code and Fragile Code}{section.1}% 3
\BOOKMARK [2][-]{section*.3}{Proactive Design}{section.1}% 4
\BOOKMARK [2][-]{section*.4}{Core Language vs. External Tools}{section.1}% 5
\BOOKMARK [1][-]{section.2}{Directed Hypergraphs and Generalized Lambda Calculus}{}% 6
\BOOKMARK [2][-]{section*.6}{Generalized Lambda Calculus}{section.2}% 7
\BOOKMARK [2][-]{section*.7}{Directed Hypergraphs and 'Channel Abstractions'}{section.2}% 8
\BOOKMARK [2][-]{section*.11}{Channelized Hypergraphs and RDF}{section.2}% 9
\BOOKMARK [2][-]{section*.16}{Procedural Input/Output Protocols via Type Theory}{section.2}% 10
\BOOKMARK [3][-]{subsubsection.2.4.1}{Kinds of Abstraction}{section*.16}% 11
\BOOKMARK [3][-]{subsubsection.2.4.2}{Channelized Type Systems}{section*.16}% 12
\BOOKMARK [1][-]{section.3}{Modeling Procedures via Channelized Hypergraphs}{}% 13
\BOOKMARK [2][-]{section*.18}{Initializing Function-Typed Values}{section.3}% 14
\BOOKMARK [2][-]{section*.20}{Addressability and Implementation}{section.3}% 15
\BOOKMARK [2][-]{section*.21}{Described Types and Actual Types}{section.3}% 16
\BOOKMARK [2][-]{section*.22}{Range-Bounded Types, Value Constructors, and Addressability}{section.3}% 17
\BOOKMARK [2][-]{subsection.3.5}{ push0 g 0 Gpop logoCyan!50push0 g 0 Gpoptowidthheightdepth=0.3=\transparent@usepush0 g 0 Gpop=1=\transparent@useDependent Types and Typestate logoBlue!80push0 g 0 Gpoptowidthheightdepth }{section.3}% 18
\BOOKMARK [1][-]{section.4}{Channels and Carriers}{}% 19
\BOOKMARK [2][-]{section*.24}{Carrier Transfers}{section.4}% 20
\BOOKMARK [2][-]{section*.26}{Channel Groups and Code Graphs}{section.4}% 21
\BOOKMARK [2][-]{section*.27}{Channels for Dependent Types and Larger-Scale Code Structures}{section.4}% 22
\BOOKMARK [3][-]{subsubsection.4.3.1}{Channelized-Type Interpretations of Larger-Scale Source Code Elements}{section*.27}% 23
\BOOKMARK [3][-]{subsubsection.4.3.2}{Statements, Blocks, and Control Flow}{section*.27}% 24
\BOOKMARK [3][-]{subsubsection.4.3.3}{Code Blocks as Typed Values}{section*.27}% 25
\BOOKMARK [1][-]{section.5}{Conclusion}{}% 26
\BOOKMARK [1][-]{section*.31}{References}{}% 27
