\BOOKMARK [0][-]{part.1}{I }{}% 1
\BOOKMARK [1][-]{section.1}{Conceptual Role Semantics and Externalism}{part.1}% 2
\BOOKMARK [2][-]{subsection.1.1}{ push0 g 0 Gpop logoCyan!50push0 g 0 Gpoptowidthheightdepth=0.3=\transparent@usepush0 g 0 Gpop=1=\transparent@use logoBlue!80push0 g 0 Gpoptowidthheightdepth }{section.1}% 3
\BOOKMARK [2][-]{subsection.1.2}{ push0 g 0 Gpop logoCyan!50push0 g 0 Gpoptowidthheightdepth=0.3=\transparent@usepush0 g 0 Gpop=1=\transparent@use logoBlue!80push0 g 0 Gpoptowidthheightdepth }{section.1}% 4
\BOOKMARK [1][-]{section.2}{Conceptual Space Theory and the Interface Theory of Meaning}{part.1}% 5
\BOOKMARK [2][-]{subsection.2.1}{ push0 g 0 Gpop logoCyan!50push0 g 0 Gpoptowidthheightdepth=0.3=\transparent@usepush0 g 0 Gpop=1=\transparent@use logoBlue!80push0 g 0 Gpoptowidthheightdepth }{section.2}% 6
\BOOKMARK [2][-]{subsection.2.2}{ push0 g 0 Gpop logoCyan!50push0 g 0 Gpoptowidthheightdepth=0.3\transparent@usepush0 g 0 Gpop=1\transparent@useThe Chinese Room Revisited logoBlue!80push0 g 0 Gpoptowidthheightdepth }{section.2}% 7
\BOOKMARK [2][-]{subsection.2.3}{ push0 g 0 Gpop logoCyan!50push0 g 0 Gpoptowidthheightdepth=0.3\transparent@usepush0 g 0 Gpop=1\transparent@use logoBlue!80push0 g 0 Gpoptowidthheightdepth }{section.2}% 8
\BOOKMARK [0][-]{part.2}{II }{}% 9
\BOOKMARK [1][-]{section.3}{Cognitive and Computational Process}{part.2}% 10
\BOOKMARK [2][-]{subsection.3.1}{ push0 g 0 Gpop logoCyan!50push0 g 0 Gpoptowidthheightdepth=0.3\transparent@usepush0 g 0 Gpop=1\transparent@use logoBlue!80push0 g 0 Gpoptowidthheightdepth }{section.3}% 11
\BOOKMARK [1][-]{section.4}{Procedures and Integration}{part.2}% 12
\BOOKMARK [2][-]{subsection.4.1}{ push0 g 0 Gpop logoCyan!50push0 g 0 Gpoptowidthheightdepth=0.3\transparent@usepush0 g 0 Gpop=1\transparent@use logoBlue!80push0 g 0 Gpoptowidthheightdepth }{section.4}% 13
\BOOKMARK [2][-]{subsection.4.2}{ push0 g 0 Gpop logoCyan!50push0 g 0 Gpoptowidthheightdepth=0.3\transparent@usepush0 g 0 Gpop=1\transparent@usePhenomnology and the Semantic Web logoBlue!80push0 g 0 Gpoptowidthheightdepth }{section.4}% 14
\BOOKMARK [2][-]{subsection.4.3}{ push0 g 0 Gpop logoCyan!50push0 g 0 Gpoptowidthheightdepth=0.3\transparent@usepush0 g 0 Gpop=1\transparent@use logoBlue!80push0 g 0 Gpoptowidthheightdepth }{section.4}% 15
\BOOKMARK [1][-]{section.5}{Procedural Networks and Link Grammar}{part.2}% 16
\BOOKMARK [2][-]{subsection.5.1}{ push0 g 0 Gpop logoCyan!50push0 g 0 Gpoptowidthheightdepth=0.3\transparent@usepush0 g 0 Gpop=1\transparent@use logoBlue!80push0 g 0 Gpoptowidthheightdepth }{section.5}% 17
\BOOKMARK [1][-]{section.6}{Channel-Algebraic Grammar}{part.2}% 18
\BOOKMARK [2][-]{subsection.6.1}{ push0 g 0 Gpop logoCyan!50push0 g 0 Gpoptowidthheightdepth=0.3\transparent@usepush0 g 0 Gpop=1\transparent@use logoBlue!80push0 g 0 Gpoptowidthheightdepth }{section.6}% 19
\BOOKMARK [2][-]{subsection.6.2}{ push0 g 0 Gpop logoCyan!50push0 g 0 Gpoptowidthheightdepth=0.3\transparent@usepush0 g 0 Gpop=1\transparent@useChannels and Carriers logoBlue!80push0 g 0 Gpoptowidthheightdepth }{section.6}% 20
\BOOKMARK [2][-]{subsection.6.3}{ push0 g 0 Gpop logoCyan!50push0 g 0 Gpoptowidthheightdepth=0.3\transparent@usepush0 g 0 Gpop=1\transparent@useChannels and Constructors logoBlue!80push0 g 0 Gpoptowidthheightdepth }{section.6}% 21
\BOOKMARK [2][-]{subsection.6.4}{ push0 g 0 Gpop logoCyan!50push0 g 0 Gpoptowidthheightdepth=0.3\transparent@usepush0 g 0 Gpop=1\transparent@use logoBlue!80push0 g 0 Gpoptowidthheightdepth }{section.6}% 22
\BOOKMARK [1][-]{section.7}{Link Grammar and Type Theoretic Semantics}{part.2}% 23
\BOOKMARK [2][-]{subsection.7.1}{ push0 g 0 Gpop logoCyan!50push0 g 0 Gpoptowidthheightdepth=0.3\transparent@usepush0 g 0 Gpop=1\transparent@useTypes, Sets, and Concepts logoBlue!80push0 g 0 Gpoptowidthheightdepth }{section.7}% 24
\BOOKMARK [1][-]{section.8}{Conclusion}{part.2}% 25
\BOOKMARK [1][-]{section.8}{References}{part.2}% 26
