\BOOKMARK [1][]{Outline1}{Intro}{}% 1
\BOOKMARK [2][]{Outline1.1}{NA3}{Outline1}% 2
\BOOKMARK [2][]{Outline1.2}{Team}{Outline1}% 3
\BOOKMARK [2][]{Outline1.3}{NCN}{Outline1}% 4
\BOOKMARK [2][]{Outline1.4}{A3R}{Outline1}% 5
\BOOKMARK [2][]{Outline1.5}{Qt}{Outline1}% 6
\BOOKMARK [2][]{Outline1.6}{Business Strategy}{Outline1}% 7
\BOOKMARK [2][]{Outline1.7}{Qt}{Outline1}% 8
\BOOKMARK [2][]{Outline1.8}{Qt Comparability}{Outline1}% 9
\BOOKMARK [2][]{Outline1.9}{Software Development Market}{Outline1}% 10
\BOOKMARK [2][]{Outline1.10}{Potential NA3 Markets}{Outline1}% 11
\BOOKMARK [2][]{Outline1.11}{Examples}{Outline1}% 12
\BOOKMARK [1][]{Outline2}{Research Data Case Studies}{}% 13
\BOOKMARK [2][]{Outline2.12}{Research Slide 1}{Outline2}% 14
\BOOKMARK [2][]{Outline2.13}{Research Slide 2}{Outline2}% 15
\BOOKMARK [2][]{Outline2.14}{Research Slide 3}{Outline2}% 16
\BOOKMARK [2][]{Outline2.15}{Research Slide 4}{Outline2}% 17
\BOOKMARK [2][]{Outline2.16}{Research Slide 5}{Outline2}% 18
\BOOKMARK [1][]{Outline3}{E-Commerce and Real Estate Case Studies}{}% 19
\BOOKMARK [2][]{Outline3.17}{E-Commerce Slide 1}{Outline3}% 20
\BOOKMARK [2][]{Outline3.18}{E-Commerce Slide 2}{Outline3}% 21
\BOOKMARK [2][]{Outline3.19}{E-Commerce Slide 3}{Outline3}% 22
\BOOKMARK [2][]{Outline3.20}{E-Commerce Slide 4}{Outline3}% 23
\BOOKMARK [2][]{Outline3.21}{E-Commerce Slide 5}{Outline3}% 24
\BOOKMARK [2][]{Outline3.22}{E-Commerce Slide 6}{Outline3}% 25
\BOOKMARK [2][]{Outline3.23}{E-Commerce Slide 7}{Outline3}% 26
\BOOKMARK [1][]{Outline4}{Publishing Case Studies}{}% 27
\BOOKMARK [2][]{Outline4.24}{Publishing Slide 1}{Outline4}% 28
\BOOKMARK [2][]{Outline4.25}{Publishing Slide 2}{Outline4}% 29
\BOOKMARK [2][]{Outline4.26}{Publishing Slide 3}{Outline4}% 30
\BOOKMARK [2][]{Outline4.27}{Publishing Slide 4}{Outline4}% 31
\BOOKMARK [1][]{Outline5}{Thanks}{}% 32
\BOOKMARK [2][]{Outline5.28}{Thanks}{Outline5}% 33
